[0.967s] Invoking command in '/home/jo/mobile_test/build/turtlebot3': PYTHONPATH=/home/jo/mobile_test/build/turtlebot3/prefix_override:/usr/lib/python3/dist-packages/colcon_core/task/python/colcon_distutils_commands:/home/jo/mobile_test/install/turtlebot3/lib/python3.10/site-packages:${PYTHONPATH} /usr/bin/python3 -W ignore:setup.py install is deprecated setup.py develop --editable --build-directory /home/jo/mobile_test/build/turtlebot3/build --no-deps symlink_data
[1.084s] /home/jo/.local/lib/python3.10/site-packages/setuptools/_distutils/dist.py:260: UserWarning: Unknown distribution option: 'tests_require'
[1.084s]   warnings.warn(msg)
[1.209s] running develop
[1.209s] /home/jo/.local/lib/python3.10/site-packages/setuptools/command/develop.py:41: EasyInstallDeprecationWarning: easy_install command is deprecated.
[1.209s] !!
[1.209s] 
[1.209s]         ********************************************************************************
[1.209s]         Please avoid running ``setup.py`` and ``easy_install``.
[1.210s]         Instead, use pypa/build, pypa/installer or other
[1.210s]         standards-based tools.
[1.210s] 
[1.210s]         See https://github.com/pypa/setuptools/issues/917 for details.
[1.210s]         ********************************************************************************
[1.210s] 
[1.210s] !!
[1.210s]   easy_install.initialize_options(self)
[1.361s] running egg_info
[1.370s] writing turtlebot3.egg-info/PKG-INFO
[1.371s] writing dependency_links to turtlebot3.egg-info/dependency_links.txt
[1.371s] writing requirements to turtlebot3.egg-info/requires.txt
[1.371s] writing top-level names to turtlebot3.egg-info/top_level.txt
[1.392s] reading manifest file 'turtlebot3.egg-info/SOURCES.txt'
[1.393s] writing manifest file 'turtlebot3.egg-info/SOURCES.txt'
[1.405s] running build_ext
[1.405s] Creating /home/jo/mobile_test/install/turtlebot3/lib/python3.10/site-packages/turtlebot3.egg-link (link to .)
[1.405s] 
[1.405s] Installed /home/jo/mobile_test/build/turtlebot3
[1.406s] running symlink_data
[1.431s] Invoked command in '/home/jo/mobile_test/build/turtlebot3' returned '0': PYTHONPATH=/home/jo/mobile_test/build/turtlebot3/prefix_override:/usr/lib/python3/dist-packages/colcon_core/task/python/colcon_distutils_commands:/home/jo/mobile_test/install/turtlebot3/lib/python3.10/site-packages:${PYTHONPATH} /usr/bin/python3 -W ignore:setup.py install is deprecated setup.py develop --editable --build-directory /home/jo/mobile_test/build/turtlebot3/build --no-deps symlink_data
