[0.879s] Invoking command in '/home/jo/mobile_test/build/mobile_controller': PYTHONPATH=/home/jo/mobile_test/build/mobile_controller/prefix_override:/usr/lib/python3/dist-packages/colcon_core/task/python/colcon_distutils_commands:/home/jo/mobile_test/install/mobile_controller/lib/python3.10/site-packages:${PYTHONPATH} /usr/bin/python3 -W ignore:setup.py install is deprecated setup.py develop --editable --build-directory /home/jo/mobile_test/build/mobile_controller/build --no-deps symlink_data
[0.992s] /home/jo/.local/lib/python3.10/site-packages/setuptools/_distutils/dist.py:260: UserWarning: Unknown distribution option: 'tests_require'
[0.992s]   warnings.warn(msg)
[1.111s] running develop
[1.111s] /home/jo/.local/lib/python3.10/site-packages/setuptools/command/develop.py:41: EasyInstallDeprecationWarning: easy_install command is deprecated.
[1.112s] !!
[1.112s] 
[1.112s]         ********************************************************************************
[1.112s]         Please avoid running ``setup.py`` and ``easy_install``.
[1.112s]         Instead, use pypa/build, pypa/installer or other
[1.112s]         standards-based tools.
[1.112s] 
[1.112s]         See https://github.com/pypa/setuptools/issues/917 for details.
[1.112s]         ********************************************************************************
[1.112s] 
[1.112s] !!
[1.112s]   easy_install.initialize_options(self)
[1.258s] running egg_info
[1.258s] creating mobile_controller.egg-info
[1.268s] writing mobile_controller.egg-info/PKG-INFO
[1.268s] writing dependency_links to mobile_controller.egg-info/dependency_links.txt
[1.268s] writing entry points to mobile_controller.egg-info/entry_points.txt
[1.268s] writing requirements to mobile_controller.egg-info/requires.txt
[1.269s] writing top-level names to mobile_controller.egg-info/top_level.txt
[1.269s] writing manifest file 'mobile_controller.egg-info/SOURCES.txt'
[1.291s] reading manifest file 'mobile_controller.egg-info/SOURCES.txt'
[1.291s] writing manifest file 'mobile_controller.egg-info/SOURCES.txt'
[1.303s] running build_ext
[1.303s] Creating /home/jo/mobile_test/install/mobile_controller/lib/python3.10/site-packages/mobile-controller.egg-link (link to .)
[1.304s] Installing talker script to /home/jo/mobile_test/install/mobile_controller/lib/mobile_controller
[1.304s] 
[1.304s] Installed /home/jo/mobile_test/build/mobile_controller
[1.304s] running symlink_data
[1.304s] creating /home/jo/mobile_test/install/mobile_controller/share/ament_index
[1.304s] creating /home/jo/mobile_test/install/mobile_controller/share/ament_index/resource_index
[1.304s] creating /home/jo/mobile_test/install/mobile_controller/share/ament_index/resource_index/packages
[1.304s] symbolically linking /home/jo/mobile_test/build/mobile_controller/resource/mobile_controller -> /home/jo/mobile_test/install/mobile_controller/share/ament_index/resource_index/packages
[1.304s] symbolically linking /home/jo/mobile_test/build/mobile_controller/package.xml -> /home/jo/mobile_test/install/mobile_controller/share/mobile_controller
[1.471s] Invoked command in '/home/jo/mobile_test/build/mobile_controller' returned '0': PYTHONPATH=/home/jo/mobile_test/build/mobile_controller/prefix_override:/usr/lib/python3/dist-packages/colcon_core/task/python/colcon_distutils_commands:/home/jo/mobile_test/install/mobile_controller/lib/python3.10/site-packages:${PYTHONPATH} /usr/bin/python3 -W ignore:setup.py install is deprecated setup.py develop --editable --build-directory /home/jo/mobile_test/build/mobile_controller/build --no-deps symlink_data
