/home/jo/.local/lib/python3.10/site-packages/setuptools/_distutils/dist.py:260: UserWarning: Unknown distribution option: 'tests_require'
  warnings.warn(msg)
/home/jo/.local/lib/python3.10/site-packages/setuptools/command/develop.py:41: EasyInstallDeprecationWarning: easy_install command is deprecated.
!!

        ********************************************************************************
        Please avoid running ``setup.py`` and ``easy_install``.
        Instead, use pypa/build, pypa/installer or other
        standards-based tools.

        See https://github.com/pypa/setuptools/issues/917 for details.
        ********************************************************************************

!!
  easy_install.initialize_options(self)
running develop
running egg_info
writing turtlebot3.egg-info/PKG-INFO
writing dependency_links to turtlebot3.egg-info/dependency_links.txt
writing requirements to turtlebot3.egg-info/requires.txt
writing top-level names to turtlebot3.egg-info/top_level.txt
reading manifest file 'turtlebot3.egg-info/SOURCES.txt'
writing manifest file 'turtlebot3.egg-info/SOURCES.txt'
running build_ext
Creating /home/jo/mobile_test/install/turtlebot3/lib/python3.10/site-packages/turtlebot3.egg-link (link to .)

Installed /home/jo/mobile_test/build/turtlebot3
running symlink_data
