[0.635s] Invoking command in '/home/jo/mobile_test/build/turtlebot3': PYTHONPATH=/home/jo/mobile_test/build/turtlebot3/prefix_override:/usr/lib/python3/dist-packages/colcon_core/task/python/colcon_distutils_commands:/home/jo/mobile_test/install/turtlebot3/lib/python3.10/site-packages:${PYTHONPATH} /usr/bin/python3 -W ignore:setup.py install is deprecated setup.py develop --editable --build-directory /home/jo/mobile_test/build/turtlebot3/build --no-deps symlink_data
[0.747s] /home/jo/.local/lib/python3.10/site-packages/setuptools/_distutils/dist.py:260: UserWarning: Unknown distribution option: 'tests_require'
[0.747s]   warnings.warn(msg)
[0.867s] running develop
[0.868s] /home/jo/.local/lib/python3.10/site-packages/setuptools/command/develop.py:41: EasyInstallDeprecationWarning: easy_install command is deprecated.
[0.868s] !!
[0.868s] 
[0.868s]         ********************************************************************************
[0.868s]         Please avoid running ``setup.py`` and ``easy_install``.
[0.868s]         Instead, use pypa/build, pypa/installer or other
[0.868s]         standards-based tools.
[0.868s] 
[0.868s]         See https://github.com/pypa/setuptools/issues/917 for details.
[0.868s]         ********************************************************************************
[0.868s] 
[0.868s] !!
[0.868s]   easy_install.initialize_options(self)
[1.025s] running egg_info
[1.036s] writing turtlebot3.egg-info/PKG-INFO
[1.036s] writing dependency_links to turtlebot3.egg-info/dependency_links.txt
[1.037s] writing requirements to turtlebot3.egg-info/requires.txt
[1.037s] writing top-level names to turtlebot3.egg-info/top_level.txt
[1.061s] reading manifest file 'turtlebot3.egg-info/SOURCES.txt'
[1.062s] writing manifest file 'turtlebot3.egg-info/SOURCES.txt'
[1.074s] running build_ext
[1.074s] Creating /home/jo/mobile_test/install/turtlebot3/lib/python3.10/site-packages/turtlebot3.egg-link (link to .)
[1.075s] 
[1.075s] Installed /home/jo/mobile_test/build/turtlebot3
[1.075s] running symlink_data
[1.130s] Invoked command in '/home/jo/mobile_test/build/turtlebot3' returned '0': PYTHONPATH=/home/jo/mobile_test/build/turtlebot3/prefix_override:/usr/lib/python3/dist-packages/colcon_core/task/python/colcon_distutils_commands:/home/jo/mobile_test/install/turtlebot3/lib/python3.10/site-packages:${PYTHONPATH} /usr/bin/python3 -W ignore:setup.py install is deprecated setup.py develop --editable --build-directory /home/jo/mobile_test/build/turtlebot3/build --no-deps symlink_data
