[0.701s] Invoking command in '/home/jo/mobile_test/build/turtlebot3': PYTHONPATH=/home/jo/mobile_test/build/turtlebot3/prefix_override:/usr/lib/python3/dist-packages/colcon_core/task/python/colcon_distutils_commands:/home/jo/mobile_test/install/turtlebot3/lib/python3.10/site-packages:${PYTHONPATH} /usr/bin/python3 -W ignore:setup.py install is deprecated setup.py develop --editable --build-directory /home/jo/mobile_test/build/turtlebot3/build --no-deps symlink_data
[0.808s] /home/jo/.local/lib/python3.10/site-packages/setuptools/_distutils/dist.py:260: UserWarning: Unknown distribution option: 'tests_require'
[0.808s]   warnings.warn(msg)
[0.928s] running develop
[0.928s] /home/jo/.local/lib/python3.10/site-packages/setuptools/command/develop.py:41: EasyInstallDeprecationWarning: easy_install command is deprecated.
[0.928s] !!
[0.928s] 
[0.928s]         ********************************************************************************
[0.928s]         Please avoid running ``setup.py`` and ``easy_install``.
[0.928s]         Instead, use pypa/build, pypa/installer or other
[0.928s]         standards-based tools.
[0.928s] 
[0.928s]         See https://github.com/pypa/setuptools/issues/917 for details.
[0.928s]         ********************************************************************************
[0.928s] 
[0.929s] !!
[0.929s]   easy_install.initialize_options(self)
[1.076s] running egg_info
[1.085s] writing turtlebot3.egg-info/PKG-INFO
[1.086s] writing dependency_links to turtlebot3.egg-info/dependency_links.txt
[1.086s] writing requirements to turtlebot3.egg-info/requires.txt
[1.086s] writing top-level names to turtlebot3.egg-info/top_level.txt
[1.108s] reading manifest file 'turtlebot3.egg-info/SOURCES.txt'
[1.109s] writing manifest file 'turtlebot3.egg-info/SOURCES.txt'
[1.120s] running build_ext
[1.120s] Creating /home/jo/mobile_test/install/turtlebot3/lib/python3.10/site-packages/turtlebot3.egg-link (link to .)
[1.121s] 
[1.121s] Installed /home/jo/mobile_test/build/turtlebot3
[1.121s] running symlink_data
[1.146s] Invoked command in '/home/jo/mobile_test/build/turtlebot3' returned '0': PYTHONPATH=/home/jo/mobile_test/build/turtlebot3/prefix_override:/usr/lib/python3/dist-packages/colcon_core/task/python/colcon_distutils_commands:/home/jo/mobile_test/install/turtlebot3/lib/python3.10/site-packages:${PYTHONPATH} /usr/bin/python3 -W ignore:setup.py install is deprecated setup.py develop --editable --build-directory /home/jo/mobile_test/build/turtlebot3/build --no-deps symlink_data
