[0.980s] Invoking command in '/home/jo/mobile_test/build/cmd_initial': PYTHONPATH=/home/jo/mobile_test/build/cmd_initial/prefix_override:/usr/lib/python3/dist-packages/colcon_core/task/python/colcon_distutils_commands:/home/jo/mobile_test/install/cmd_initial/lib/python3.10/site-packages:${PYTHONPATH} /usr/bin/python3 -W ignore:setup.py install is deprecated setup.py develop --editable --build-directory /home/jo/mobile_test/build/cmd_initial/build --no-deps symlink_data
[1.099s] /home/jo/.local/lib/python3.10/site-packages/setuptools/_distutils/dist.py:260: UserWarning: Unknown distribution option: 'tests_require'
[1.099s]   warnings.warn(msg)
[1.224s] running develop
[1.224s] /home/jo/.local/lib/python3.10/site-packages/setuptools/command/develop.py:41: EasyInstallDeprecationWarning: easy_install command is deprecated.
[1.224s] !!
[1.225s] 
[1.225s]         ********************************************************************************
[1.225s]         Please avoid running ``setup.py`` and ``easy_install``.
[1.225s]         Instead, use pypa/build, pypa/installer or other
[1.225s]         standards-based tools.
[1.225s] 
[1.225s]         See https://github.com/pypa/setuptools/issues/917 for details.
[1.225s]         ********************************************************************************
[1.225s] 
[1.225s] !!
[1.225s]   easy_install.initialize_options(self)
[1.366s] running egg_info
[1.367s] creating cmd_initial.egg-info
[1.377s] writing cmd_initial.egg-info/PKG-INFO
[1.377s] writing dependency_links to cmd_initial.egg-info/dependency_links.txt
[1.377s] writing entry points to cmd_initial.egg-info/entry_points.txt
[1.377s] writing requirements to cmd_initial.egg-info/requires.txt
[1.377s] writing top-level names to cmd_initial.egg-info/top_level.txt
[1.377s] writing manifest file 'cmd_initial.egg-info/SOURCES.txt'
[1.398s] reading manifest file 'cmd_initial.egg-info/SOURCES.txt'
[1.399s] writing manifest file 'cmd_initial.egg-info/SOURCES.txt'
[1.410s] running build_ext
[1.410s] Creating /home/jo/mobile_test/install/cmd_initial/lib/python3.10/site-packages/cmd-initial.egg-link (link to .)
[1.411s] Installing initial_cmd script to /home/jo/mobile_test/install/cmd_initial/lib/cmd_initial
[1.411s] 
[1.411s] Installed /home/jo/mobile_test/build/cmd_initial
[1.411s] running symlink_data
[1.411s] creating /home/jo/mobile_test/install/cmd_initial/share/ament_index
[1.411s] creating /home/jo/mobile_test/install/cmd_initial/share/ament_index/resource_index
[1.411s] creating /home/jo/mobile_test/install/cmd_initial/share/ament_index/resource_index/packages
[1.411s] symbolically linking /home/jo/mobile_test/build/cmd_initial/resource/cmd_initial -> /home/jo/mobile_test/install/cmd_initial/share/ament_index/resource_index/packages
[1.411s] symbolically linking /home/jo/mobile_test/build/cmd_initial/package.xml -> /home/jo/mobile_test/install/cmd_initial/share/cmd_initial
[1.445s] Invoked command in '/home/jo/mobile_test/build/cmd_initial' returned '0': PYTHONPATH=/home/jo/mobile_test/build/cmd_initial/prefix_override:/usr/lib/python3/dist-packages/colcon_core/task/python/colcon_distutils_commands:/home/jo/mobile_test/install/cmd_initial/lib/python3.10/site-packages:${PYTHONPATH} /usr/bin/python3 -W ignore:setup.py install is deprecated setup.py develop --editable --build-directory /home/jo/mobile_test/build/cmd_initial/build --no-deps symlink_data
