[0.027s] Invoking command in '/home/jo/mobile_test/build/custom_interfaces': CMAKE_PREFIX_PATH=${CMAKE_PREFIX_PATH}:/home/jo/mobile_test/install/cmd_initial:/home/jo/mobile_test/install/my_bot:/home/jo/mobile_test/install/turtlebot3:/home/jo/mobile_test/install/mobile_controller:/opt/ros/humble /usr/bin/cmake --build /home/jo/mobile_test/build/custom_interfaces -- -j16 -l16
[0.250s] -- Found ament_cmake: 1.3.10 (/opt/ros/humble/share/ament_cmake/cmake)
[0.251s] -- Override CMake install command with custom implementation using symlinks instead of copying resources
[0.251s] -- Found rosidl_default_generators: 1.2.0 (/opt/ros/humble/share/rosidl_default_generators/cmake)
[0.251s] -- Using all available rosidl_typesupport_c: rosidl_typesupport_fastrtps_c;rosidl_typesupport_introspection_c
[0.251s] -- Found rosidl_adapter: 3.1.5 (/opt/ros/humble/share/rosidl_adapter/cmake)
[0.259s] -- Using all available rosidl_typesupport_cpp: rosidl_typesupport_fastrtps_cpp;rosidl_typesupport_introspection_cpp
[0.288s] -- Found ament_lint_auto: 0.12.11 (/opt/ros/humble/share/ament_lint_auto/cmake)
[0.547s] [31mCMake Error at /opt/ros/humble/share/rosidl_adapter/cmake/rosidl_adapt_interfaces.cmake:59 (message):
[0.548s]   execute_process(/usr/bin/python3 -m rosidl_adapter --package-name
[0.548s]   custom_interfaces --arguments-file
[0.548s]   /home/jo/mobile_test/build/custom_interfaces/rosidl_adapter__arguments__custom_interfaces.json
[0.548s]   --output-dir
[0.549s]   /home/jo/mobile_test/build/custom_interfaces/rosidl_adapter/custom_interfaces
[0.549s]   --output-file
[0.549s]   /home/jo/mobile_test/build/custom_interfaces/rosidl_adapter/custom_interfaces.idls)
[0.549s]   returned error code 1:
[0.550s] 
[0.550s]   Error processing 'stirng robot_id' of 'custom_interfaces/RobotState':
[0.550s]   ''stirng' is an invalid message name.  It should have the pattern
[0.551s]   '^[A-Z][A-Za-z0-9]*$''
[0.551s] 
[0.551s]   Traceback (most recent call last):
[0.551s] 
[0.552s]     File "/usr/lib/python3.10/runpy.py", line 196, in _run_module_as_main
[0.552s]       return _run_code(code, main_globals, None,
[0.552s]     File "/usr/lib/python3.10/runpy.py", line 86, in _run_code
[0.552s]       exec(code, run_globals)
[0.552s]     File "/opt/ros/humble/local/lib/python3.10/dist-packages/rosidl_adapter/__main__.py", line 19, in <module>
[0.553s]       sys.exit(main())
[0.553s]     File "/opt/ros/humble/local/lib/python3.10/dist-packages/rosidl_adapter/main.py", line 53, in main
[0.553s]       abs_idl_file = convert_to_idl(
[0.554s]     File "/opt/ros/humble/local/lib/python3.10/dist-packages/rosidl_adapter/__init__.py", line 19, in convert_to_idl
[0.554s]       return convert_msg_to_idl(
[0.554s]     File "/opt/ros/humble/local/lib/python3.10/dist-packages/rosidl_adapter/msg/__init__.py", line 28, in convert_msg_to_idl
[0.554s]       msg = parse_message_string(package_name, input_file.stem, content)
[0.554s]     File "/opt/ros/humble/local/lib/python3.10/dist-packages/rosidl_adapter/parser.py", line 520, in parse_message_string
[0.554s]       Type(type_string, context_package_name=pkg_name),
[0.554s]     File "/opt/ros/humble/local/lib/python3.10/dist-packages/rosidl_adapter/parser.py", line 277, in __init__
[0.554s]       super(Type, self).__init__(
[0.554s]     File "/opt/ros/humble/local/lib/python3.10/dist-packages/rosidl_adapter/parser.py", line 205, in __init__
[0.554s]       raise InvalidResourceName(
[0.554s] 
[0.555s]   rosidl_adapter.parser.InvalidResourceName: 'stirng' is an invalid message
[0.555s]   name.  It should have the pattern '^[A-Z][A-Za-z0-9]*$'
[0.555s] 
[0.555s] Call Stack (most recent call first):
[0.555s]   /opt/ros/humble/share/rosidl_cmake/cmake/rosidl_generate_interfaces.cmake:130 (rosidl_adapt_interfaces)
[0.555s]   CMakeLists.txt:31 (rosidl_generate_interfaces)
[0.555s] 
[0.555s] [0m
[0.555s] -- Configuring incomplete, errors occurred!
[0.555s] See also "/home/jo/mobile_test/build/custom_interfaces/CMakeFiles/CMakeOutput.log".
[0.555s] gmake: *** [Makefile:747: cmake_check_build_system] Error 1
[0.557s] Invoked command in '/home/jo/mobile_test/build/custom_interfaces' returned '2': CMAKE_PREFIX_PATH=${CMAKE_PREFIX_PATH}:/home/jo/mobile_test/install/cmd_initial:/home/jo/mobile_test/install/my_bot:/home/jo/mobile_test/install/turtlebot3:/home/jo/mobile_test/install/mobile_controller:/opt/ros/humble /usr/bin/cmake --build /home/jo/mobile_test/build/custom_interfaces -- -j16 -l16
