[0.872s] Invoking command in '/home/jo/mobile_test/build/turtlebot3': PYTHONPATH=/home/jo/mobile_test/build/turtlebot3/prefix_override:/usr/lib/python3/dist-packages/colcon_core/task/python/colcon_distutils_commands:/home/jo/mobile_test/install/turtlebot3/lib/python3.10/site-packages:${PYTHONPATH} /usr/bin/python3 -W ignore:setup.py install is deprecated setup.py develop --uninstall --editable --build-directory /home/jo/mobile_test/build/turtlebot3/build
[0.978s] /home/jo/.local/lib/python3.10/site-packages/setuptools/_distutils/dist.py:260: UserWarning: Unknown distribution option: 'tests_require'
[0.978s]   warnings.warn(msg)
[1.085s] running develop
[1.085s] /home/jo/.local/lib/python3.10/site-packages/setuptools/command/develop.py:41: EasyInstallDeprecationWarning: easy_install command is deprecated.
[1.085s] !!
[1.085s] 
[1.085s]         ********************************************************************************
[1.085s]         Please avoid running ``setup.py`` and ``easy_install``.
[1.085s]         Instead, use pypa/build, pypa/installer or other
[1.085s]         standards-based tools.
[1.085s] 
[1.085s]         See https://github.com/pypa/setuptools/issues/917 for details.
[1.085s]         ********************************************************************************
[1.085s] 
[1.086s] !!
[1.086s]   easy_install.initialize_options(self)
[1.233s] Removing /home/jo/mobile_test/install/turtlebot3/lib/python3.10/site-packages/turtlebot3.egg-link (link to .)
[1.260s] Invoked command in '/home/jo/mobile_test/build/turtlebot3' returned '0': PYTHONPATH=/home/jo/mobile_test/build/turtlebot3/prefix_override:/usr/lib/python3/dist-packages/colcon_core/task/python/colcon_distutils_commands:/home/jo/mobile_test/install/turtlebot3/lib/python3.10/site-packages:${PYTHONPATH} /usr/bin/python3 -W ignore:setup.py install is deprecated setup.py develop --uninstall --editable --build-directory /home/jo/mobile_test/build/turtlebot3/build
[1.262s] Invoking command in '/home/jo/mobile_test/src/turtlebot3': PYTHONPATH=/home/jo/mobile_test/build/turtlebot3/prefix_override:/usr/lib/python3/dist-packages/colcon_core/task/python/colcon_distutils_commands:/home/jo/mobile_test/install/turtlebot3/lib/python3.10/site-packages:${PYTHONPATH} /usr/bin/python3 -W ignore:setup.py install is deprecated setup.py egg_info --egg-base ../../build/turtlebot3 build --build-base /home/jo/mobile_test/build/turtlebot3/build install --record /home/jo/mobile_test/build/turtlebot3/install.log --single-version-externally-managed install_data --force
[1.377s] /home/jo/.local/lib/python3.10/site-packages/setuptools/_distutils/dist.py:260: UserWarning: Unknown distribution option: 'tests_require'
[1.377s]   warnings.warn(msg)
[1.455s] running egg_info
[1.466s] writing ../../build/turtlebot3/turtlebot3.egg-info/PKG-INFO
[1.467s] writing dependency_links to ../../build/turtlebot3/turtlebot3.egg-info/dependency_links.txt
[1.467s] writing requirements to ../../build/turtlebot3/turtlebot3.egg-info/requires.txt
[1.467s] writing top-level names to ../../build/turtlebot3/turtlebot3.egg-info/top_level.txt
[1.490s] reading manifest file '../../build/turtlebot3/turtlebot3.egg-info/SOURCES.txt'
[1.490s] adding license file 'LICENSE'
[1.491s] writing manifest file '../../build/turtlebot3/turtlebot3.egg-info/SOURCES.txt'
[1.491s] running build
[1.491s] running build_py
[1.491s] creating /home/jo/mobile_test/build/turtlebot3/build
[1.491s] creating /home/jo/mobile_test/build/turtlebot3/build/lib
[1.491s] creating /home/jo/mobile_test/build/turtlebot3/build/lib/turtlebot3
[1.491s] copying turtlebot3/__init__.py -> /home/jo/mobile_test/build/turtlebot3/build/lib/turtlebot3
[1.492s] running install
[1.495s] running install_lib
[1.506s] creating /home/jo/mobile_test/install/turtlebot3/lib/python3.10/site-packages/turtlebot3
[1.506s] copying /home/jo/mobile_test/build/turtlebot3/build/lib/turtlebot3/__init__.py -> /home/jo/mobile_test/install/turtlebot3/lib/python3.10/site-packages/turtlebot3
[1.506s] byte-compiling /home/jo/mobile_test/install/turtlebot3/lib/python3.10/site-packages/turtlebot3/__init__.py to __init__.cpython-310.pyc
[1.506s] running install_data
[1.506s] copying resource/turtlebot3 -> /home/jo/mobile_test/install/turtlebot3/share/ament_index/resource_index/packages
[1.507s] copying package.xml -> /home/jo/mobile_test/install/turtlebot3/share/turtlebot3
[1.507s] running install_egg_info
[1.519s] Copying ../../build/turtlebot3/turtlebot3.egg-info to /home/jo/mobile_test/install/turtlebot3/lib/python3.10/site-packages/turtlebot3-0.0.0-py3.10.egg-info
[1.519s] running install_scripts
[1.613s] writing list of installed files to '/home/jo/mobile_test/build/turtlebot3/install.log'
[1.648s] Invoked command in '/home/jo/mobile_test/src/turtlebot3' returned '0': PYTHONPATH=/home/jo/mobile_test/build/turtlebot3/prefix_override:/usr/lib/python3/dist-packages/colcon_core/task/python/colcon_distutils_commands:/home/jo/mobile_test/install/turtlebot3/lib/python3.10/site-packages:${PYTHONPATH} /usr/bin/python3 -W ignore:setup.py install is deprecated setup.py egg_info --egg-base ../../build/turtlebot3 build --build-base /home/jo/mobile_test/build/turtlebot3/build install --record /home/jo/mobile_test/build/turtlebot3/install.log --single-version-externally-managed install_data --force
