[0.020s] Invoking command in '/home/jo/mobile_test/build/custom_interfaces': CMAKE_PREFIX_PATH=${CMAKE_PREFIX_PATH}:/home/jo/mobile_test/install/my_bot:/home/jo/mobile_test/install/turtlebot3:/home/jo/mobile_test/install/mobile_controller:/opt/ros/humble /usr/bin/cmake /home/jo/mobile_test/src/custom_interfaces -DAMENT_CMAKE_SYMLINK_INSTALL=1 -DCMAKE_INSTALL_PREFIX=/home/jo/mobile_test/install/custom_interfaces
[0.227s] -- The C compiler identification is GNU 11.4.0
[0.227s] -- The CXX compiler identification is GNU 11.4.0
[0.227s] -- Detecting C compiler ABI info
[0.272s] -- Detecting C compiler ABI info - done
[0.279s] -- Check for working C compiler: /usr/bin/cc - skipped
[0.279s] -- Detecting C compile features
[0.280s] -- Detecting C compile features - done
[0.283s] -- Detecting CXX compiler ABI info
[0.376s] -- Detecting CXX compiler ABI info - done
[0.384s] -- Check for working CXX compiler: /usr/bin/c++ - skipped
[0.384s] -- Detecting CXX compile features
[0.385s] -- Detecting CXX compile features - done
[0.389s] -- Found ament_cmake: 1.3.10 (/opt/ros/humble/share/ament_cmake/cmake)
[0.738s] -- Found Python3: /usr/bin/python3 (found version "3.10.12") found components: Interpreter 
[0.789s] -- Override CMake install command with custom implementation using symlinks instead of copying resources
[0.813s] -- Found rosidl_default_generators: 1.2.0 (/opt/ros/humble/share/rosidl_default_generators/cmake)
[0.815s] -- Using all available rosidl_typesupport_c: rosidl_typesupport_fastrtps_c;rosidl_typesupport_introspection_c
[0.821s] -- Found rosidl_adapter: 3.1.5 (/opt/ros/humble/share/rosidl_adapter/cmake)
[0.851s] -- Using all available rosidl_typesupport_cpp: rosidl_typesupport_fastrtps_cpp;rosidl_typesupport_introspection_cpp
[0.877s] -- Found ament_lint_auto: 0.12.11 (/opt/ros/humble/share/ament_lint_auto/cmake)
[1.066s] -- Found ament_cmake_ros: 0.10.0 (/opt/ros/humble/share/ament_cmake_ros/cmake)
[1.203s] -- Using all available rosidl_typesupport_c: rosidl_typesupport_fastrtps_c;rosidl_typesupport_introspection_c
[1.387s] -- Using all available rosidl_typesupport_cpp: rosidl_typesupport_fastrtps_cpp;rosidl_typesupport_introspection_cpp
[1.406s] -- Found PythonInterp: /usr/bin/python3 (found suitable version "3.10.12", minimum required is "3.6") 
[1.408s] -- Found python_cmake_module: 0.10.0 (/opt/ros/humble/share/python_cmake_module/cmake)
[1.429s] -- Found PythonLibs: /usr/lib/x86_64-linux-gnu/libpython3.10.so (found suitable version "3.10.12", minimum required is "3.5") 
[1.429s] -- Using PYTHON_EXECUTABLE: /usr/bin/python3
[1.430s] -- Using PYTHON_INCLUDE_DIRS: /usr/include/python3.10
[1.430s] -- Using PYTHON_LIBRARIES: /usr/lib/x86_64-linux-gnu/libpython3.10.so
[1.447s] -- Found PythonExtra: .so  
[1.477s] -- Added test 'lint_cmake' to check CMake code style
[1.478s] -- Added test 'xmllint' to check XML markup files
[1.483s] -- Configuring done
[1.504s] -- Generating done
[1.506s] -- Build files have been written to: /home/jo/mobile_test/build/custom_interfaces
[1.513s] Invoked command in '/home/jo/mobile_test/build/custom_interfaces' returned '0': CMAKE_PREFIX_PATH=${CMAKE_PREFIX_PATH}:/home/jo/mobile_test/install/my_bot:/home/jo/mobile_test/install/turtlebot3:/home/jo/mobile_test/install/mobile_controller:/opt/ros/humble /usr/bin/cmake /home/jo/mobile_test/src/custom_interfaces -DAMENT_CMAKE_SYMLINK_INSTALL=1 -DCMAKE_INSTALL_PREFIX=/home/jo/mobile_test/install/custom_interfaces
[1.515s] Invoking command in '/home/jo/mobile_test/build/custom_interfaces': CMAKE_PREFIX_PATH=${CMAKE_PREFIX_PATH}:/home/jo/mobile_test/install/my_bot:/home/jo/mobile_test/install/turtlebot3:/home/jo/mobile_test/install/mobile_controller:/opt/ros/humble /usr/bin/cmake --build /home/jo/mobile_test/build/custom_interfaces -- -j16 -l16
[1.550s] [  3%] [34m[1mGenerating C code for ROS interfaces[0m
[1.558s] [  6%] [34m[1mGenerating C++ code for ROS interfaces[0m
[1.566s] [  6%] Built target ament_cmake_python_symlink_custom_interfaces
[1.721s] running egg_info
[1.722s] creating custom_interfaces.egg-info
[1.733s] writing custom_interfaces.egg-info/PKG-INFO
[1.733s] writing dependency_links to custom_interfaces.egg-info/dependency_links.txt
[1.733s] writing top-level names to custom_interfaces.egg-info/top_level.txt
[1.733s] writing manifest file 'custom_interfaces.egg-info/SOURCES.txt'
[1.737s] [  6%] Built target custom_interfaces__cpp
[1.745s] [ 16%] [34m[1mGenerating C++ type support for eProsima Fast-RTPS[0m
[1.746s] [ 16%] [34m[1mGenerating C++ introspection for ROS interfaces[0m
[1.746s] [ 16%] [34m[1mGenerating C++ type support dispatch for ROS interfaces[0m
[1.747s] [ 19%] [32mBuilding C object CMakeFiles/custom_interfaces__rosidl_generator_c.dir/rosidl_generator_c/custom_interfaces/msg/detail/robot_state__functions.c.o[0m
[1.767s] reading manifest file 'custom_interfaces.egg-info/SOURCES.txt'
[1.768s] writing manifest file 'custom_interfaces.egg-info/SOURCES.txt'
[1.791s] [ 22%] [32m[1mLinking C shared library libcustom_interfaces__rosidl_generator_c.so[0m
[1.797s] [ 22%] Built target ament_cmake_python_build_custom_interfaces_egg
[1.821s] [ 22%] Built target custom_interfaces__rosidl_generator_c
[1.830s] [ 32%] [34m[1mGenerating C introspection for ROS interfaces[0m
[1.830s] [ 32%] [34m[1mGenerating C type support for eProsima Fast-RTPS[0m
[1.830s] [ 32%] [34m[1mGenerating C type support dispatch for ROS interfaces[0m
[1.911s] [ 35%] [32mBuilding CXX object CMakeFiles/custom_interfaces__rosidl_typesupport_cpp.dir/rosidl_typesupport_cpp/custom_interfaces/msg/robot_state__type_support.cpp.o[0m
[1.926s] [ 41%] [32mBuilding CXX object CMakeFiles/custom_interfaces__rosidl_typesupport_introspection_cpp.dir/rosidl_typesupport_introspection_cpp/custom_interfaces/msg/detail/robot_state__type_support.cpp.o[0m
[1.926s] [ 41%] [32mBuilding CXX object CMakeFiles/custom_interfaces__rosidl_typesupport_fastrtps_cpp.dir/rosidl_typesupport_fastrtps_cpp/custom_interfaces/msg/detail/dds_fastrtps/robot_state__type_support.cpp.o[0m
[1.996s] [ 45%] [32mBuilding CXX object CMakeFiles/custom_interfaces__rosidl_typesupport_c.dir/rosidl_typesupport_c/custom_interfaces/msg/robot_state__type_support.cpp.o[0m
[2.010s] [ 48%] [32mBuilding C object CMakeFiles/custom_interfaces__rosidl_typesupport_introspection_c.dir/rosidl_typesupport_introspection_c/custom_interfaces/msg/detail/robot_state__type_support.c.o[0m
[2.019s] [ 51%] [32mBuilding CXX object CMakeFiles/custom_interfaces__rosidl_typesupport_fastrtps_c.dir/rosidl_typesupport_fastrtps_c/custom_interfaces/msg/detail/robot_state__type_support_c.cpp.o[0m
[2.021s] [ 54%] [32m[1mLinking CXX shared library libcustom_interfaces__rosidl_typesupport_c.so[0m
[2.039s] [ 58%] [32m[1mLinking C shared library libcustom_interfaces__rosidl_typesupport_introspection_c.so[0m
[2.055s] [ 58%] Built target custom_interfaces__rosidl_typesupport_c
[2.065s] [ 58%] Built target custom_interfaces__rosidl_typesupport_introspection_c
[2.115s] [ 61%] [32m[1mLinking CXX shared library libcustom_interfaces__rosidl_typesupport_cpp.so[0m
[2.151s] [ 61%] Built target custom_interfaces__rosidl_typesupport_cpp
[2.213s] [ 64%] [32m[1mLinking CXX shared library libcustom_interfaces__rosidl_typesupport_introspection_cpp.so[0m
[2.229s] [ 67%] [32m[1mLinking CXX shared library libcustom_interfaces__rosidl_typesupport_fastrtps_cpp.so[0m
[2.248s] [ 70%] [32m[1mLinking CXX shared library libcustom_interfaces__rosidl_typesupport_fastrtps_c.so[0m
[2.272s] [ 70%] Built target custom_interfaces__rosidl_typesupport_introspection_cpp
[2.294s] [ 70%] Built target custom_interfaces__rosidl_typesupport_fastrtps_cpp
[2.311s] [ 70%] Built target custom_interfaces__rosidl_typesupport_fastrtps_c
[2.331s] [ 70%] Built target custom_interfaces
[2.348s] [ 74%] [34m[1mGenerating Python code for ROS interfaces[0m
[2.558s] [ 74%] Built target custom_interfaces__py
[2.576s] [ 77%] [32mBuilding C object CMakeFiles/custom_interfaces__rosidl_generator_py.dir/rosidl_generator_py/custom_interfaces/msg/_robot_state_s.c.o[0m
[2.657s] [ 80%] [32m[1mLinking C shared library rosidl_generator_py/custom_interfaces/libcustom_interfaces__rosidl_generator_py.so[0m
[2.690s] [ 80%] Built target custom_interfaces__rosidl_generator_py
[2.707s] [ 87%] [32mBuilding C object CMakeFiles/custom_interfaces__rosidl_typesupport_c__pyext.dir/rosidl_generator_py/custom_interfaces/_custom_interfaces_s.ep.rosidl_typesupport_c.c.o[0m
[2.707s] [ 87%] [32mBuilding C object CMakeFiles/custom_interfaces__rosidl_typesupport_introspection_c__pyext.dir/rosidl_generator_py/custom_interfaces/_custom_interfaces_s.ep.rosidl_typesupport_introspection_c.c.o[0m
[2.707s] [ 90%] [32mBuilding C object CMakeFiles/custom_interfaces__rosidl_typesupport_fastrtps_c__pyext.dir/rosidl_generator_py/custom_interfaces/_custom_interfaces_s.ep.rosidl_typesupport_fastrtps_c.c.o[0m
[2.769s] [ 96%] [32m[1mLinking C shared library rosidl_generator_py/custom_interfaces/custom_interfaces_s__rosidl_typesupport_introspection_c.cpython-310-x86_64-linux-gnu.so[0m
[2.769s] [ 96%] [32m[1mLinking C shared library rosidl_generator_py/custom_interfaces/custom_interfaces_s__rosidl_typesupport_c.cpython-310-x86_64-linux-gnu.so[0m
[2.772s] [100%] [32m[1mLinking C shared library rosidl_generator_py/custom_interfaces/custom_interfaces_s__rosidl_typesupport_fastrtps_c.cpython-310-x86_64-linux-gnu.so[0m
[2.796s] [100%] Built target custom_interfaces__rosidl_typesupport_introspection_c__pyext
[2.796s] [100%] Built target custom_interfaces__rosidl_typesupport_c__pyext
[2.799s] [100%] Built target custom_interfaces__rosidl_typesupport_fastrtps_c__pyext
[2.810s] Invoked command in '/home/jo/mobile_test/build/custom_interfaces' returned '0': CMAKE_PREFIX_PATH=${CMAKE_PREFIX_PATH}:/home/jo/mobile_test/install/my_bot:/home/jo/mobile_test/install/turtlebot3:/home/jo/mobile_test/install/mobile_controller:/opt/ros/humble /usr/bin/cmake --build /home/jo/mobile_test/build/custom_interfaces -- -j16 -l16
[2.875s] Invoking command in '/home/jo/mobile_test/build/custom_interfaces': CMAKE_PREFIX_PATH=${CMAKE_PREFIX_PATH}:/home/jo/mobile_test/install/my_bot:/home/jo/mobile_test/install/turtlebot3:/home/jo/mobile_test/install/mobile_controller:/opt/ros/humble /usr/bin/cmake --install /home/jo/mobile_test/build/custom_interfaces
[2.881s] -- Install configuration: ""
[2.881s] -- Execute custom install script
[2.882s] -- Symlinking: /home/jo/mobile_test/install/custom_interfaces/share/ament_index/resource_index/rosidl_interfaces/custom_interfaces
[2.890s] -- Symlinking: /home/jo/mobile_test/install/custom_interfaces/include/custom_interfaces/custom_interfaces/msg/detail/robot_state__functions.h
[2.896s] -- Symlinking: /home/jo/mobile_test/install/custom_interfaces/include/custom_interfaces/custom_interfaces/msg/detail/robot_state__struct.h
[2.903s] -- Symlinking: /home/jo/mobile_test/install/custom_interfaces/include/custom_interfaces/custom_interfaces/msg/detail/robot_state__type_support.h
[2.910s] -- Symlinking: /home/jo/mobile_test/install/custom_interfaces/include/custom_interfaces/custom_interfaces/msg/robot_state.h
[2.916s] -- Symlinking: /home/jo/mobile_test/install/custom_interfaces/include/custom_interfaces/custom_interfaces/msg/rosidl_generator_c__visibility_control.h
[2.923s] -- Symlinking: /home/jo/mobile_test/install/custom_interfaces/share/custom_interfaces/environment/library_path.sh
[2.930s] -- Symlinking: /home/jo/mobile_test/install/custom_interfaces/share/custom_interfaces/environment/library_path.dsv
[2.937s] -- Symlinking: /home/jo/mobile_test/install/custom_interfaces/include/custom_interfaces/custom_interfaces/msg/detail/robot_state__rosidl_typesupport_fastrtps_c.h
[2.944s] -- Symlinking: /home/jo/mobile_test/install/custom_interfaces/include/custom_interfaces/custom_interfaces/msg/rosidl_typesupport_fastrtps_c__visibility_control.h
[2.951s] -- Symlinking: /home/jo/mobile_test/install/custom_interfaces/include/custom_interfaces/custom_interfaces/msg/detail/robot_state__rosidl_typesupport_introspection_c.h
[2.957s] -- Symlinking: /home/jo/mobile_test/install/custom_interfaces/include/custom_interfaces/custom_interfaces/msg/rosidl_typesupport_introspection_c__visibility_control.h
[2.964s] -- Symlinking: /home/jo/mobile_test/install/custom_interfaces/include/custom_interfaces/custom_interfaces/msg/detail/robot_state__builder.hpp
[2.971s] -- Symlinking: /home/jo/mobile_test/install/custom_interfaces/include/custom_interfaces/custom_interfaces/msg/detail/robot_state__struct.hpp
[2.977s] -- Symlinking: /home/jo/mobile_test/install/custom_interfaces/include/custom_interfaces/custom_interfaces/msg/detail/robot_state__traits.hpp
[2.984s] -- Symlinking: /home/jo/mobile_test/install/custom_interfaces/include/custom_interfaces/custom_interfaces/msg/robot_state.hpp
[2.992s] -- Symlinking: /home/jo/mobile_test/install/custom_interfaces/include/custom_interfaces/custom_interfaces/msg/detail/robot_state__rosidl_typesupport_fastrtps_cpp.hpp
[2.998s] -- Symlinking: /home/jo/mobile_test/install/custom_interfaces/include/custom_interfaces/custom_interfaces/msg/rosidl_typesupport_fastrtps_cpp__visibility_control.h
[3.006s] -- Symlinking: /home/jo/mobile_test/install/custom_interfaces/include/custom_interfaces/custom_interfaces/msg/detail/robot_state__rosidl_typesupport_introspection_cpp.hpp
[3.012s] -- Symlinking: /home/jo/mobile_test/install/custom_interfaces/share/custom_interfaces/environment/pythonpath.sh
[3.018s] -- Symlinking: /home/jo/mobile_test/install/custom_interfaces/share/custom_interfaces/environment/pythonpath.dsv
[3.026s] -- Symlinking: /home/jo/mobile_test/install/custom_interfaces/local/lib/python3.10/dist-packages/custom_interfaces-0.0.0-py3.10.egg-info/PKG-INFO
[3.033s] -- Symlinking: /home/jo/mobile_test/install/custom_interfaces/local/lib/python3.10/dist-packages/custom_interfaces-0.0.0-py3.10.egg-info/SOURCES.txt
[3.040s] -- Symlinking: /home/jo/mobile_test/install/custom_interfaces/local/lib/python3.10/dist-packages/custom_interfaces-0.0.0-py3.10.egg-info/dependency_links.txt
[3.047s] -- Symlinking: /home/jo/mobile_test/install/custom_interfaces/local/lib/python3.10/dist-packages/custom_interfaces-0.0.0-py3.10.egg-info/top_level.txt
[3.055s] -- Symlinking: /home/jo/mobile_test/install/custom_interfaces/local/lib/python3.10/dist-packages/custom_interfaces/__init__.py
[3.062s] -- Symlinking: /home/jo/mobile_test/install/custom_interfaces/local/lib/python3.10/dist-packages/custom_interfaces/_custom_interfaces_s.ep.rosidl_typesupport_c.c
[3.068s] -- Symlinking: /home/jo/mobile_test/install/custom_interfaces/local/lib/python3.10/dist-packages/custom_interfaces/_custom_interfaces_s.ep.rosidl_typesupport_fastrtps_c.c
[3.074s] -- Symlinking: /home/jo/mobile_test/install/custom_interfaces/local/lib/python3.10/dist-packages/custom_interfaces/_custom_interfaces_s.ep.rosidl_typesupport_introspection_c.c
[3.081s] -- Symlinking: /home/jo/mobile_test/install/custom_interfaces/local/lib/python3.10/dist-packages/custom_interfaces/custom_interfaces_s__rosidl_typesupport_c.cpython-310-x86_64-linux-gnu.so
[3.087s] -- Symlinking: /home/jo/mobile_test/install/custom_interfaces/local/lib/python3.10/dist-packages/custom_interfaces/custom_interfaces_s__rosidl_typesupport_fastrtps_c.cpython-310-x86_64-linux-gnu.so
[3.093s] -- Symlinking: /home/jo/mobile_test/install/custom_interfaces/local/lib/python3.10/dist-packages/custom_interfaces/custom_interfaces_s__rosidl_typesupport_introspection_c.cpython-310-x86_64-linux-gnu.so
[3.100s] -- Symlinking: /home/jo/mobile_test/install/custom_interfaces/local/lib/python3.10/dist-packages/custom_interfaces/libcustom_interfaces__rosidl_generator_py.so
[3.106s] -- Symlinking: /home/jo/mobile_test/install/custom_interfaces/local/lib/python3.10/dist-packages/custom_interfaces/msg/__init__.py
[3.113s] -- Symlinking: /home/jo/mobile_test/install/custom_interfaces/local/lib/python3.10/dist-packages/custom_interfaces/msg/_robot_state.py
[3.120s] -- Symlinking: /home/jo/mobile_test/install/custom_interfaces/local/lib/python3.10/dist-packages/custom_interfaces/msg/_robot_state_s.c
[3.127s] -- Up-to-date symlink: /home/jo/mobile_test/install/custom_interfaces/local/lib/python3.10/dist-packages/custom_interfaces/custom_interfaces_s__rosidl_typesupport_fastrtps_c.cpython-310-x86_64-linux-gnu.so
[3.127s] -- Up-to-date symlink: /home/jo/mobile_test/install/custom_interfaces/local/lib/python3.10/dist-packages/custom_interfaces/custom_interfaces_s__rosidl_typesupport_introspection_c.cpython-310-x86_64-linux-gnu.so
[3.127s] -- Up-to-date symlink: /home/jo/mobile_test/install/custom_interfaces/local/lib/python3.10/dist-packages/custom_interfaces/custom_interfaces_s__rosidl_typesupport_c.cpython-310-x86_64-linux-gnu.so
[3.127s] -- Symlinking: /home/jo/mobile_test/install/custom_interfaces/share/custom_interfaces/msg/RobotState.idl
[3.135s] -- Symlinking: /home/jo/mobile_test/install/custom_interfaces/share/custom_interfaces/msg/RobotState.msg
[3.141s] -- Symlinking: /home/jo/mobile_test/install/custom_interfaces/share/ament_index/resource_index/package_run_dependencies/custom_interfaces
[3.148s] -- Symlinking: /home/jo/mobile_test/install/custom_interfaces/share/ament_index/resource_index/parent_prefix_path/custom_interfaces
[3.155s] -- Symlinking: /home/jo/mobile_test/install/custom_interfaces/share/custom_interfaces/environment/ament_prefix_path.sh
[3.161s] -- Symlinking: /home/jo/mobile_test/install/custom_interfaces/share/custom_interfaces/environment/ament_prefix_path.dsv
[3.168s] -- Symlinking: /home/jo/mobile_test/install/custom_interfaces/share/custom_interfaces/environment/path.sh
[3.174s] -- Symlinking: /home/jo/mobile_test/install/custom_interfaces/share/custom_interfaces/environment/path.dsv
[3.181s] -- Symlinking: /home/jo/mobile_test/install/custom_interfaces/share/custom_interfaces/local_setup.bash
[3.188s] -- Symlinking: /home/jo/mobile_test/install/custom_interfaces/share/custom_interfaces/local_setup.sh
[3.196s] -- Symlinking: /home/jo/mobile_test/install/custom_interfaces/share/custom_interfaces/local_setup.zsh
[3.204s] -- Symlinking: /home/jo/mobile_test/install/custom_interfaces/share/custom_interfaces/local_setup.dsv
[3.211s] -- Symlinking: /home/jo/mobile_test/install/custom_interfaces/share/custom_interfaces/package.dsv
[3.218s] -- Symlinking: /home/jo/mobile_test/install/custom_interfaces/share/ament_index/resource_index/packages/custom_interfaces
[3.225s] -- Symlinking: /home/jo/mobile_test/install/custom_interfaces/share/custom_interfaces/cmake/rosidl_cmake-extras.cmake
[3.233s] -- Symlinking: /home/jo/mobile_test/install/custom_interfaces/share/custom_interfaces/cmake/ament_cmake_export_include_directories-extras.cmake
[3.242s] -- Symlinking: /home/jo/mobile_test/install/custom_interfaces/share/custom_interfaces/cmake/ament_cmake_export_libraries-extras.cmake
[3.250s] -- Symlinking: /home/jo/mobile_test/install/custom_interfaces/share/custom_interfaces/cmake/ament_cmake_export_targets-extras.cmake
[3.258s] -- Symlinking: /home/jo/mobile_test/install/custom_interfaces/share/custom_interfaces/cmake/rosidl_cmake_export_typesupport_targets-extras.cmake
[3.265s] -- Symlinking: /home/jo/mobile_test/install/custom_interfaces/share/custom_interfaces/cmake/ament_cmake_export_dependencies-extras.cmake
[3.273s] -- Symlinking: /home/jo/mobile_test/install/custom_interfaces/share/custom_interfaces/cmake/rosidl_cmake_export_typesupport_libraries-extras.cmake
[3.281s] -- Symlinking: /home/jo/mobile_test/install/custom_interfaces/share/custom_interfaces/cmake/custom_interfacesConfig.cmake
[3.288s] -- Symlinking: /home/jo/mobile_test/install/custom_interfaces/share/custom_interfaces/cmake/custom_interfacesConfig-version.cmake
[3.296s] -- Symlinking: /home/jo/mobile_test/install/custom_interfaces/share/custom_interfaces/package.xml
[3.304s] -- Installing: /home/jo/mobile_test/install/custom_interfaces/lib/libcustom_interfaces__rosidl_generator_c.so
[3.304s] -- Set runtime path of "/home/jo/mobile_test/install/custom_interfaces/lib/libcustom_interfaces__rosidl_generator_c.so" to ""
[3.304s] -- Installing: /home/jo/mobile_test/install/custom_interfaces/lib/libcustom_interfaces__rosidl_typesupport_fastrtps_c.so
[3.304s] -- Set runtime path of "/home/jo/mobile_test/install/custom_interfaces/lib/libcustom_interfaces__rosidl_typesupport_fastrtps_c.so" to ""
[3.305s] -- Installing: /home/jo/mobile_test/install/custom_interfaces/lib/libcustom_interfaces__rosidl_typesupport_introspection_c.so
[3.305s] -- Set runtime path of "/home/jo/mobile_test/install/custom_interfaces/lib/libcustom_interfaces__rosidl_typesupport_introspection_c.so" to ""
[3.305s] -- Installing: /home/jo/mobile_test/install/custom_interfaces/lib/libcustom_interfaces__rosidl_typesupport_c.so
[3.305s] -- Set runtime path of "/home/jo/mobile_test/install/custom_interfaces/lib/libcustom_interfaces__rosidl_typesupport_c.so" to ""
[3.305s] -- Installing: /home/jo/mobile_test/install/custom_interfaces/lib/libcustom_interfaces__rosidl_typesupport_fastrtps_cpp.so
[3.305s] -- Set runtime path of "/home/jo/mobile_test/install/custom_interfaces/lib/libcustom_interfaces__rosidl_typesupport_fastrtps_cpp.so" to ""
[3.305s] -- Installing: /home/jo/mobile_test/install/custom_interfaces/lib/libcustom_interfaces__rosidl_typesupport_introspection_cpp.so
[3.306s] -- Set runtime path of "/home/jo/mobile_test/install/custom_interfaces/lib/libcustom_interfaces__rosidl_typesupport_introspection_cpp.so" to ""
[3.306s] -- Installing: /home/jo/mobile_test/install/custom_interfaces/lib/libcustom_interfaces__rosidl_typesupport_cpp.so
[3.306s] -- Set runtime path of "/home/jo/mobile_test/install/custom_interfaces/lib/libcustom_interfaces__rosidl_typesupport_cpp.so" to ""
[3.331s] Listing '/home/jo/mobile_test/install/custom_interfaces/local/lib/python3.10/dist-packages/custom_interfaces'...
[3.331s] Compiling '/home/jo/mobile_test/install/custom_interfaces/local/lib/python3.10/dist-packages/custom_interfaces/__init__.py'...
[3.331s] Listing '/home/jo/mobile_test/install/custom_interfaces/local/lib/python3.10/dist-packages/custom_interfaces/msg'...
[3.331s] Compiling '/home/jo/mobile_test/install/custom_interfaces/local/lib/python3.10/dist-packages/custom_interfaces/msg/__init__.py'...
[3.331s] Compiling '/home/jo/mobile_test/install/custom_interfaces/local/lib/python3.10/dist-packages/custom_interfaces/msg/_robot_state.py'...
[3.334s] -- Installing: /home/jo/mobile_test/install/custom_interfaces/lib/libcustom_interfaces__rosidl_generator_py.so
[3.335s] -- Set runtime path of "/home/jo/mobile_test/install/custom_interfaces/lib/libcustom_interfaces__rosidl_generator_py.so" to ""
[3.335s] -- Installing: /home/jo/mobile_test/install/custom_interfaces/share/custom_interfaces/cmake/export_custom_interfaces__rosidl_generator_cExport.cmake
[3.335s] -- Installing: /home/jo/mobile_test/install/custom_interfaces/share/custom_interfaces/cmake/export_custom_interfaces__rosidl_generator_cExport-noconfig.cmake
[3.335s] -- Installing: /home/jo/mobile_test/install/custom_interfaces/share/custom_interfaces/cmake/export_custom_interfaces__rosidl_typesupport_fastrtps_cExport.cmake
[3.335s] -- Installing: /home/jo/mobile_test/install/custom_interfaces/share/custom_interfaces/cmake/export_custom_interfaces__rosidl_typesupport_fastrtps_cExport-noconfig.cmake
[3.336s] -- Installing: /home/jo/mobile_test/install/custom_interfaces/share/custom_interfaces/cmake/custom_interfaces__rosidl_typesupport_introspection_cExport.cmake
[3.336s] -- Installing: /home/jo/mobile_test/install/custom_interfaces/share/custom_interfaces/cmake/custom_interfaces__rosidl_typesupport_introspection_cExport-noconfig.cmake
[3.336s] -- Installing: /home/jo/mobile_test/install/custom_interfaces/share/custom_interfaces/cmake/custom_interfaces__rosidl_typesupport_cExport.cmake
[3.336s] -- Installing: /home/jo/mobile_test/install/custom_interfaces/share/custom_interfaces/cmake/custom_interfaces__rosidl_typesupport_cExport-noconfig.cmake
[3.336s] -- Installing: /home/jo/mobile_test/install/custom_interfaces/share/custom_interfaces/cmake/export_custom_interfaces__rosidl_generator_cppExport.cmake
[3.336s] -- Installing: /home/jo/mobile_test/install/custom_interfaces/share/custom_interfaces/cmake/export_custom_interfaces__rosidl_typesupport_fastrtps_cppExport.cmake
[3.336s] -- Installing: /home/jo/mobile_test/install/custom_interfaces/share/custom_interfaces/cmake/export_custom_interfaces__rosidl_typesupport_fastrtps_cppExport-noconfig.cmake
[3.337s] -- Installing: /home/jo/mobile_test/install/custom_interfaces/share/custom_interfaces/cmake/custom_interfaces__rosidl_typesupport_introspection_cppExport.cmake
[3.337s] -- Installing: /home/jo/mobile_test/install/custom_interfaces/share/custom_interfaces/cmake/custom_interfaces__rosidl_typesupport_introspection_cppExport-noconfig.cmake
[3.337s] -- Installing: /home/jo/mobile_test/install/custom_interfaces/share/custom_interfaces/cmake/custom_interfaces__rosidl_typesupport_cppExport.cmake
[3.337s] -- Installing: /home/jo/mobile_test/install/custom_interfaces/share/custom_interfaces/cmake/custom_interfaces__rosidl_typesupport_cppExport-noconfig.cmake
[3.337s] -- Installing: /home/jo/mobile_test/install/custom_interfaces/share/custom_interfaces/cmake/export_custom_interfaces__rosidl_generator_pyExport.cmake
[3.337s] -- Installing: /home/jo/mobile_test/install/custom_interfaces/share/custom_interfaces/cmake/export_custom_interfaces__rosidl_generator_pyExport-noconfig.cmake
[3.340s] Invoked command in '/home/jo/mobile_test/build/custom_interfaces' returned '0': CMAKE_PREFIX_PATH=${CMAKE_PREFIX_PATH}:/home/jo/mobile_test/install/my_bot:/home/jo/mobile_test/install/turtlebot3:/home/jo/mobile_test/install/mobile_controller:/opt/ros/humble /usr/bin/cmake --install /home/jo/mobile_test/build/custom_interfaces
