[0.560s] Invoking command in '/home/jo/mobile_test/build/my_bot': PYTHONPATH=/home/jo/mobile_test/build/my_bot/prefix_override:/usr/lib/python3/dist-packages/colcon_core/task/python/colcon_distutils_commands:/home/jo/mobile_test/install/my_bot/lib/python3.10/site-packages:${PYTHONPATH} /usr/bin/python3 -W ignore:setup.py install is deprecated setup.py develop --editable --build-directory /home/jo/mobile_test/build/my_bot/build --no-deps symlink_data
[0.724s] /home/jo/.local/lib/python3.10/site-packages/setuptools/_distutils/dist.py:260: UserWarning: Unknown distribution option: 'tests_require'
[0.724s]   warnings.warn(msg)
[0.852s] running develop
[0.853s] /home/jo/.local/lib/python3.10/site-packages/setuptools/command/develop.py:41: EasyInstallDeprecationWarning: easy_install command is deprecated.
[0.853s] !!
[0.853s] 
[0.853s]         ********************************************************************************
[0.853s]         Please avoid running ``setup.py`` and ``easy_install``.
[0.853s]         Instead, use pypa/build, pypa/installer or other
[0.853s]         standards-based tools.
[0.853s] 
[0.853s]         See https://github.com/pypa/setuptools/issues/917 for details.
[0.853s]         ********************************************************************************
[0.853s] 
[0.853s] !!
[0.853s]   easy_install.initialize_options(self)
[1.009s] running egg_info
[1.010s] creating my_bot.egg-info
[1.021s] writing my_bot.egg-info/PKG-INFO
[1.021s] writing dependency_links to my_bot.egg-info/dependency_links.txt
[1.022s] writing requirements to my_bot.egg-info/requires.txt
[1.022s] writing top-level names to my_bot.egg-info/top_level.txt
[1.022s] writing manifest file 'my_bot.egg-info/SOURCES.txt'
[1.034s] reading manifest file 'my_bot.egg-info/SOURCES.txt'
[1.035s] writing manifest file 'my_bot.egg-info/SOURCES.txt'
[1.047s] running build_ext
[1.059s] Creating /home/jo/mobile_test/install/my_bot/lib/python3.10/site-packages/my-bot.egg-link (link to .)
[1.060s] 
[1.060s] Installed /home/jo/mobile_test/build/my_bot
[1.060s] running symlink_data
[1.061s] creating /home/jo/mobile_test/install/my_bot/share/ament_index
[1.061s] creating /home/jo/mobile_test/install/my_bot/share/ament_index/resource_index
[1.061s] creating /home/jo/mobile_test/install/my_bot/share/ament_index/resource_index/packages
[1.061s] symbolically linking /home/jo/mobile_test/build/my_bot/resource/my_bot -> /home/jo/mobile_test/install/my_bot/share/ament_index/resource_index/packages
[1.061s] symbolically linking /home/jo/mobile_test/build/my_bot/package.xml -> /home/jo/mobile_test/install/my_bot/share/my_bot
[1.061s] creating /home/jo/mobile_test/install/my_bot/share/my_bot/launch
[1.061s] symbolically linking /home/jo/mobile_test/build/my_bot/launch/controller.launch.py -> /home/jo/mobile_test/install/my_bot/share/my_bot/launch
[1.061s] symbolically linking /home/jo/mobile_test/build/my_bot/launch/rsp.launch.py -> /home/jo/mobile_test/install/my_bot/share/my_bot/launch
[1.061s] symbolically linking /home/jo/mobile_test/build/my_bot/launch/multi_turtle3.launch.py -> /home/jo/mobile_test/install/my_bot/share/my_bot/launch
[1.094s] Invoked command in '/home/jo/mobile_test/build/my_bot' returned '0': PYTHONPATH=/home/jo/mobile_test/build/my_bot/prefix_override:/usr/lib/python3/dist-packages/colcon_core/task/python/colcon_distutils_commands:/home/jo/mobile_test/install/my_bot/lib/python3.10/site-packages:${PYTHONPATH} /usr/bin/python3 -W ignore:setup.py install is deprecated setup.py develop --editable --build-directory /home/jo/mobile_test/build/my_bot/build --no-deps symlink_data
