[0.113s] DEBUG:colcon:Command line arguments: ['/usr/bin/colcon', 'build', '--symlink-install']
[0.113s] DEBUG:colcon:Parsed command line arguments: Namespace(log_base=None, log_level=None, verb_name='build', build_base='build', install_base='install', merge_install=False, symlink_install=True, test_result_base=None, continue_on_error=False, executor='parallel', parallel_workers=16, event_handlers=None, ignore_user_meta=False, metas=['./colcon.meta'], base_paths=['.'], packages_ignore=None, packages_ignore_regex=None, paths=None, packages_up_to=None, packages_up_to_regex=None, packages_above=None, packages_above_and_dependencies=None, packages_above_depth=None, packages_select_by_dep=None, packages_skip_by_dep=None, packages_skip_up_to=None, packages_select_build_failed=False, packages_skip_build_finished=False, packages_select_test_failures=False, packages_skip_test_passed=False, packages_select=None, packages_skip=None, packages_select_regex=None, packages_skip_regex=None, packages_start=None, packages_end=None, allow_overriding=[], cmake_args=None, cmake_target=None, cmake_target_skip_unavailable=False, cmake_clean_cache=False, cmake_clean_first=False, cmake_force_configure=False, ament_cmake_args=None, catkin_cmake_args=None, catkin_skip_building_tests=False, mixin_files=None, mixin=None, verb_parser=<colcon_mixin.mixin.mixin_argument.MixinArgumentDecorator object at 0x761c85337010>, verb_extension=<colcon_core.verb.build.BuildVerb object at 0x761c85336aa0>, main=<bound method BuildVerb.main of <colcon_core.verb.build.BuildVerb object at 0x761c85336aa0>>, mixin_verb=('build',))
[0.157s] Level 1:colcon.colcon_core.package_discovery:discover_packages(colcon_meta) check parameters
[0.157s] Level 1:colcon.colcon_core.package_discovery:discover_packages(recursive) check parameters
[0.157s] Level 1:colcon.colcon_core.package_discovery:discover_packages(ignore) check parameters
[0.157s] Level 1:colcon.colcon_core.package_discovery:discover_packages(path) check parameters
[0.157s] Level 1:colcon.colcon_core.package_discovery:discover_packages(colcon_meta) discover
[0.157s] Level 1:colcon.colcon_core.package_discovery:discover_packages(recursive) discover
[0.157s] INFO:colcon.colcon_core.package_discovery:Crawling recursively for packages in '/home/jo/mobile_test'
[0.157s] Level 1:colcon.colcon_core.package_identification:_identify(.) by extensions ['ignore', 'ignore_ament_install']
[0.157s] Level 1:colcon.colcon_core.package_identification:_identify(.) by extension 'ignore'
[0.157s] Level 1:colcon.colcon_core.package_identification:_identify(.) by extension 'ignore_ament_install'
[0.157s] Level 1:colcon.colcon_core.package_identification:_identify(.) by extensions ['colcon_pkg']
[0.157s] Level 1:colcon.colcon_core.package_identification:_identify(.) by extension 'colcon_pkg'
[0.157s] Level 1:colcon.colcon_core.package_identification:_identify(.) by extensions ['colcon_meta']
[0.157s] Level 1:colcon.colcon_core.package_identification:_identify(.) by extension 'colcon_meta'
[0.157s] Level 1:colcon.colcon_core.package_identification:_identify(.) by extensions ['ros']
[0.158s] Level 1:colcon.colcon_core.package_identification:_identify(.) by extension 'ros'
[0.172s] Level 1:colcon.colcon_core.package_identification:_identify(.) by extensions ['cmake', 'python']
[0.172s] Level 1:colcon.colcon_core.package_identification:_identify(.) by extension 'cmake'
[0.172s] Level 1:colcon.colcon_core.package_identification:_identify(.) by extension 'python'
[0.173s] Level 1:colcon.colcon_core.package_identification:_identify(.) by extensions ['python_setup_py']
[0.173s] Level 1:colcon.colcon_core.package_identification:_identify(.) by extension 'python_setup_py'
[0.173s] Level 1:colcon.colcon_core.package_identification:_identify(build) by extensions ['ignore', 'ignore_ament_install']
[0.173s] Level 1:colcon.colcon_core.package_identification:_identify(build) by extension 'ignore'
[0.173s] Level 1:colcon.colcon_core.package_identification:_identify(build) ignored
[0.173s] Level 1:colcon.colcon_core.package_identification:_identify(install) by extensions ['ignore', 'ignore_ament_install']
[0.173s] Level 1:colcon.colcon_core.package_identification:_identify(install) by extension 'ignore'
[0.173s] Level 1:colcon.colcon_core.package_identification:_identify(install) ignored
[0.173s] Level 1:colcon.colcon_core.package_identification:_identify(log) by extensions ['ignore', 'ignore_ament_install']
[0.173s] Level 1:colcon.colcon_core.package_identification:_identify(log) by extension 'ignore'
[0.173s] Level 1:colcon.colcon_core.package_identification:_identify(log) ignored
[0.173s] Level 1:colcon.colcon_core.package_identification:_identify(src) by extensions ['ignore', 'ignore_ament_install']
[0.174s] Level 1:colcon.colcon_core.package_identification:_identify(src) by extension 'ignore'
[0.174s] Level 1:colcon.colcon_core.package_identification:_identify(src) by extension 'ignore_ament_install'
[0.174s] Level 1:colcon.colcon_core.package_identification:_identify(src) by extensions ['colcon_pkg']
[0.174s] Level 1:colcon.colcon_core.package_identification:_identify(src) by extension 'colcon_pkg'
[0.174s] Level 1:colcon.colcon_core.package_identification:_identify(src) by extensions ['colcon_meta']
[0.174s] Level 1:colcon.colcon_core.package_identification:_identify(src) by extension 'colcon_meta'
[0.174s] Level 1:colcon.colcon_core.package_identification:_identify(src) by extensions ['ros']
[0.174s] Level 1:colcon.colcon_core.package_identification:_identify(src) by extension 'ros'
[0.174s] Level 1:colcon.colcon_core.package_identification:_identify(src) by extensions ['cmake', 'python']
[0.174s] Level 1:colcon.colcon_core.package_identification:_identify(src) by extension 'cmake'
[0.174s] Level 1:colcon.colcon_core.package_identification:_identify(src) by extension 'python'
[0.174s] Level 1:colcon.colcon_core.package_identification:_identify(src) by extensions ['python_setup_py']
[0.174s] Level 1:colcon.colcon_core.package_identification:_identify(src) by extension 'python_setup_py'
[0.174s] Level 1:colcon.colcon_core.package_identification:_identify(src/cmd_initial) by extensions ['ignore', 'ignore_ament_install']
[0.174s] Level 1:colcon.colcon_core.package_identification:_identify(src/cmd_initial) by extension 'ignore'
[0.174s] Level 1:colcon.colcon_core.package_identification:_identify(src/cmd_initial) by extension 'ignore_ament_install'
[0.174s] Level 1:colcon.colcon_core.package_identification:_identify(src/cmd_initial) by extensions ['colcon_pkg']
[0.174s] Level 1:colcon.colcon_core.package_identification:_identify(src/cmd_initial) by extension 'colcon_pkg'
[0.174s] Level 1:colcon.colcon_core.package_identification:_identify(src/cmd_initial) by extensions ['colcon_meta']
[0.174s] Level 1:colcon.colcon_core.package_identification:_identify(src/cmd_initial) by extension 'colcon_meta'
[0.175s] Level 1:colcon.colcon_core.package_identification:_identify(src/cmd_initial) by extensions ['ros']
[0.175s] Level 1:colcon.colcon_core.package_identification:_identify(src/cmd_initial) by extension 'ros'
[0.177s] DEBUG:colcon.colcon_core.package_identification:Package 'src/cmd_initial' with type 'ros.ament_python' and name 'cmd_initial'
[0.177s] Level 1:colcon.colcon_core.package_identification:_identify(src/custom_interfaces) by extensions ['ignore', 'ignore_ament_install']
[0.177s] Level 1:colcon.colcon_core.package_identification:_identify(src/custom_interfaces) by extension 'ignore'
[0.177s] Level 1:colcon.colcon_core.package_identification:_identify(src/custom_interfaces) by extension 'ignore_ament_install'
[0.177s] Level 1:colcon.colcon_core.package_identification:_identify(src/custom_interfaces) by extensions ['colcon_pkg']
[0.177s] Level 1:colcon.colcon_core.package_identification:_identify(src/custom_interfaces) by extension 'colcon_pkg'
[0.177s] Level 1:colcon.colcon_core.package_identification:_identify(src/custom_interfaces) by extensions ['colcon_meta']
[0.177s] Level 1:colcon.colcon_core.package_identification:_identify(src/custom_interfaces) by extension 'colcon_meta'
[0.177s] Level 1:colcon.colcon_core.package_identification:_identify(src/custom_interfaces) by extensions ['ros']
[0.177s] Level 1:colcon.colcon_core.package_identification:_identify(src/custom_interfaces) by extension 'ros'
[0.178s] DEBUG:colcon.colcon_core.package_identification:Package 'src/custom_interfaces' with type 'ros.ament_cmake' and name 'custom_interfaces'
[0.178s] Level 1:colcon.colcon_core.package_identification:_identify(src/mobile_controller) by extensions ['ignore', 'ignore_ament_install']
[0.178s] Level 1:colcon.colcon_core.package_identification:_identify(src/mobile_controller) by extension 'ignore'
[0.178s] Level 1:colcon.colcon_core.package_identification:_identify(src/mobile_controller) by extension 'ignore_ament_install'
[0.178s] Level 1:colcon.colcon_core.package_identification:_identify(src/mobile_controller) by extensions ['colcon_pkg']
[0.178s] Level 1:colcon.colcon_core.package_identification:_identify(src/mobile_controller) by extension 'colcon_pkg'
[0.178s] Level 1:colcon.colcon_core.package_identification:_identify(src/mobile_controller) by extensions ['colcon_meta']
[0.178s] Level 1:colcon.colcon_core.package_identification:_identify(src/mobile_controller) by extension 'colcon_meta'
[0.178s] Level 1:colcon.colcon_core.package_identification:_identify(src/mobile_controller) by extensions ['ros']
[0.178s] Level 1:colcon.colcon_core.package_identification:_identify(src/mobile_controller) by extension 'ros'
[0.179s] DEBUG:colcon.colcon_core.package_identification:Package 'src/mobile_controller' with type 'ros.ament_python' and name 'mobile_controller'
[0.179s] Level 1:colcon.colcon_core.package_identification:_identify(src/my_bot) by extensions ['ignore', 'ignore_ament_install']
[0.179s] Level 1:colcon.colcon_core.package_identification:_identify(src/my_bot) by extension 'ignore'
[0.179s] Level 1:colcon.colcon_core.package_identification:_identify(src/my_bot) by extension 'ignore_ament_install'
[0.179s] Level 1:colcon.colcon_core.package_identification:_identify(src/my_bot) by extensions ['colcon_pkg']
[0.179s] Level 1:colcon.colcon_core.package_identification:_identify(src/my_bot) by extension 'colcon_pkg'
[0.179s] Level 1:colcon.colcon_core.package_identification:_identify(src/my_bot) by extensions ['colcon_meta']
[0.179s] Level 1:colcon.colcon_core.package_identification:_identify(src/my_bot) by extension 'colcon_meta'
[0.179s] Level 1:colcon.colcon_core.package_identification:_identify(src/my_bot) by extensions ['ros']
[0.179s] Level 1:colcon.colcon_core.package_identification:_identify(src/my_bot) by extension 'ros'
[0.180s] DEBUG:colcon.colcon_core.package_identification:Package 'src/my_bot' with type 'ros.ament_python' and name 'my_bot'
[0.180s] Level 1:colcon.colcon_core.package_identification:_identify(src/turtlebot3) by extensions ['ignore', 'ignore_ament_install']
[0.180s] Level 1:colcon.colcon_core.package_identification:_identify(src/turtlebot3) by extension 'ignore'
[0.180s] Level 1:colcon.colcon_core.package_identification:_identify(src/turtlebot3) by extension 'ignore_ament_install'
[0.180s] Level 1:colcon.colcon_core.package_identification:_identify(src/turtlebot3) by extensions ['colcon_pkg']
[0.180s] Level 1:colcon.colcon_core.package_identification:_identify(src/turtlebot3) by extension 'colcon_pkg'
[0.180s] Level 1:colcon.colcon_core.package_identification:_identify(src/turtlebot3) by extensions ['colcon_meta']
[0.180s] Level 1:colcon.colcon_core.package_identification:_identify(src/turtlebot3) by extension 'colcon_meta'
[0.180s] Level 1:colcon.colcon_core.package_identification:_identify(src/turtlebot3) by extensions ['ros']
[0.180s] Level 1:colcon.colcon_core.package_identification:_identify(src/turtlebot3) by extension 'ros'
[0.181s] DEBUG:colcon.colcon_core.package_identification:Package 'src/turtlebot3' with type 'ros.ament_python' and name 'turtlebot3'
[0.181s] Level 1:colcon.colcon_core.package_identification:_identify(src/turtlebot3_description) by extensions ['ignore', 'ignore_ament_install']
[0.181s] Level 1:colcon.colcon_core.package_identification:_identify(src/turtlebot3_description) by extension 'ignore'
[0.181s] Level 1:colcon.colcon_core.package_identification:_identify(src/turtlebot3_description) by extension 'ignore_ament_install'
[0.181s] Level 1:colcon.colcon_core.package_identification:_identify(src/turtlebot3_description) by extensions ['colcon_pkg']
[0.181s] Level 1:colcon.colcon_core.package_identification:_identify(src/turtlebot3_description) by extension 'colcon_pkg'
[0.181s] Level 1:colcon.colcon_core.package_identification:_identify(src/turtlebot3_description) by extensions ['colcon_meta']
[0.181s] Level 1:colcon.colcon_core.package_identification:_identify(src/turtlebot3_description) by extension 'colcon_meta'
[0.181s] Level 1:colcon.colcon_core.package_identification:_identify(src/turtlebot3_description) by extensions ['ros']
[0.181s] Level 1:colcon.colcon_core.package_identification:_identify(src/turtlebot3_description) by extension 'ros'
[0.182s] DEBUG:colcon.colcon_core.package_identification:Package 'src/turtlebot3_description' with type 'ros.ament_cmake' and name 'turtlebot3_description'
[0.182s] Level 1:colcon.colcon_core.package_discovery:discover_packages(recursive) using defaults
[0.182s] Level 1:colcon.colcon_core.package_discovery:discover_packages(ignore) discover
[0.182s] Level 1:colcon.colcon_core.package_discovery:discover_packages(ignore) using defaults
[0.182s] Level 1:colcon.colcon_core.package_discovery:discover_packages(path) discover
[0.182s] Level 1:colcon.colcon_core.package_discovery:discover_packages(path) using defaults
[0.205s] Level 1:colcon.colcon_core.package_discovery:discover_packages(prefix_path) check parameters
[0.205s] Level 1:colcon.colcon_core.package_discovery:discover_packages(prefix_path) discover
[0.208s] DEBUG:colcon.colcon_installed_package_information.package_discovery:Found 6 installed packages in /home/jo/mobile_test/install
[0.210s] DEBUG:colcon.colcon_installed_package_information.package_discovery:Found 317 installed packages in /opt/ros/humble
[0.212s] Level 1:colcon.colcon_core.package_discovery:discover_packages(prefix_path) using defaults
[0.254s] Level 5:colcon.colcon_core.verb:set package 'cmd_initial' build argument 'cmake_args' from command line to 'None'
[0.254s] Level 5:colcon.colcon_core.verb:set package 'cmd_initial' build argument 'cmake_target' from command line to 'None'
[0.254s] Level 5:colcon.colcon_core.verb:set package 'cmd_initial' build argument 'cmake_target_skip_unavailable' from command line to 'False'
[0.254s] Level 5:colcon.colcon_core.verb:set package 'cmd_initial' build argument 'cmake_clean_cache' from command line to 'False'
[0.254s] Level 5:colcon.colcon_core.verb:set package 'cmd_initial' build argument 'cmake_clean_first' from command line to 'False'
[0.254s] Level 5:colcon.colcon_core.verb:set package 'cmd_initial' build argument 'cmake_force_configure' from command line to 'False'
[0.254s] Level 5:colcon.colcon_core.verb:set package 'cmd_initial' build argument 'ament_cmake_args' from command line to 'None'
[0.254s] Level 5:colcon.colcon_core.verb:set package 'cmd_initial' build argument 'catkin_cmake_args' from command line to 'None'
[0.254s] Level 5:colcon.colcon_core.verb:set package 'cmd_initial' build argument 'catkin_skip_building_tests' from command line to 'False'
[0.254s] DEBUG:colcon.colcon_core.verb:Building package 'cmd_initial' with the following arguments: {'ament_cmake_args': None, 'build_base': '/home/jo/mobile_test/build/cmd_initial', 'catkin_cmake_args': None, 'catkin_skip_building_tests': False, 'cmake_args': None, 'cmake_clean_cache': False, 'cmake_clean_first': False, 'cmake_force_configure': False, 'cmake_target': None, 'cmake_target_skip_unavailable': False, 'install_base': '/home/jo/mobile_test/install/cmd_initial', 'merge_install': False, 'path': '/home/jo/mobile_test/src/cmd_initial', 'symlink_install': True, 'test_result_base': None}
[0.255s] Level 5:colcon.colcon_core.verb:set package 'custom_interfaces' build argument 'cmake_args' from command line to 'None'
[0.255s] Level 5:colcon.colcon_core.verb:set package 'custom_interfaces' build argument 'cmake_target' from command line to 'None'
[0.255s] Level 5:colcon.colcon_core.verb:set package 'custom_interfaces' build argument 'cmake_target_skip_unavailable' from command line to 'False'
[0.255s] Level 5:colcon.colcon_core.verb:set package 'custom_interfaces' build argument 'cmake_clean_cache' from command line to 'False'
[0.255s] Level 5:colcon.colcon_core.verb:set package 'custom_interfaces' build argument 'cmake_clean_first' from command line to 'False'
[0.255s] Level 5:colcon.colcon_core.verb:set package 'custom_interfaces' build argument 'cmake_force_configure' from command line to 'False'
[0.255s] Level 5:colcon.colcon_core.verb:set package 'custom_interfaces' build argument 'ament_cmake_args' from command line to 'None'
[0.255s] Level 5:colcon.colcon_core.verb:set package 'custom_interfaces' build argument 'catkin_cmake_args' from command line to 'None'
[0.255s] Level 5:colcon.colcon_core.verb:set package 'custom_interfaces' build argument 'catkin_skip_building_tests' from command line to 'False'
[0.255s] DEBUG:colcon.colcon_core.verb:Building package 'custom_interfaces' with the following arguments: {'ament_cmake_args': None, 'build_base': '/home/jo/mobile_test/build/custom_interfaces', 'catkin_cmake_args': None, 'catkin_skip_building_tests': False, 'cmake_args': None, 'cmake_clean_cache': False, 'cmake_clean_first': False, 'cmake_force_configure': False, 'cmake_target': None, 'cmake_target_skip_unavailable': False, 'install_base': '/home/jo/mobile_test/install/custom_interfaces', 'merge_install': False, 'path': '/home/jo/mobile_test/src/custom_interfaces', 'symlink_install': True, 'test_result_base': None}
[0.255s] Level 5:colcon.colcon_core.verb:set package 'turtlebot3' build argument 'cmake_args' from command line to 'None'
[0.255s] Level 5:colcon.colcon_core.verb:set package 'turtlebot3' build argument 'cmake_target' from command line to 'None'
[0.255s] Level 5:colcon.colcon_core.verb:set package 'turtlebot3' build argument 'cmake_target_skip_unavailable' from command line to 'False'
[0.255s] Level 5:colcon.colcon_core.verb:set package 'turtlebot3' build argument 'cmake_clean_cache' from command line to 'False'
[0.255s] Level 5:colcon.colcon_core.verb:set package 'turtlebot3' build argument 'cmake_clean_first' from command line to 'False'
[0.255s] Level 5:colcon.colcon_core.verb:set package 'turtlebot3' build argument 'cmake_force_configure' from command line to 'False'
[0.255s] Level 5:colcon.colcon_core.verb:set package 'turtlebot3' build argument 'ament_cmake_args' from command line to 'None'
[0.255s] Level 5:colcon.colcon_core.verb:set package 'turtlebot3' build argument 'catkin_cmake_args' from command line to 'None'
[0.255s] Level 5:colcon.colcon_core.verb:set package 'turtlebot3' build argument 'catkin_skip_building_tests' from command line to 'False'
[0.255s] DEBUG:colcon.colcon_core.verb:Building package 'turtlebot3' with the following arguments: {'ament_cmake_args': None, 'build_base': '/home/jo/mobile_test/build/turtlebot3', 'catkin_cmake_args': None, 'catkin_skip_building_tests': False, 'cmake_args': None, 'cmake_clean_cache': False, 'cmake_clean_first': False, 'cmake_force_configure': False, 'cmake_target': None, 'cmake_target_skip_unavailable': False, 'install_base': '/home/jo/mobile_test/install/turtlebot3', 'merge_install': False, 'path': '/home/jo/mobile_test/src/turtlebot3', 'symlink_install': True, 'test_result_base': None}
[0.256s] Level 5:colcon.colcon_core.verb:set package 'turtlebot3_description' build argument 'cmake_args' from command line to 'None'
[0.256s] Level 5:colcon.colcon_core.verb:set package 'turtlebot3_description' build argument 'cmake_target' from command line to 'None'
[0.256s] Level 5:colcon.colcon_core.verb:set package 'turtlebot3_description' build argument 'cmake_target_skip_unavailable' from command line to 'False'
[0.256s] Level 5:colcon.colcon_core.verb:set package 'turtlebot3_description' build argument 'cmake_clean_cache' from command line to 'False'
[0.256s] Level 5:colcon.colcon_core.verb:set package 'turtlebot3_description' build argument 'cmake_clean_first' from command line to 'False'
[0.256s] Level 5:colcon.colcon_core.verb:set package 'turtlebot3_description' build argument 'cmake_force_configure' from command line to 'False'
[0.256s] Level 5:colcon.colcon_core.verb:set package 'turtlebot3_description' build argument 'ament_cmake_args' from command line to 'None'
[0.256s] Level 5:colcon.colcon_core.verb:set package 'turtlebot3_description' build argument 'catkin_cmake_args' from command line to 'None'
[0.256s] Level 5:colcon.colcon_core.verb:set package 'turtlebot3_description' build argument 'catkin_skip_building_tests' from command line to 'False'
[0.256s] DEBUG:colcon.colcon_core.verb:Building package 'turtlebot3_description' with the following arguments: {'ament_cmake_args': None, 'build_base': '/home/jo/mobile_test/build/turtlebot3_description', 'catkin_cmake_args': None, 'catkin_skip_building_tests': False, 'cmake_args': None, 'cmake_clean_cache': False, 'cmake_clean_first': False, 'cmake_force_configure': False, 'cmake_target': None, 'cmake_target_skip_unavailable': False, 'install_base': '/home/jo/mobile_test/install/turtlebot3_description', 'merge_install': False, 'path': '/home/jo/mobile_test/src/turtlebot3_description', 'symlink_install': True, 'test_result_base': None}
[0.256s] Level 5:colcon.colcon_core.verb:set package 'mobile_controller' build argument 'cmake_args' from command line to 'None'
[0.256s] Level 5:colcon.colcon_core.verb:set package 'mobile_controller' build argument 'cmake_target' from command line to 'None'
[0.256s] Level 5:colcon.colcon_core.verb:set package 'mobile_controller' build argument 'cmake_target_skip_unavailable' from command line to 'False'
[0.256s] Level 5:colcon.colcon_core.verb:set package 'mobile_controller' build argument 'cmake_clean_cache' from command line to 'False'
[0.256s] Level 5:colcon.colcon_core.verb:set package 'mobile_controller' build argument 'cmake_clean_first' from command line to 'False'
[0.256s] Level 5:colcon.colcon_core.verb:set package 'mobile_controller' build argument 'cmake_force_configure' from command line to 'False'
[0.256s] Level 5:colcon.colcon_core.verb:set package 'mobile_controller' build argument 'ament_cmake_args' from command line to 'None'
[0.256s] Level 5:colcon.colcon_core.verb:set package 'mobile_controller' build argument 'catkin_cmake_args' from command line to 'None'
[0.257s] Level 5:colcon.colcon_core.verb:set package 'mobile_controller' build argument 'catkin_skip_building_tests' from command line to 'False'
[0.257s] DEBUG:colcon.colcon_core.verb:Building package 'mobile_controller' with the following arguments: {'ament_cmake_args': None, 'build_base': '/home/jo/mobile_test/build/mobile_controller', 'catkin_cmake_args': None, 'catkin_skip_building_tests': False, 'cmake_args': None, 'cmake_clean_cache': False, 'cmake_clean_first': False, 'cmake_force_configure': False, 'cmake_target': None, 'cmake_target_skip_unavailable': False, 'install_base': '/home/jo/mobile_test/install/mobile_controller', 'merge_install': False, 'path': '/home/jo/mobile_test/src/mobile_controller', 'symlink_install': True, 'test_result_base': None}
[0.257s] Level 5:colcon.colcon_core.verb:set package 'my_bot' build argument 'cmake_args' from command line to 'None'
[0.257s] Level 5:colcon.colcon_core.verb:set package 'my_bot' build argument 'cmake_target' from command line to 'None'
[0.257s] Level 5:colcon.colcon_core.verb:set package 'my_bot' build argument 'cmake_target_skip_unavailable' from command line to 'False'
[0.257s] Level 5:colcon.colcon_core.verb:set package 'my_bot' build argument 'cmake_clean_cache' from command line to 'False'
[0.257s] Level 5:colcon.colcon_core.verb:set package 'my_bot' build argument 'cmake_clean_first' from command line to 'False'
[0.257s] Level 5:colcon.colcon_core.verb:set package 'my_bot' build argument 'cmake_force_configure' from command line to 'False'
[0.257s] Level 5:colcon.colcon_core.verb:set package 'my_bot' build argument 'ament_cmake_args' from command line to 'None'
[0.257s] Level 5:colcon.colcon_core.verb:set package 'my_bot' build argument 'catkin_cmake_args' from command line to 'None'
[0.257s] Level 5:colcon.colcon_core.verb:set package 'my_bot' build argument 'catkin_skip_building_tests' from command line to 'False'
[0.257s] DEBUG:colcon.colcon_core.verb:Building package 'my_bot' with the following arguments: {'ament_cmake_args': None, 'build_base': '/home/jo/mobile_test/build/my_bot', 'catkin_cmake_args': None, 'catkin_skip_building_tests': False, 'cmake_args': None, 'cmake_clean_cache': False, 'cmake_clean_first': False, 'cmake_force_configure': False, 'cmake_target': None, 'cmake_target_skip_unavailable': False, 'install_base': '/home/jo/mobile_test/install/my_bot', 'merge_install': False, 'path': '/home/jo/mobile_test/src/my_bot', 'symlink_install': True, 'test_result_base': None}
[0.257s] INFO:colcon.colcon_core.executor:Executing jobs using 'parallel' executor
[0.258s] DEBUG:colcon.colcon_parallel_executor.executor.parallel:run_until_complete
[0.259s] INFO:colcon.colcon_ros.task.ament_cmake.build:Building ROS package in '/home/jo/mobile_test/src/custom_interfaces' with build type 'ament_cmake'
[0.259s] INFO:colcon.colcon_cmake.task.cmake.build:Building CMake package in '/home/jo/mobile_test/src/custom_interfaces'
[0.262s] INFO:colcon.colcon_core.plugin_system:Skipping extension 'colcon_core.shell.bat': Not used on non-Windows systems
[0.262s] INFO:colcon.colcon_core.shell:Skip shell extension 'powershell' for command environment: Not usable outside of PowerShell
[0.262s] DEBUG:colcon.colcon_core.shell:Skip shell extension 'dsv' for command environment
[0.267s] INFO:colcon.colcon_ros.task.ament_cmake.build:Building ROS package in '/home/jo/mobile_test/src/turtlebot3_description' with build type 'ament_cmake'
[0.267s] INFO:colcon.colcon_cmake.task.cmake.build:Building CMake package in '/home/jo/mobile_test/src/turtlebot3_description'
[0.267s] INFO:colcon.colcon_core.shell:Skip shell extension 'powershell' for command environment: Not usable outside of PowerShell
[0.267s] DEBUG:colcon.colcon_core.shell:Skip shell extension 'dsv' for command environment
[0.271s] INFO:colcon.colcon_ros.task.ament_python.build:Building ROS package in '/home/jo/mobile_test/src/cmd_initial' with build type 'ament_python'
[0.271s] Level 1:colcon.colcon_core.shell:create_environment_hook('cmd_initial', 'ament_prefix_path')
[0.271s] INFO:colcon.colcon_core.shell:Creating environment hook '/home/jo/mobile_test/install/cmd_initial/share/cmd_initial/hook/ament_prefix_path.ps1'
[0.272s] INFO:colcon.colcon_core.shell:Creating environment descriptor '/home/jo/mobile_test/install/cmd_initial/share/cmd_initial/hook/ament_prefix_path.dsv'
[0.273s] INFO:colcon.colcon_core.shell:Creating environment hook '/home/jo/mobile_test/install/cmd_initial/share/cmd_initial/hook/ament_prefix_path.sh'
[0.274s] INFO:colcon.colcon_core.shell:Skip shell extension 'powershell' for command environment: Not usable outside of PowerShell
[0.274s] DEBUG:colcon.colcon_core.shell:Skip shell extension 'dsv' for command environment
[0.277s] INFO:colcon.colcon_ros.task.ament_python.build:Building ROS package in '/home/jo/mobile_test/src/turtlebot3' with build type 'ament_python'
[0.277s] Level 1:colcon.colcon_core.shell:create_environment_hook('turtlebot3', 'ament_prefix_path')
[0.278s] INFO:colcon.colcon_core.shell:Creating environment hook '/home/jo/mobile_test/install/turtlebot3/share/turtlebot3/hook/ament_prefix_path.ps1'
[0.278s] INFO:colcon.colcon_core.shell:Creating environment descriptor '/home/jo/mobile_test/install/turtlebot3/share/turtlebot3/hook/ament_prefix_path.dsv'
[0.279s] INFO:colcon.colcon_core.shell:Creating environment hook '/home/jo/mobile_test/install/turtlebot3/share/turtlebot3/hook/ament_prefix_path.sh'
[0.279s] INFO:colcon.colcon_core.shell:Skip shell extension 'powershell' for command environment: Not usable outside of PowerShell
[0.279s] DEBUG:colcon.colcon_core.shell:Skip shell extension 'dsv' for command environment
[0.288s] DEBUG:colcon.colcon_core.event_handler.log_command:Invoking command in '/home/jo/mobile_test/build/custom_interfaces': CMAKE_PREFIX_PATH=${CMAKE_PREFIX_PATH}:/home/jo/mobile_test/install/my_bot:/home/jo/mobile_test/install/turtlebot3:/home/jo/mobile_test/install/mobile_controller:/home/jo/mobile_test/install/cmd_initial:/opt/ros/humble /usr/bin/cmake --build /home/jo/mobile_test/build/custom_interfaces -- -j16 -l16
[0.294s] DEBUG:colcon.colcon_core.event_handler.log_command:Invoking command in '/home/jo/mobile_test/build/turtlebot3_description': CMAKE_PREFIX_PATH=${CMAKE_PREFIX_PATH}:/home/jo/mobile_test/install/my_bot:/home/jo/mobile_test/install/turtlebot3:/home/jo/mobile_test/install/mobile_controller:/home/jo/mobile_test/install/cmd_initial:/opt/ros/humble /usr/bin/cmake --build /home/jo/mobile_test/build/turtlebot3_description -- -j16 -l16
[0.463s] INFO:colcon.colcon_core.task.python.build:Building Python package in '/home/jo/mobile_test/src/cmd_initial'
[0.463s] INFO:colcon.colcon_core.shell:Skip shell extension 'powershell' for command environment: Not usable outside of PowerShell
[0.463s] DEBUG:colcon.colcon_core.shell:Skip shell extension 'dsv' for command environment
[0.625s] INFO:colcon.colcon_core.task.python.build:Building Python package in '/home/jo/mobile_test/src/turtlebot3'
[0.626s] INFO:colcon.colcon_core.shell:Skip shell extension 'powershell' for command environment: Not usable outside of PowerShell
[0.626s] DEBUG:colcon.colcon_core.shell:Skip shell extension 'dsv' for command environment
[0.629s] DEBUG:colcon.colcon_core.event_handler.log_command:Invoked command in '/home/jo/mobile_test/build/turtlebot3_description' returned '0': CMAKE_PREFIX_PATH=${CMAKE_PREFIX_PATH}:/home/jo/mobile_test/install/my_bot:/home/jo/mobile_test/install/turtlebot3:/home/jo/mobile_test/install/mobile_controller:/home/jo/mobile_test/install/cmd_initial:/opt/ros/humble /usr/bin/cmake --build /home/jo/mobile_test/build/turtlebot3_description -- -j16 -l16
[0.634s] DEBUG:colcon.colcon_core.event_handler.log_command:Invoked command in '/home/jo/mobile_test/build/custom_interfaces' returned '0': CMAKE_PREFIX_PATH=${CMAKE_PREFIX_PATH}:/home/jo/mobile_test/install/my_bot:/home/jo/mobile_test/install/turtlebot3:/home/jo/mobile_test/install/mobile_controller:/home/jo/mobile_test/install/cmd_initial:/opt/ros/humble /usr/bin/cmake --build /home/jo/mobile_test/build/custom_interfaces -- -j16 -l16
[0.661s] DEBUG:colcon.colcon_core.event_handler.log_command:Invoking command in '/home/jo/mobile_test/build/turtlebot3_description': CMAKE_PREFIX_PATH=${CMAKE_PREFIX_PATH}:/home/jo/mobile_test/install/my_bot:/home/jo/mobile_test/install/turtlebot3:/home/jo/mobile_test/install/mobile_controller:/home/jo/mobile_test/install/cmd_initial:/opt/ros/humble /usr/bin/cmake --install /home/jo/mobile_test/build/turtlebot3_description
[0.683s] Level 1:colcon.colcon_core.environment:create_environment_scripts_only(turtlebot3_description)
[0.684s] DEBUG:colcon.colcon_core.event_handler.log_command:Invoked command in '/home/jo/mobile_test/build/turtlebot3_description' returned '0': CMAKE_PREFIX_PATH=${CMAKE_PREFIX_PATH}:/home/jo/mobile_test/install/my_bot:/home/jo/mobile_test/install/turtlebot3:/home/jo/mobile_test/install/mobile_controller:/home/jo/mobile_test/install/cmd_initial:/opt/ros/humble /usr/bin/cmake --install /home/jo/mobile_test/build/turtlebot3_description
[0.686s] Level 1:colcon.colcon_core.environment:checking '/home/jo/mobile_test/install/turtlebot3_description' for CMake module files
[0.687s] Level 1:colcon.colcon_core.environment:checking '/home/jo/mobile_test/install/turtlebot3_description' for CMake config files
[0.687s] Level 1:colcon.colcon_core.shell:create_environment_hook('turtlebot3_description', 'cmake_prefix_path')
[0.687s] INFO:colcon.colcon_core.shell:Creating environment hook '/home/jo/mobile_test/install/turtlebot3_description/share/turtlebot3_description/hook/cmake_prefix_path.ps1'
[0.688s] INFO:colcon.colcon_core.shell:Creating environment descriptor '/home/jo/mobile_test/install/turtlebot3_description/share/turtlebot3_description/hook/cmake_prefix_path.dsv'
[0.688s] INFO:colcon.colcon_core.shell:Creating environment hook '/home/jo/mobile_test/install/turtlebot3_description/share/turtlebot3_description/hook/cmake_prefix_path.sh'
[0.689s] Level 1:colcon.colcon_core.environment:checking '/home/jo/mobile_test/install/turtlebot3_description/bin'
[0.689s] Level 1:colcon.colcon_core.environment:checking '/home/jo/mobile_test/install/turtlebot3_description/lib/pkgconfig/turtlebot3_description.pc'
[0.689s] Level 1:colcon.colcon_core.environment:checking '/home/jo/mobile_test/install/turtlebot3_description/lib/python3.10/site-packages'
[0.689s] Level 1:colcon.colcon_core.environment:checking '/home/jo/mobile_test/install/turtlebot3_description/bin'
[0.689s] INFO:colcon.colcon_core.shell:Creating package script '/home/jo/mobile_test/install/turtlebot3_description/share/turtlebot3_description/package.ps1'
[0.690s] INFO:colcon.colcon_core.shell:Creating package descriptor '/home/jo/mobile_test/install/turtlebot3_description/share/turtlebot3_description/package.dsv'
[0.691s] INFO:colcon.colcon_core.shell:Creating package script '/home/jo/mobile_test/install/turtlebot3_description/share/turtlebot3_description/package.sh'
[0.691s] INFO:colcon.colcon_core.shell:Creating package script '/home/jo/mobile_test/install/turtlebot3_description/share/turtlebot3_description/package.bash'
[0.692s] INFO:colcon.colcon_core.shell:Creating package script '/home/jo/mobile_test/install/turtlebot3_description/share/turtlebot3_description/package.zsh'
[0.692s] Level 1:colcon.colcon_core.environment:create_file_with_runtime_dependencies(/home/jo/mobile_test/install/turtlebot3_description/share/colcon-core/packages/turtlebot3_description)
[0.697s] DEBUG:colcon.colcon_core.event_handler.log_command:Invoking command in '/home/jo/mobile_test/build/custom_interfaces': CMAKE_PREFIX_PATH=${CMAKE_PREFIX_PATH}:/home/jo/mobile_test/install/my_bot:/home/jo/mobile_test/install/turtlebot3:/home/jo/mobile_test/install/mobile_controller:/home/jo/mobile_test/install/cmd_initial:/opt/ros/humble /usr/bin/cmake --install /home/jo/mobile_test/build/custom_interfaces
[0.716s] Level 1:colcon.colcon_core.environment:create_environment_scripts_only(turtlebot3_description)
[0.716s] Level 1:colcon.colcon_core.environment:checking '/home/jo/mobile_test/install/turtlebot3_description' for CMake module files
[0.717s] Level 1:colcon.colcon_core.environment:checking '/home/jo/mobile_test/install/turtlebot3_description' for CMake config files
[0.717s] Level 1:colcon.colcon_core.shell:create_environment_hook('turtlebot3_description', 'cmake_prefix_path')
[0.717s] INFO:colcon.colcon_core.shell:Creating environment hook '/home/jo/mobile_test/install/turtlebot3_description/share/turtlebot3_description/hook/cmake_prefix_path.ps1'
[0.718s] INFO:colcon.colcon_core.shell:Creating environment descriptor '/home/jo/mobile_test/install/turtlebot3_description/share/turtlebot3_description/hook/cmake_prefix_path.dsv'
[0.718s] INFO:colcon.colcon_core.shell:Creating environment hook '/home/jo/mobile_test/install/turtlebot3_description/share/turtlebot3_description/hook/cmake_prefix_path.sh'
[0.718s] Level 1:colcon.colcon_core.environment:checking '/home/jo/mobile_test/install/turtlebot3_description/bin'
[0.718s] Level 1:colcon.colcon_core.environment:checking '/home/jo/mobile_test/install/turtlebot3_description/lib/pkgconfig/turtlebot3_description.pc'
[0.719s] Level 1:colcon.colcon_core.environment:checking '/home/jo/mobile_test/install/turtlebot3_description/lib/python3.10/site-packages'
[0.719s] Level 1:colcon.colcon_core.environment:checking '/home/jo/mobile_test/install/turtlebot3_description/bin'
[0.719s] INFO:colcon.colcon_core.shell:Creating package script '/home/jo/mobile_test/install/turtlebot3_description/share/turtlebot3_description/package.ps1'
[0.719s] INFO:colcon.colcon_core.shell:Creating package descriptor '/home/jo/mobile_test/install/turtlebot3_description/share/turtlebot3_description/package.dsv'
[0.720s] INFO:colcon.colcon_core.shell:Creating package script '/home/jo/mobile_test/install/turtlebot3_description/share/turtlebot3_description/package.sh'
[0.720s] INFO:colcon.colcon_core.shell:Creating package script '/home/jo/mobile_test/install/turtlebot3_description/share/turtlebot3_description/package.bash'
[0.720s] INFO:colcon.colcon_core.shell:Creating package script '/home/jo/mobile_test/install/turtlebot3_description/share/turtlebot3_description/package.zsh'
[0.721s] Level 1:colcon.colcon_core.environment:create_file_with_runtime_dependencies(/home/jo/mobile_test/install/turtlebot3_description/share/colcon-core/packages/turtlebot3_description)
[0.721s] INFO:colcon.colcon_ros.task.ament_python.build:Building ROS package in '/home/jo/mobile_test/src/my_bot' with build type 'ament_python'
[0.721s] Level 1:colcon.colcon_core.shell:create_environment_hook('my_bot', 'ament_prefix_path')
[0.721s] INFO:colcon.colcon_core.shell:Creating environment hook '/home/jo/mobile_test/install/my_bot/share/my_bot/hook/ament_prefix_path.ps1'
[0.722s] INFO:colcon.colcon_core.shell:Creating environment descriptor '/home/jo/mobile_test/install/my_bot/share/my_bot/hook/ament_prefix_path.dsv'
[0.723s] INFO:colcon.colcon_core.shell:Creating environment hook '/home/jo/mobile_test/install/my_bot/share/my_bot/hook/ament_prefix_path.sh'
[0.723s] INFO:colcon.colcon_core.shell:Skip shell extension 'powershell' for command environment: Not usable outside of PowerShell
[0.724s] DEBUG:colcon.colcon_core.shell:Skip shell extension 'dsv' for command environment
[0.891s] INFO:colcon.colcon_core.task.python.build:Building Python package in '/home/jo/mobile_test/src/my_bot'
[0.892s] INFO:colcon.colcon_core.shell:Skip shell extension 'powershell' for command environment: Not usable outside of PowerShell
[0.892s] DEBUG:colcon.colcon_core.shell:Skip shell extension 'dsv' for command environment
[0.896s] Level 1:colcon.colcon_core.environment:create_environment_scripts_only(custom_interfaces)
[0.896s] Level 1:colcon.colcon_core.environment:checking '/home/jo/mobile_test/install/custom_interfaces' for CMake module files
[0.896s] DEBUG:colcon.colcon_core.event_handler.log_command:Invoked command in '/home/jo/mobile_test/build/custom_interfaces' returned '0': CMAKE_PREFIX_PATH=${CMAKE_PREFIX_PATH}:/home/jo/mobile_test/install/my_bot:/home/jo/mobile_test/install/turtlebot3:/home/jo/mobile_test/install/mobile_controller:/home/jo/mobile_test/install/cmd_initial:/opt/ros/humble /usr/bin/cmake --install /home/jo/mobile_test/build/custom_interfaces
[0.897s] Level 1:colcon.colcon_core.environment:checking '/home/jo/mobile_test/install/custom_interfaces' for CMake config files
[0.897s] Level 1:colcon.colcon_core.shell:create_environment_hook('custom_interfaces', 'cmake_prefix_path')
[0.897s] INFO:colcon.colcon_core.shell:Creating environment hook '/home/jo/mobile_test/install/custom_interfaces/share/custom_interfaces/hook/cmake_prefix_path.ps1'
[0.898s] INFO:colcon.colcon_core.shell:Creating environment descriptor '/home/jo/mobile_test/install/custom_interfaces/share/custom_interfaces/hook/cmake_prefix_path.dsv'
[0.898s] INFO:colcon.colcon_core.shell:Creating environment hook '/home/jo/mobile_test/install/custom_interfaces/share/custom_interfaces/hook/cmake_prefix_path.sh'
[0.898s] Level 1:colcon.colcon_core.environment:checking '/home/jo/mobile_test/install/custom_interfaces/lib'
[0.899s] Level 1:colcon.colcon_core.shell:create_environment_hook('custom_interfaces', 'ld_library_path_lib')
[0.899s] INFO:colcon.colcon_core.shell:Creating environment hook '/home/jo/mobile_test/install/custom_interfaces/share/custom_interfaces/hook/ld_library_path_lib.ps1'
[0.899s] INFO:colcon.colcon_core.shell:Creating environment descriptor '/home/jo/mobile_test/install/custom_interfaces/share/custom_interfaces/hook/ld_library_path_lib.dsv'
[0.899s] INFO:colcon.colcon_core.shell:Creating environment hook '/home/jo/mobile_test/install/custom_interfaces/share/custom_interfaces/hook/ld_library_path_lib.sh'
[0.899s] Level 1:colcon.colcon_core.environment:checking '/home/jo/mobile_test/install/custom_interfaces/bin'
[0.899s] Level 1:colcon.colcon_core.environment:checking '/home/jo/mobile_test/install/custom_interfaces/lib/pkgconfig/custom_interfaces.pc'
[0.900s] Level 1:colcon.colcon_core.environment:checking '/home/jo/mobile_test/install/custom_interfaces/lib/python3.10/site-packages'
[0.900s] Level 1:colcon.colcon_core.environment:checking '/home/jo/mobile_test/install/custom_interfaces/bin'
[0.900s] INFO:colcon.colcon_core.shell:Creating package script '/home/jo/mobile_test/install/custom_interfaces/share/custom_interfaces/package.ps1'
[0.900s] INFO:colcon.colcon_core.shell:Creating package descriptor '/home/jo/mobile_test/install/custom_interfaces/share/custom_interfaces/package.dsv'
[0.901s] INFO:colcon.colcon_core.shell:Creating package script '/home/jo/mobile_test/install/custom_interfaces/share/custom_interfaces/package.sh'
[0.901s] INFO:colcon.colcon_core.shell:Creating package script '/home/jo/mobile_test/install/custom_interfaces/share/custom_interfaces/package.bash'
[0.901s] INFO:colcon.colcon_core.shell:Creating package script '/home/jo/mobile_test/install/custom_interfaces/share/custom_interfaces/package.zsh'
[0.901s] Level 1:colcon.colcon_core.environment:create_file_with_runtime_dependencies(/home/jo/mobile_test/install/custom_interfaces/share/colcon-core/packages/custom_interfaces)
[0.982s] Level 1:colcon.colcon_core.environment:create_environment_scripts_only(custom_interfaces)
[0.983s] Level 1:colcon.colcon_core.environment:checking '/home/jo/mobile_test/install/custom_interfaces' for CMake module files
[0.983s] Level 1:colcon.colcon_core.environment:checking '/home/jo/mobile_test/install/custom_interfaces' for CMake config files
[0.983s] Level 1:colcon.colcon_core.shell:create_environment_hook('custom_interfaces', 'cmake_prefix_path')
[0.984s] INFO:colcon.colcon_core.shell:Creating environment hook '/home/jo/mobile_test/install/custom_interfaces/share/custom_interfaces/hook/cmake_prefix_path.ps1'
[0.984s] INFO:colcon.colcon_core.shell:Creating environment descriptor '/home/jo/mobile_test/install/custom_interfaces/share/custom_interfaces/hook/cmake_prefix_path.dsv'
[0.984s] INFO:colcon.colcon_core.shell:Creating environment hook '/home/jo/mobile_test/install/custom_interfaces/share/custom_interfaces/hook/cmake_prefix_path.sh'
[0.985s] Level 1:colcon.colcon_core.environment:checking '/home/jo/mobile_test/install/custom_interfaces/lib'
[0.985s] Level 1:colcon.colcon_core.shell:create_environment_hook('custom_interfaces', 'ld_library_path_lib')
[0.985s] INFO:colcon.colcon_core.shell:Creating environment hook '/home/jo/mobile_test/install/custom_interfaces/share/custom_interfaces/hook/ld_library_path_lib.ps1'
[0.985s] INFO:colcon.colcon_core.shell:Creating environment descriptor '/home/jo/mobile_test/install/custom_interfaces/share/custom_interfaces/hook/ld_library_path_lib.dsv'
[0.985s] INFO:colcon.colcon_core.shell:Creating environment hook '/home/jo/mobile_test/install/custom_interfaces/share/custom_interfaces/hook/ld_library_path_lib.sh'
[0.986s] Level 1:colcon.colcon_core.environment:checking '/home/jo/mobile_test/install/custom_interfaces/bin'
[0.986s] Level 1:colcon.colcon_core.environment:checking '/home/jo/mobile_test/install/custom_interfaces/lib/pkgconfig/custom_interfaces.pc'
[0.986s] Level 1:colcon.colcon_core.environment:checking '/home/jo/mobile_test/install/custom_interfaces/lib/python3.10/site-packages'
[0.986s] Level 1:colcon.colcon_core.environment:checking '/home/jo/mobile_test/install/custom_interfaces/bin'
[0.986s] INFO:colcon.colcon_core.shell:Creating package script '/home/jo/mobile_test/install/custom_interfaces/share/custom_interfaces/package.ps1'
[0.987s] INFO:colcon.colcon_core.shell:Creating package descriptor '/home/jo/mobile_test/install/custom_interfaces/share/custom_interfaces/package.dsv'
[0.987s] INFO:colcon.colcon_core.shell:Creating package script '/home/jo/mobile_test/install/custom_interfaces/share/custom_interfaces/package.sh'
[0.987s] INFO:colcon.colcon_core.shell:Creating package script '/home/jo/mobile_test/install/custom_interfaces/share/custom_interfaces/package.bash'
[0.988s] INFO:colcon.colcon_core.shell:Creating package script '/home/jo/mobile_test/install/custom_interfaces/share/custom_interfaces/package.zsh'
[0.988s] Level 1:colcon.colcon_core.environment:create_file_with_runtime_dependencies(/home/jo/mobile_test/install/custom_interfaces/share/colcon-core/packages/custom_interfaces)
[0.988s] INFO:colcon.colcon_ros.task.ament_python.build:Building ROS package in '/home/jo/mobile_test/src/mobile_controller' with build type 'ament_python'
[0.988s] Level 1:colcon.colcon_core.shell:create_environment_hook('mobile_controller', 'ament_prefix_path')
[0.989s] INFO:colcon.colcon_core.shell:Creating environment hook '/home/jo/mobile_test/install/mobile_controller/share/mobile_controller/hook/ament_prefix_path.ps1'
[0.989s] INFO:colcon.colcon_core.shell:Creating environment descriptor '/home/jo/mobile_test/install/mobile_controller/share/mobile_controller/hook/ament_prefix_path.dsv'
[0.989s] INFO:colcon.colcon_core.shell:Creating environment hook '/home/jo/mobile_test/install/mobile_controller/share/mobile_controller/hook/ament_prefix_path.sh'
[0.990s] INFO:colcon.colcon_core.shell:Skip shell extension 'powershell' for command environment: Not usable outside of PowerShell
[0.990s] DEBUG:colcon.colcon_core.shell:Skip shell extension 'dsv' for command environment
[1.161s] INFO:colcon.colcon_core.task.python.build:Building Python package in '/home/jo/mobile_test/src/mobile_controller'
[1.162s] INFO:colcon.colcon_core.shell:Skip shell extension 'powershell' for command environment: Not usable outside of PowerShell
[1.162s] DEBUG:colcon.colcon_core.shell:Skip shell extension 'dsv' for command environment
[1.167s] DEBUG:colcon.colcon_core.event_handler.log_command:Invoking command in '/home/jo/mobile_test/build/cmd_initial': PYTHONPATH=/home/jo/mobile_test/build/cmd_initial/prefix_override:/usr/lib/python3/dist-packages/colcon_core/task/python/colcon_distutils_commands:/home/jo/mobile_test/install/cmd_initial/lib/python3.10/site-packages:${PYTHONPATH} /usr/bin/python3 -W ignore:setup.py install is deprecated setup.py develop --editable --build-directory /home/jo/mobile_test/build/cmd_initial/build --no-deps symlink_data
[1.168s] DEBUG:colcon.colcon_core.event_handler.log_command:Invoking command in '/home/jo/mobile_test/build/turtlebot3': PYTHONPATH=/home/jo/mobile_test/build/turtlebot3/prefix_override:/usr/lib/python3/dist-packages/colcon_core/task/python/colcon_distutils_commands:/home/jo/mobile_test/install/turtlebot3/lib/python3.10/site-packages:${PYTHONPATH} /usr/bin/python3 -W ignore:setup.py install is deprecated setup.py develop --editable --build-directory /home/jo/mobile_test/build/turtlebot3/build --no-deps symlink_data
[1.285s] DEBUG:colcon.colcon_core.event_handler.log_command:Invoking command in '/home/jo/mobile_test/build/my_bot': PYTHONPATH=/home/jo/mobile_test/build/my_bot/prefix_override:/usr/lib/python3/dist-packages/colcon_core/task/python/colcon_distutils_commands:/home/jo/mobile_test/install/my_bot/lib/python3.10/site-packages:${PYTHONPATH} /usr/bin/python3 -W ignore:setup.py install is deprecated setup.py develop --editable --build-directory /home/jo/mobile_test/build/my_bot/build --no-deps symlink_data
[1.550s] DEBUG:colcon.colcon_core.event_handler.log_command:Invoking command in '/home/jo/mobile_test/build/mobile_controller': CMAKE_PREFIX_PATH=/home/jo/mobile_test/install/custom_interfaces:/home/jo/mobile_test/install/turtlebot3_description PYTHONPATH=/home/jo/mobile_test/build/mobile_controller/prefix_override:/usr/lib/python3/dist-packages/colcon_core/task/python/colcon_distutils_commands:/home/jo/mobile_test/install/mobile_controller/lib/python3.10/site-packages:${PYTHONPATH} /usr/bin/python3 -W ignore:setup.py install is deprecated setup.py develop --editable --build-directory /home/jo/mobile_test/build/mobile_controller/build --no-deps symlink_data
[1.641s] Level 1:colcon.colcon_core.shell:create_environment_hook('turtlebot3', 'pythonpath_develop')
[1.641s] INFO:colcon.colcon_core.shell:Creating environment hook '/home/jo/mobile_test/build/turtlebot3/share/turtlebot3/hook/pythonpath_develop.ps1'
[1.642s] DEBUG:colcon.colcon_core.event_handler.log_command:Invoked command in '/home/jo/mobile_test/build/turtlebot3' returned '0': PYTHONPATH=/home/jo/mobile_test/build/turtlebot3/prefix_override:/usr/lib/python3/dist-packages/colcon_core/task/python/colcon_distutils_commands:/home/jo/mobile_test/install/turtlebot3/lib/python3.10/site-packages:${PYTHONPATH} /usr/bin/python3 -W ignore:setup.py install is deprecated setup.py develop --editable --build-directory /home/jo/mobile_test/build/turtlebot3/build --no-deps symlink_data
[1.642s] INFO:colcon.colcon_core.shell:Creating environment descriptor '/home/jo/mobile_test/build/turtlebot3/share/turtlebot3/hook/pythonpath_develop.dsv'
[1.642s] INFO:colcon.colcon_core.shell:Creating environment hook '/home/jo/mobile_test/build/turtlebot3/share/turtlebot3/hook/pythonpath_develop.sh'
[1.643s] Level 1:colcon.colcon_core.environment:checking '/home/jo/mobile_test/install/turtlebot3' for CMake module files
[1.643s] Level 1:colcon.colcon_core.environment:checking '/home/jo/mobile_test/install/turtlebot3' for CMake config files
[1.643s] Level 1:colcon.colcon_core.environment:checking '/home/jo/mobile_test/install/turtlebot3/lib'
[1.643s] Level 1:colcon.colcon_core.environment:checking '/home/jo/mobile_test/install/turtlebot3/bin'
[1.643s] Level 1:colcon.colcon_core.environment:checking '/home/jo/mobile_test/install/turtlebot3/lib/pkgconfig/turtlebot3.pc'
[1.643s] Level 1:colcon.colcon_core.environment:checking '/home/jo/mobile_test/install/turtlebot3/lib/python3.10/site-packages'
[1.643s] Level 1:colcon.colcon_core.shell:create_environment_hook('turtlebot3', 'pythonpath')
[1.644s] INFO:colcon.colcon_core.shell:Creating environment hook '/home/jo/mobile_test/install/turtlebot3/share/turtlebot3/hook/pythonpath.ps1'
[1.644s] INFO:colcon.colcon_core.shell:Creating environment descriptor '/home/jo/mobile_test/install/turtlebot3/share/turtlebot3/hook/pythonpath.dsv'
[1.644s] INFO:colcon.colcon_core.shell:Creating environment hook '/home/jo/mobile_test/install/turtlebot3/share/turtlebot3/hook/pythonpath.sh'
[1.644s] Level 1:colcon.colcon_core.environment:checking '/home/jo/mobile_test/install/turtlebot3/bin'
[1.645s] Level 1:colcon.colcon_core.environment:create_environment_scripts_only(turtlebot3)
[1.645s] INFO:colcon.colcon_core.shell:Creating package script '/home/jo/mobile_test/install/turtlebot3/share/turtlebot3/package.ps1'
[1.645s] INFO:colcon.colcon_core.shell:Creating package descriptor '/home/jo/mobile_test/install/turtlebot3/share/turtlebot3/package.dsv'
[1.645s] INFO:colcon.colcon_core.shell:Creating package script '/home/jo/mobile_test/install/turtlebot3/share/turtlebot3/package.sh'
[1.646s] INFO:colcon.colcon_core.shell:Creating package script '/home/jo/mobile_test/install/turtlebot3/share/turtlebot3/package.bash'
[1.646s] INFO:colcon.colcon_core.shell:Creating package script '/home/jo/mobile_test/install/turtlebot3/share/turtlebot3/package.zsh'
[1.646s] Level 1:colcon.colcon_core.environment:create_file_with_runtime_dependencies(/home/jo/mobile_test/install/turtlebot3/share/colcon-core/packages/turtlebot3)
[1.647s] Level 1:colcon.colcon_core.shell:create_environment_hook('cmd_initial', 'pythonpath_develop')
[1.647s] INFO:colcon.colcon_core.shell:Creating environment hook '/home/jo/mobile_test/build/cmd_initial/share/cmd_initial/hook/pythonpath_develop.ps1'
[1.648s] INFO:colcon.colcon_core.shell:Creating environment descriptor '/home/jo/mobile_test/build/cmd_initial/share/cmd_initial/hook/pythonpath_develop.dsv'
[1.648s] INFO:colcon.colcon_core.shell:Creating environment hook '/home/jo/mobile_test/build/cmd_initial/share/cmd_initial/hook/pythonpath_develop.sh'
[1.648s] DEBUG:colcon.colcon_core.event_handler.log_command:Invoked command in '/home/jo/mobile_test/build/cmd_initial' returned '0': PYTHONPATH=/home/jo/mobile_test/build/cmd_initial/prefix_override:/usr/lib/python3/dist-packages/colcon_core/task/python/colcon_distutils_commands:/home/jo/mobile_test/install/cmd_initial/lib/python3.10/site-packages:${PYTHONPATH} /usr/bin/python3 -W ignore:setup.py install is deprecated setup.py develop --editable --build-directory /home/jo/mobile_test/build/cmd_initial/build --no-deps symlink_data
[1.648s] Level 1:colcon.colcon_core.environment:checking '/home/jo/mobile_test/install/cmd_initial' for CMake module files
[1.649s] Level 1:colcon.colcon_core.environment:checking '/home/jo/mobile_test/install/cmd_initial' for CMake config files
[1.649s] Level 1:colcon.colcon_core.environment:checking '/home/jo/mobile_test/install/cmd_initial/lib'
[1.649s] Level 1:colcon.colcon_core.environment:checking '/home/jo/mobile_test/install/cmd_initial/bin'
[1.649s] Level 1:colcon.colcon_core.environment:checking '/home/jo/mobile_test/install/cmd_initial/lib/pkgconfig/cmd_initial.pc'
[1.649s] Level 1:colcon.colcon_core.environment:checking '/home/jo/mobile_test/install/cmd_initial/lib/python3.10/site-packages'
[1.649s] Level 1:colcon.colcon_core.shell:create_environment_hook('cmd_initial', 'pythonpath')
[1.649s] INFO:colcon.colcon_core.shell:Creating environment hook '/home/jo/mobile_test/install/cmd_initial/share/cmd_initial/hook/pythonpath.ps1'
[1.650s] INFO:colcon.colcon_core.shell:Creating environment descriptor '/home/jo/mobile_test/install/cmd_initial/share/cmd_initial/hook/pythonpath.dsv'
[1.650s] INFO:colcon.colcon_core.shell:Creating environment hook '/home/jo/mobile_test/install/cmd_initial/share/cmd_initial/hook/pythonpath.sh'
[1.650s] Level 1:colcon.colcon_core.environment:checking '/home/jo/mobile_test/install/cmd_initial/bin'
[1.650s] Level 1:colcon.colcon_core.environment:create_environment_scripts_only(cmd_initial)
[1.650s] INFO:colcon.colcon_core.shell:Creating package script '/home/jo/mobile_test/install/cmd_initial/share/cmd_initial/package.ps1'
[1.651s] INFO:colcon.colcon_core.shell:Creating package descriptor '/home/jo/mobile_test/install/cmd_initial/share/cmd_initial/package.dsv'
[1.651s] INFO:colcon.colcon_core.shell:Creating package script '/home/jo/mobile_test/install/cmd_initial/share/cmd_initial/package.sh'
[1.651s] INFO:colcon.colcon_core.shell:Creating package script '/home/jo/mobile_test/install/cmd_initial/share/cmd_initial/package.bash'
[1.652s] INFO:colcon.colcon_core.shell:Creating package script '/home/jo/mobile_test/install/cmd_initial/share/cmd_initial/package.zsh'
[1.652s] Level 1:colcon.colcon_core.environment:create_file_with_runtime_dependencies(/home/jo/mobile_test/install/cmd_initial/share/colcon-core/packages/cmd_initial)
[1.738s] Level 1:colcon.colcon_core.shell:create_environment_hook('my_bot', 'pythonpath_develop')
[1.738s] INFO:colcon.colcon_core.shell:Creating environment hook '/home/jo/mobile_test/build/my_bot/share/my_bot/hook/pythonpath_develop.ps1'
[1.739s] DEBUG:colcon.colcon_core.event_handler.log_command:Invoked command in '/home/jo/mobile_test/build/my_bot' returned '0': PYTHONPATH=/home/jo/mobile_test/build/my_bot/prefix_override:/usr/lib/python3/dist-packages/colcon_core/task/python/colcon_distutils_commands:/home/jo/mobile_test/install/my_bot/lib/python3.10/site-packages:${PYTHONPATH} /usr/bin/python3 -W ignore:setup.py install is deprecated setup.py develop --editable --build-directory /home/jo/mobile_test/build/my_bot/build --no-deps symlink_data
[1.739s] INFO:colcon.colcon_core.shell:Creating environment descriptor '/home/jo/mobile_test/build/my_bot/share/my_bot/hook/pythonpath_develop.dsv'
[1.739s] INFO:colcon.colcon_core.shell:Creating environment hook '/home/jo/mobile_test/build/my_bot/share/my_bot/hook/pythonpath_develop.sh'
[1.740s] Level 1:colcon.colcon_core.environment:checking '/home/jo/mobile_test/install/my_bot' for CMake module files
[1.740s] Level 1:colcon.colcon_core.environment:checking '/home/jo/mobile_test/install/my_bot' for CMake config files
[1.741s] Level 1:colcon.colcon_core.environment:checking '/home/jo/mobile_test/install/my_bot/lib'
[1.741s] Level 1:colcon.colcon_core.environment:checking '/home/jo/mobile_test/install/my_bot/bin'
[1.741s] Level 1:colcon.colcon_core.environment:checking '/home/jo/mobile_test/install/my_bot/lib/pkgconfig/my_bot.pc'
[1.741s] Level 1:colcon.colcon_core.environment:checking '/home/jo/mobile_test/install/my_bot/lib/python3.10/site-packages'
[1.741s] Level 1:colcon.colcon_core.shell:create_environment_hook('my_bot', 'pythonpath')
[1.741s] INFO:colcon.colcon_core.shell:Creating environment hook '/home/jo/mobile_test/install/my_bot/share/my_bot/hook/pythonpath.ps1'
[1.741s] INFO:colcon.colcon_core.shell:Creating environment descriptor '/home/jo/mobile_test/install/my_bot/share/my_bot/hook/pythonpath.dsv'
[1.742s] INFO:colcon.colcon_core.shell:Creating environment hook '/home/jo/mobile_test/install/my_bot/share/my_bot/hook/pythonpath.sh'
[1.742s] Level 1:colcon.colcon_core.environment:checking '/home/jo/mobile_test/install/my_bot/bin'
[1.742s] Level 1:colcon.colcon_core.environment:create_environment_scripts_only(my_bot)
[1.742s] INFO:colcon.colcon_core.shell:Creating package script '/home/jo/mobile_test/install/my_bot/share/my_bot/package.ps1'
[1.743s] INFO:colcon.colcon_core.shell:Creating package descriptor '/home/jo/mobile_test/install/my_bot/share/my_bot/package.dsv'
[1.743s] INFO:colcon.colcon_core.shell:Creating package script '/home/jo/mobile_test/install/my_bot/share/my_bot/package.sh'
[1.743s] INFO:colcon.colcon_core.shell:Creating package script '/home/jo/mobile_test/install/my_bot/share/my_bot/package.bash'
[1.744s] INFO:colcon.colcon_core.shell:Creating package script '/home/jo/mobile_test/install/my_bot/share/my_bot/package.zsh'
[1.744s] Level 1:colcon.colcon_core.environment:create_file_with_runtime_dependencies(/home/jo/mobile_test/install/my_bot/share/colcon-core/packages/my_bot)
[2.046s] Level 1:colcon.colcon_core.shell:create_environment_hook('mobile_controller', 'pythonpath_develop')
[2.046s] INFO:colcon.colcon_core.shell:Creating environment hook '/home/jo/mobile_test/build/mobile_controller/share/mobile_controller/hook/pythonpath_develop.ps1'
[2.047s] DEBUG:colcon.colcon_core.event_handler.log_command:Invoked command in '/home/jo/mobile_test/build/mobile_controller' returned '0': CMAKE_PREFIX_PATH=/home/jo/mobile_test/install/custom_interfaces:/home/jo/mobile_test/install/turtlebot3_description PYTHONPATH=/home/jo/mobile_test/build/mobile_controller/prefix_override:/usr/lib/python3/dist-packages/colcon_core/task/python/colcon_distutils_commands:/home/jo/mobile_test/install/mobile_controller/lib/python3.10/site-packages:${PYTHONPATH} /usr/bin/python3 -W ignore:setup.py install is deprecated setup.py develop --editable --build-directory /home/jo/mobile_test/build/mobile_controller/build --no-deps symlink_data
[2.047s] INFO:colcon.colcon_core.shell:Creating environment descriptor '/home/jo/mobile_test/build/mobile_controller/share/mobile_controller/hook/pythonpath_develop.dsv'
[2.048s] INFO:colcon.colcon_core.shell:Creating environment hook '/home/jo/mobile_test/build/mobile_controller/share/mobile_controller/hook/pythonpath_develop.sh'
[2.048s] Level 1:colcon.colcon_core.environment:checking '/home/jo/mobile_test/install/mobile_controller' for CMake module files
[2.048s] Level 1:colcon.colcon_core.environment:checking '/home/jo/mobile_test/install/mobile_controller' for CMake config files
[2.049s] Level 1:colcon.colcon_core.environment:checking '/home/jo/mobile_test/install/mobile_controller/lib'
[2.049s] Level 1:colcon.colcon_core.environment:checking '/home/jo/mobile_test/install/mobile_controller/bin'
[2.049s] Level 1:colcon.colcon_core.environment:checking '/home/jo/mobile_test/install/mobile_controller/lib/pkgconfig/mobile_controller.pc'
[2.049s] Level 1:colcon.colcon_core.environment:checking '/home/jo/mobile_test/install/mobile_controller/lib/python3.10/site-packages'
[2.049s] Level 1:colcon.colcon_core.shell:create_environment_hook('mobile_controller', 'pythonpath')
[2.049s] INFO:colcon.colcon_core.shell:Creating environment hook '/home/jo/mobile_test/install/mobile_controller/share/mobile_controller/hook/pythonpath.ps1'
[2.049s] INFO:colcon.colcon_core.shell:Creating environment descriptor '/home/jo/mobile_test/install/mobile_controller/share/mobile_controller/hook/pythonpath.dsv'
[2.050s] INFO:colcon.colcon_core.shell:Creating environment hook '/home/jo/mobile_test/install/mobile_controller/share/mobile_controller/hook/pythonpath.sh'
[2.050s] Level 1:colcon.colcon_core.environment:checking '/home/jo/mobile_test/install/mobile_controller/bin'
[2.050s] Level 1:colcon.colcon_core.environment:create_environment_scripts_only(mobile_controller)
[2.050s] INFO:colcon.colcon_core.shell:Creating package script '/home/jo/mobile_test/install/mobile_controller/share/mobile_controller/package.ps1'
[2.051s] INFO:colcon.colcon_core.shell:Creating package descriptor '/home/jo/mobile_test/install/mobile_controller/share/mobile_controller/package.dsv'
[2.051s] INFO:colcon.colcon_core.shell:Creating package script '/home/jo/mobile_test/install/mobile_controller/share/mobile_controller/package.sh'
[2.051s] INFO:colcon.colcon_core.shell:Creating package script '/home/jo/mobile_test/install/mobile_controller/share/mobile_controller/package.bash'
[2.052s] INFO:colcon.colcon_core.shell:Creating package script '/home/jo/mobile_test/install/mobile_controller/share/mobile_controller/package.zsh'
[2.052s] Level 1:colcon.colcon_core.environment:create_file_with_runtime_dependencies(/home/jo/mobile_test/install/mobile_controller/share/colcon-core/packages/mobile_controller)
[2.052s] DEBUG:colcon.colcon_parallel_executor.executor.parallel:closing loop
[2.053s] DEBUG:colcon.colcon_parallel_executor.executor.parallel:loop closed
[2.053s] DEBUG:colcon.colcon_parallel_executor.executor.parallel:run_until_complete finished with '0'
[2.053s] DEBUG:colcon.colcon_core.event_reactor:joining thread
[2.059s] INFO:colcon.colcon_core.plugin_system:Skipping extension 'colcon_notification.desktop_notification.terminal_notifier': Not used on non-Darwin systems
[2.059s] INFO:colcon.colcon_core.plugin_system:Skipping extension 'colcon_notification.desktop_notification.win32': Not used on non-Windows systems
[2.059s] INFO:colcon.colcon_notification.desktop_notification:Sending desktop notification using 'notify2'
[2.081s] DEBUG:colcon.colcon_core.event_reactor:joined thread
[2.081s] INFO:colcon.colcon_core.shell:Creating prefix script '/home/jo/mobile_test/install/local_setup.ps1'
[2.083s] INFO:colcon.colcon_core.shell:Creating prefix util module '/home/jo/mobile_test/install/_local_setup_util_ps1.py'
[2.084s] INFO:colcon.colcon_core.shell:Creating prefix chain script '/home/jo/mobile_test/install/setup.ps1'
[2.085s] INFO:colcon.colcon_core.shell:Creating prefix script '/home/jo/mobile_test/install/local_setup.sh'
[2.085s] INFO:colcon.colcon_core.shell:Creating prefix util module '/home/jo/mobile_test/install/_local_setup_util_sh.py'
[2.086s] INFO:colcon.colcon_core.shell:Creating prefix chain script '/home/jo/mobile_test/install/setup.sh'
[2.087s] INFO:colcon.colcon_core.shell:Creating prefix script '/home/jo/mobile_test/install/local_setup.bash'
[2.087s] INFO:colcon.colcon_core.shell:Creating prefix chain script '/home/jo/mobile_test/install/setup.bash'
[2.088s] INFO:colcon.colcon_core.shell:Creating prefix script '/home/jo/mobile_test/install/local_setup.zsh'
[2.088s] INFO:colcon.colcon_core.shell:Creating prefix chain script '/home/jo/mobile_test/install/setup.zsh'
