[0.020s] Invoking command in '/home/jo/mobile_test/build/turtlebot3_description': CMAKE_PREFIX_PATH=${CMAKE_PREFIX_PATH}:/home/jo/mobile_test/install/my_bot:/home/jo/mobile_test/install/turtlebot3:/home/jo/mobile_test/install/mobile_controller:/home/jo/mobile_test/install/cmd_initial:/opt/ros/humble /usr/bin/cmake /home/jo/mobile_test/src/turtlebot3_description -DAMENT_CMAKE_SYMLINK_INSTALL=1 -DCMAKE_INSTALL_PREFIX=/home/jo/mobile_test/install/turtlebot3_description
[0.243s] -- The C compiler identification is GNU 11.4.0
[0.243s] -- The CXX compiler identification is GNU 11.4.0
[0.243s] -- Detecting C compiler ABI info
[0.243s] -- Detecting C compiler ABI info - done
[0.244s] -- Check for working C compiler: /usr/bin/cc - skipped
[0.244s] -- Detecting C compile features
[0.244s] -- Detecting C compile features - done
[0.244s] -- Detecting CXX compiler ABI info
[0.327s] -- Detecting CXX compiler ABI info - done
[0.338s] -- Check for working CXX compiler: /usr/bin/c++ - skipped
[0.338s] -- Detecting CXX compile features
[0.339s] -- Detecting CXX compile features - done
[0.343s] -- Found ament_cmake: 1.3.10 (/opt/ros/humble/share/ament_cmake/cmake)
[0.724s] -- Found Python3: /usr/bin/python3 (found version "3.10.12") found components: Interpreter 
[0.772s] -- Override CMake install command with custom implementation using symlinks instead of copying resources
[0.794s] -- Found urdf: 2.6.1 (/opt/ros/humble/share/urdf/cmake)
[0.838s] -- Found xacro: 2.0.8 (/opt/ros/humble/share/xacro/cmake)
[0.890s] -- Configuring done
[0.892s] -- Generating done
[0.893s] -- Build files have been written to: /home/jo/mobile_test/build/turtlebot3_description
[0.899s] Invoked command in '/home/jo/mobile_test/build/turtlebot3_description' returned '0': CMAKE_PREFIX_PATH=${CMAKE_PREFIX_PATH}:/home/jo/mobile_test/install/my_bot:/home/jo/mobile_test/install/turtlebot3:/home/jo/mobile_test/install/mobile_controller:/home/jo/mobile_test/install/cmd_initial:/opt/ros/humble /usr/bin/cmake /home/jo/mobile_test/src/turtlebot3_description -DAMENT_CMAKE_SYMLINK_INSTALL=1 -DCMAKE_INSTALL_PREFIX=/home/jo/mobile_test/install/turtlebot3_description
[0.901s] Invoking command in '/home/jo/mobile_test/build/turtlebot3_description': CMAKE_PREFIX_PATH=${CMAKE_PREFIX_PATH}:/home/jo/mobile_test/install/my_bot:/home/jo/mobile_test/install/turtlebot3:/home/jo/mobile_test/install/mobile_controller:/home/jo/mobile_test/install/cmd_initial:/opt/ros/humble /usr/bin/cmake --build /home/jo/mobile_test/build/turtlebot3_description -- -j16 -l16
[0.939s] Invoked command in '/home/jo/mobile_test/build/turtlebot3_description' returned '0': CMAKE_PREFIX_PATH=${CMAKE_PREFIX_PATH}:/home/jo/mobile_test/install/my_bot:/home/jo/mobile_test/install/turtlebot3:/home/jo/mobile_test/install/mobile_controller:/home/jo/mobile_test/install/cmd_initial:/opt/ros/humble /usr/bin/cmake --build /home/jo/mobile_test/build/turtlebot3_description -- -j16 -l16
[0.970s] Invoking command in '/home/jo/mobile_test/build/turtlebot3_description': CMAKE_PREFIX_PATH=${CMAKE_PREFIX_PATH}:/home/jo/mobile_test/install/my_bot:/home/jo/mobile_test/install/turtlebot3:/home/jo/mobile_test/install/mobile_controller:/home/jo/mobile_test/install/cmd_initial:/opt/ros/humble /usr/bin/cmake --install /home/jo/mobile_test/build/turtlebot3_description
[0.976s] -- Install configuration: ""
[0.976s] -- Execute custom install script
[0.976s] -- Symlinking: /home/jo/mobile_test/install/turtlebot3_description/share/ament_index/resource_index/package_run_dependencies/turtlebot3_description
[0.985s] -- Symlinking: /home/jo/mobile_test/install/turtlebot3_description/share/ament_index/resource_index/parent_prefix_path/turtlebot3_description
[0.995s] -- Symlinking: /home/jo/mobile_test/install/turtlebot3_description/share/turtlebot3_description/environment/ament_prefix_path.sh
[1.004s] -- Symlinking: /home/jo/mobile_test/install/turtlebot3_description/share/turtlebot3_description/environment/ament_prefix_path.dsv
[1.011s] -- Symlinking: /home/jo/mobile_test/install/turtlebot3_description/share/turtlebot3_description/environment/path.sh
[1.020s] -- Symlinking: /home/jo/mobile_test/install/turtlebot3_description/share/turtlebot3_description/environment/path.dsv
[1.028s] -- Symlinking: /home/jo/mobile_test/install/turtlebot3_description/share/turtlebot3_description/local_setup.bash
[1.035s] -- Symlinking: /home/jo/mobile_test/install/turtlebot3_description/share/turtlebot3_description/local_setup.sh
[1.042s] -- Symlinking: /home/jo/mobile_test/install/turtlebot3_description/share/turtlebot3_description/local_setup.zsh
[1.050s] -- Symlinking: /home/jo/mobile_test/install/turtlebot3_description/share/turtlebot3_description/local_setup.dsv
[1.057s] -- Symlinking: /home/jo/mobile_test/install/turtlebot3_description/share/turtlebot3_description/package.dsv
[1.065s] -- Symlinking: /home/jo/mobile_test/install/turtlebot3_description/share/ament_index/resource_index/packages/turtlebot3_description
[1.072s] -- Symlinking: /home/jo/mobile_test/install/turtlebot3_description/share/turtlebot3_description/cmake/turtlebot3_descriptionConfig.cmake
[1.080s] -- Symlinking: /home/jo/mobile_test/install/turtlebot3_description/share/turtlebot3_description/cmake/turtlebot3_descriptionConfig-version.cmake
[1.087s] -- Symlinking: /home/jo/mobile_test/install/turtlebot3_description/share/turtlebot3_description/package.xml
[1.094s] -- Symlinking: /home/jo/mobile_test/install/turtlebot3_description/share/turtlebot3_description/meshes/bases/burger_base.stl
[1.102s] -- Symlinking: /home/jo/mobile_test/install/turtlebot3_description/share/turtlebot3_description/meshes/bases/waffle_base.stl
[1.110s] -- Symlinking: /home/jo/mobile_test/install/turtlebot3_description/share/turtlebot3_description/meshes/bases/waffle_base_for_open_manipulator.stl
[1.118s] -- Symlinking: /home/jo/mobile_test/install/turtlebot3_description/share/turtlebot3_description/meshes/bases/waffle_pi_base.stl
[1.125s] -- Symlinking: /home/jo/mobile_test/install/turtlebot3_description/share/turtlebot3_description/meshes/bases/waffle_pi_base_for_open_manipulator.stl
[1.133s] -- Symlinking: /home/jo/mobile_test/install/turtlebot3_description/share/turtlebot3_description/meshes/sensors/astra.dae
[1.141s] -- Symlinking: /home/jo/mobile_test/install/turtlebot3_description/share/turtlebot3_description/meshes/sensors/astra.jpg
[1.148s] -- Symlinking: /home/jo/mobile_test/install/turtlebot3_description/share/turtlebot3_description/meshes/sensors/lds.stl
[1.155s] -- Symlinking: /home/jo/mobile_test/install/turtlebot3_description/share/turtlebot3_description/meshes/sensors/r200.dae
[1.162s] -- Symlinking: /home/jo/mobile_test/install/turtlebot3_description/share/turtlebot3_description/meshes/sensors/r200.jpg
[1.170s] -- Symlinking: /home/jo/mobile_test/install/turtlebot3_description/share/turtlebot3_description/meshes/wheels/left_tire.stl
[1.178s] -- Symlinking: /home/jo/mobile_test/install/turtlebot3_description/share/turtlebot3_description/meshes/wheels/right_tire.stl
[1.186s] -- Symlinking: /home/jo/mobile_test/install/turtlebot3_description/share/turtlebot3_description/rviz/waffle_pi.rviz
[1.193s] -- Symlinking: /home/jo/mobile_test/install/turtlebot3_description/share/turtlebot3_description/urdf/common_properties.xacro
[1.201s] -- Symlinking: /home/jo/mobile_test/install/turtlebot3_description/share/turtlebot3_description/urdf/turtlebot3_waffle.gazebo.xacro
[1.208s] -- Symlinking: /home/jo/mobile_test/install/turtlebot3_description/share/turtlebot3_description/urdf/turtlebot3_waffle.urdf.xacro
[1.215s] -- Symlinking: /home/jo/mobile_test/install/turtlebot3_description/share/turtlebot3_description/urdf/turtlebot3_waffle_for_open_manipulator.urdf.xacro
[1.223s] -- Symlinking: /home/jo/mobile_test/install/turtlebot3_description/share/turtlebot3_description/urdf/turtlebot3_waffle_pi.gazebo.xacro
[1.231s] -- Symlinking: /home/jo/mobile_test/install/turtlebot3_description/share/turtlebot3_description/urdf/turtlebot3_waffle_pi.urdf.xacro
[1.239s] -- Symlinking: /home/jo/mobile_test/install/turtlebot3_description/share/turtlebot3_description/urdf/turtlebot3_waffle_pi_for_open_manipulator.gazebo.xacro
[1.246s] -- Symlinking: /home/jo/mobile_test/install/turtlebot3_description/share/turtlebot3_description/urdf/turtlebot3_waffle_pi_for_open_manipulator.urdf.xacro
[1.256s] Invoked command in '/home/jo/mobile_test/build/turtlebot3_description' returned '0': CMAKE_PREFIX_PATH=${CMAKE_PREFIX_PATH}:/home/jo/mobile_test/install/my_bot:/home/jo/mobile_test/install/turtlebot3:/home/jo/mobile_test/install/mobile_controller:/home/jo/mobile_test/install/cmd_initial:/opt/ros/humble /usr/bin/cmake --install /home/jo/mobile_test/build/turtlebot3_description
