[0.024s] Invoking command in '/home/jo/mobile_test/build/turtlebot3_description': CMAKE_PREFIX_PATH=${CMAKE_PREFIX_PATH}:/home/jo/mobile_test/install/my_bot:/home/jo/mobile_test/install/turtlebot3:/home/jo/mobile_test/install/mobile_controller:/home/jo/mobile_test/install/cmd_initial:/opt/ros/humble /usr/bin/cmake --build /home/jo/mobile_test/build/turtlebot3_description -- -j16 -l16
[0.461s] Invoked command in '/home/jo/mobile_test/build/turtlebot3_description' returned '0': CMAKE_PREFIX_PATH=${CMAKE_PREFIX_PATH}:/home/jo/mobile_test/install/my_bot:/home/jo/mobile_test/install/turtlebot3:/home/jo/mobile_test/install/mobile_controller:/home/jo/mobile_test/install/cmd_initial:/opt/ros/humble /usr/bin/cmake --build /home/jo/mobile_test/build/turtlebot3_description -- -j16 -l16
[0.489s] Invoking command in '/home/jo/mobile_test/build/turtlebot3_description': CMAKE_PREFIX_PATH=${CMAKE_PREFIX_PATH}:/home/jo/mobile_test/install/my_bot:/home/jo/mobile_test/install/turtlebot3:/home/jo/mobile_test/install/mobile_controller:/home/jo/mobile_test/install/cmd_initial:/opt/ros/humble /usr/bin/cmake --install /home/jo/mobile_test/build/turtlebot3_description
[0.495s] -- Install configuration: ""
[0.496s] -- Execute custom install script
[0.496s] -- Up-to-date symlink: /home/jo/mobile_test/install/turtlebot3_description/share/ament_index/resource_index/package_run_dependencies/turtlebot3_description
[0.496s] -- Up-to-date symlink: /home/jo/mobile_test/install/turtlebot3_description/share/ament_index/resource_index/parent_prefix_path/turtlebot3_description
[0.496s] -- Up-to-date symlink: /home/jo/mobile_test/install/turtlebot3_description/share/turtlebot3_description/environment/ament_prefix_path.sh
[0.496s] -- Up-to-date symlink: /home/jo/mobile_test/install/turtlebot3_description/share/turtlebot3_description/environment/ament_prefix_path.dsv
[0.496s] -- Up-to-date symlink: /home/jo/mobile_test/install/turtlebot3_description/share/turtlebot3_description/environment/path.sh
[0.496s] -- Up-to-date symlink: /home/jo/mobile_test/install/turtlebot3_description/share/turtlebot3_description/environment/path.dsv
[0.496s] -- Up-to-date symlink: /home/jo/mobile_test/install/turtlebot3_description/share/turtlebot3_description/local_setup.bash
[0.497s] -- Up-to-date symlink: /home/jo/mobile_test/install/turtlebot3_description/share/turtlebot3_description/local_setup.sh
[0.497s] -- Up-to-date symlink: /home/jo/mobile_test/install/turtlebot3_description/share/turtlebot3_description/local_setup.zsh
[0.497s] -- Up-to-date symlink: /home/jo/mobile_test/install/turtlebot3_description/share/turtlebot3_description/local_setup.dsv
[0.497s] -- Symlinking: /home/jo/mobile_test/install/turtlebot3_description/share/turtlebot3_description/package.dsv
[0.505s] -- Up-to-date symlink: /home/jo/mobile_test/install/turtlebot3_description/share/ament_index/resource_index/packages/turtlebot3_description
[0.505s] -- Up-to-date symlink: /home/jo/mobile_test/install/turtlebot3_description/share/turtlebot3_description/cmake/turtlebot3_descriptionConfig.cmake
[0.505s] -- Up-to-date symlink: /home/jo/mobile_test/install/turtlebot3_description/share/turtlebot3_description/cmake/turtlebot3_descriptionConfig-version.cmake
[0.505s] -- Up-to-date symlink: /home/jo/mobile_test/install/turtlebot3_description/share/turtlebot3_description/package.xml
[0.505s] -- Up-to-date symlink: /home/jo/mobile_test/install/turtlebot3_description/share/turtlebot3_description/meshes/bases/burger_base.stl
[0.505s] -- Up-to-date symlink: /home/jo/mobile_test/install/turtlebot3_description/share/turtlebot3_description/meshes/bases/waffle_base.stl
[0.505s] -- Up-to-date symlink: /home/jo/mobile_test/install/turtlebot3_description/share/turtlebot3_description/meshes/bases/waffle_base_for_open_manipulator.stl
[0.505s] -- Up-to-date symlink: /home/jo/mobile_test/install/turtlebot3_description/share/turtlebot3_description/meshes/bases/waffle_pi_base.stl
[0.506s] -- Up-to-date symlink: /home/jo/mobile_test/install/turtlebot3_description/share/turtlebot3_description/meshes/bases/waffle_pi_base_for_open_manipulator.stl
[0.506s] -- Up-to-date symlink: /home/jo/mobile_test/install/turtlebot3_description/share/turtlebot3_description/meshes/sensors/astra.dae
[0.506s] -- Up-to-date symlink: /home/jo/mobile_test/install/turtlebot3_description/share/turtlebot3_description/meshes/sensors/astra.jpg
[0.506s] -- Up-to-date symlink: /home/jo/mobile_test/install/turtlebot3_description/share/turtlebot3_description/meshes/sensors/lds.stl
[0.506s] -- Up-to-date symlink: /home/jo/mobile_test/install/turtlebot3_description/share/turtlebot3_description/meshes/sensors/r200.dae
[0.506s] -- Up-to-date symlink: /home/jo/mobile_test/install/turtlebot3_description/share/turtlebot3_description/meshes/sensors/r200.jpg
[0.506s] -- Up-to-date symlink: /home/jo/mobile_test/install/turtlebot3_description/share/turtlebot3_description/meshes/wheels/left_tire.stl
[0.506s] -- Up-to-date symlink: /home/jo/mobile_test/install/turtlebot3_description/share/turtlebot3_description/meshes/wheels/right_tire.stl
[0.506s] -- Up-to-date symlink: /home/jo/mobile_test/install/turtlebot3_description/share/turtlebot3_description/rviz/waffle_pi.rviz
[0.506s] -- Up-to-date symlink: /home/jo/mobile_test/install/turtlebot3_description/share/turtlebot3_description/urdf/common_properties.xacro
[0.506s] -- Up-to-date symlink: /home/jo/mobile_test/install/turtlebot3_description/share/turtlebot3_description/urdf/turtlebot3_waffle.gazebo.xacro
[0.507s] -- Up-to-date symlink: /home/jo/mobile_test/install/turtlebot3_description/share/turtlebot3_description/urdf/turtlebot3_waffle.urdf.xacro
[0.507s] -- Up-to-date symlink: /home/jo/mobile_test/install/turtlebot3_description/share/turtlebot3_description/urdf/turtlebot3_waffle_for_open_manipulator.urdf.xacro
[0.507s] -- Up-to-date symlink: /home/jo/mobile_test/install/turtlebot3_description/share/turtlebot3_description/urdf/turtlebot3_waffle_pi.gazebo.xacro
[0.507s] -- Up-to-date symlink: /home/jo/mobile_test/install/turtlebot3_description/share/turtlebot3_description/urdf/turtlebot3_waffle_pi.urdf.xacro
[0.507s] -- Up-to-date symlink: /home/jo/mobile_test/install/turtlebot3_description/share/turtlebot3_description/urdf/turtlebot3_waffle_pi_for_open_manipulator.gazebo.xacro
[0.507s] -- Up-to-date symlink: /home/jo/mobile_test/install/turtlebot3_description/share/turtlebot3_description/urdf/turtlebot3_waffle_pi_for_open_manipulator.urdf.xacro
[0.509s] Invoked command in '/home/jo/mobile_test/build/turtlebot3_description' returned '0': CMAKE_PREFIX_PATH=${CMAKE_PREFIX_PATH}:/home/jo/mobile_test/install/my_bot:/home/jo/mobile_test/install/turtlebot3:/home/jo/mobile_test/install/mobile_controller:/home/jo/mobile_test/install/cmd_initial:/opt/ros/humble /usr/bin/cmake --install /home/jo/mobile_test/build/turtlebot3_description
