[0.702s] Invoking command in '/home/jo/mobile_test/build/mobile_controller': AMENT_PREFIX_PATH=/home/jo/mobile_test/install/custom_interfaces:${AMENT_PREFIX_PATH} CMAKE_PREFIX_PATH=/home/jo/mobile_test/install/custom_interfaces LD_LIBRARY_PATH=/home/jo/mobile_test/install/custom_interfaces/lib:${LD_LIBRARY_PATH} PYTHONPATH=/home/jo/mobile_test/build/mobile_controller/prefix_override:/usr/lib/python3/dist-packages/colcon_core/task/python/colcon_distutils_commands:/home/jo/mobile_test/install/mobile_controller/lib/python3.10/site-packages:/home/jo/mobile_test/install/custom_interfaces/local/lib/python3.10/dist-packages:${PYTHONPATH} /usr/bin/python3 -W ignore:setup.py install is deprecated setup.py develop --editable --build-directory /home/jo/mobile_test/build/mobile_controller/build --no-deps symlink_data
[0.824s] /home/jo/.local/lib/python3.10/site-packages/setuptools/_distutils/dist.py:260: UserWarning: Unknown distribution option: 'tests_require'
[0.824s]   warnings.warn(msg)
[0.941s] running develop
[0.941s] /home/jo/.local/lib/python3.10/site-packages/setuptools/command/develop.py:41: EasyInstallDeprecationWarning: easy_install command is deprecated.
[0.942s] !!
[0.942s] 
[0.942s]         ********************************************************************************
[0.942s]         Please avoid running ``setup.py`` and ``easy_install``.
[0.942s]         Instead, use pypa/build, pypa/installer or other
[0.942s]         standards-based tools.
[0.942s] 
[0.942s]         See https://github.com/pypa/setuptools/issues/917 for details.
[0.942s]         ********************************************************************************
[0.942s] 
[0.942s] !!
[0.942s]   easy_install.initialize_options(self)
[1.085s] running egg_info
[1.095s] writing mobile_controller.egg-info/PKG-INFO
[1.095s] writing dependency_links to mobile_controller.egg-info/dependency_links.txt
[1.095s] writing entry points to mobile_controller.egg-info/entry_points.txt
[1.096s] writing requirements to mobile_controller.egg-info/requires.txt
[1.096s] writing top-level names to mobile_controller.egg-info/top_level.txt
[1.117s] reading manifest file 'mobile_controller.egg-info/SOURCES.txt'
[1.119s] writing manifest file 'mobile_controller.egg-info/SOURCES.txt'
[1.129s] running build_ext
[1.129s] Creating /home/jo/mobile_test/install/mobile_controller/lib/python3.10/site-packages/mobile-controller.egg-link (link to .)
[1.130s] Installing consensus_controller script to /home/jo/mobile_test/install/mobile_controller/lib/mobile_controller
[1.130s] Installing state_communicate script to /home/jo/mobile_test/install/mobile_controller/lib/mobile_controller
[1.130s] 
[1.130s] Installed /home/jo/mobile_test/build/mobile_controller
[1.130s] running symlink_data
[1.155s] Invoked command in '/home/jo/mobile_test/build/mobile_controller' returned '0': AMENT_PREFIX_PATH=/home/jo/mobile_test/install/custom_interfaces:${AMENT_PREFIX_PATH} CMAKE_PREFIX_PATH=/home/jo/mobile_test/install/custom_interfaces LD_LIBRARY_PATH=/home/jo/mobile_test/install/custom_interfaces/lib:${LD_LIBRARY_PATH} PYTHONPATH=/home/jo/mobile_test/build/mobile_controller/prefix_override:/usr/lib/python3/dist-packages/colcon_core/task/python/colcon_distutils_commands:/home/jo/mobile_test/install/mobile_controller/lib/python3.10/site-packages:/home/jo/mobile_test/install/custom_interfaces/local/lib/python3.10/dist-packages:${PYTHONPATH} /usr/bin/python3 -W ignore:setup.py install is deprecated setup.py develop --editable --build-directory /home/jo/mobile_test/build/mobile_controller/build --no-deps symlink_data
