[0.516s] Invoking command in '/home/jo/mobile_test/build/mobile_controller': CMAKE_PREFIX_PATH=/home/jo/mobile_test/install/custom_interfaces:/home/jo/mobile_test/install/turtlebot3_description PYTHONPATH=/home/jo/mobile_test/build/mobile_controller/prefix_override:/usr/lib/python3/dist-packages/colcon_core/task/python/colcon_distutils_commands:/home/jo/mobile_test/install/mobile_controller/lib/python3.10/site-packages:${PYTHONPATH} /usr/bin/python3 -W ignore:setup.py install is deprecated setup.py develop --editable --build-directory /home/jo/mobile_test/build/mobile_controller/build --no-deps symlink_data
[0.623s] /home/jo/.local/lib/python3.10/site-packages/setuptools/_distutils/dist.py:260: UserWarning: Unknown distribution option: 'tests_require'
[0.623s]   warnings.warn(msg)
[0.738s] running develop
[0.738s] /home/jo/.local/lib/python3.10/site-packages/setuptools/command/develop.py:41: EasyInstallDeprecationWarning: easy_install command is deprecated.
[0.738s] !!
[0.738s] 
[0.738s]         ********************************************************************************
[0.738s]         Please avoid running ``setup.py`` and ``easy_install``.
[0.738s]         Instead, use pypa/build, pypa/installer or other
[0.738s]         standards-based tools.
[0.738s] 
[0.738s]         See https://github.com/pypa/setuptools/issues/917 for details.
[0.738s]         ********************************************************************************
[0.738s] 
[0.738s] !!
[0.738s]   easy_install.initialize_options(self)
[0.881s] running egg_info
[0.890s] writing mobile_controller.egg-info/PKG-INFO
[0.890s] writing dependency_links to mobile_controller.egg-info/dependency_links.txt
[0.890s] writing entry points to mobile_controller.egg-info/entry_points.txt
[0.890s] writing requirements to mobile_controller.egg-info/requires.txt
[0.891s] writing top-level names to mobile_controller.egg-info/top_level.txt
[0.911s] reading manifest file 'mobile_controller.egg-info/SOURCES.txt'
[0.912s] writing manifest file 'mobile_controller.egg-info/SOURCES.txt'
[0.922s] running build_ext
[0.922s] Creating /home/jo/mobile_test/install/mobile_controller/lib/python3.10/site-packages/mobile-controller.egg-link (link to .)
[0.923s] Installing consensus_controller script to /home/jo/mobile_test/install/mobile_controller/lib/mobile_controller
[0.923s] Installing laplacian_algorithm script to /home/jo/mobile_test/install/mobile_controller/lib/mobile_controller
[0.923s] Installing state_communicate script to /home/jo/mobile_test/install/mobile_controller/lib/mobile_controller
[0.923s] 
[0.923s] Installed /home/jo/mobile_test/build/mobile_controller
[0.923s] running symlink_data
[0.947s] Invoked command in '/home/jo/mobile_test/build/mobile_controller' returned '0': CMAKE_PREFIX_PATH=/home/jo/mobile_test/install/custom_interfaces:/home/jo/mobile_test/install/turtlebot3_description PYTHONPATH=/home/jo/mobile_test/build/mobile_controller/prefix_override:/usr/lib/python3/dist-packages/colcon_core/task/python/colcon_distutils_commands:/home/jo/mobile_test/install/mobile_controller/lib/python3.10/site-packages:${PYTHONPATH} /usr/bin/python3 -W ignore:setup.py install is deprecated setup.py develop --editable --build-directory /home/jo/mobile_test/build/mobile_controller/build --no-deps symlink_data
