/home/jo/.local/lib/python3.10/site-packages/setuptools/_distutils/dist.py:260: UserWarning: Unknown distribution option: 'tests_require'
  warnings.warn(msg)
/home/jo/.local/lib/python3.10/site-packages/setuptools/command/develop.py:41: EasyInstallDeprecationWarning: easy_install command is deprecated.
!!

        ********************************************************************************
        Please avoid running ``setup.py`` and ``easy_install``.
        Instead, use pypa/build, pypa/installer or other
        standards-based tools.

        See https://github.com/pypa/setuptools/issues/917 for details.
        ********************************************************************************

!!
  easy_install.initialize_options(self)
running develop
running egg_info
writing cmd_initial.egg-info/PKG-INFO
writing dependency_links to cmd_initial.egg-info/dependency_links.txt
writing entry points to cmd_initial.egg-info/entry_points.txt
writing requirements to cmd_initial.egg-info/requires.txt
writing top-level names to cmd_initial.egg-info/top_level.txt
reading manifest file 'cmd_initial.egg-info/SOURCES.txt'
writing manifest file 'cmd_initial.egg-info/SOURCES.txt'
running build_ext
Creating /home/jo/mobile_test/install/cmd_initial/lib/python3.10/site-packages/cmd-initial.egg-link (link to .)
Installing initial_cmd script to /home/jo/mobile_test/install/cmd_initial/lib/cmd_initial

Installed /home/jo/mobile_test/build/cmd_initial
running symlink_data
