/home/jo/.local/lib/python3.10/site-packages/setuptools/_distutils/dist.py:260: UserWarning: Unknown distribution option: 'tests_require'
  warnings.warn(msg)
running develop
/home/jo/.local/lib/python3.10/site-packages/setuptools/command/develop.py:41: EasyInstallDeprecationWarning: easy_install command is deprecated.
!!

        ********************************************************************************
        Please avoid running ``setup.py`` and ``easy_install``.
        Instead, use pypa/build, pypa/installer or other
        standards-based tools.

        See https://github.com/pypa/setuptools/issues/917 for details.
        ********************************************************************************

!!
  easy_install.initialize_options(self)
running egg_info
creating turtlebot3.egg-info
writing turtlebot3.egg-info/PKG-INFO
writing dependency_links to turtlebot3.egg-info/dependency_links.txt
writing requirements to turtlebot3.egg-info/requires.txt
writing top-level names to turtlebot3.egg-info/top_level.txt
writing manifest file 'turtlebot3.egg-info/SOURCES.txt'
reading manifest file 'turtlebot3.egg-info/SOURCES.txt'
writing manifest file 'turtlebot3.egg-info/SOURCES.txt'
running build_ext
Creating /home/jo/mobile_test/install/turtlebot3/lib/python3.10/site-packages/turtlebot3.egg-link (link to .)

Installed /home/jo/mobile_test/build/turtlebot3
running symlink_data
creating /home/jo/mobile_test/install/turtlebot3/share/ament_index
creating /home/jo/mobile_test/install/turtlebot3/share/ament_index/resource_index
creating /home/jo/mobile_test/install/turtlebot3/share/ament_index/resource_index/packages
symbolically linking /home/jo/mobile_test/build/turtlebot3/resource/turtlebot3 -> /home/jo/mobile_test/install/turtlebot3/share/ament_index/resource_index/packages
symbolically linking /home/jo/mobile_test/build/turtlebot3/package.xml -> /home/jo/mobile_test/install/turtlebot3/share/turtlebot3
