[0.944s] Invoking command in '/home/jo/mobile_test/build/turtlebot3': PYTHONPATH=/home/jo/mobile_test/build/turtlebot3/prefix_override:/usr/lib/python3/dist-packages/colcon_core/task/python/colcon_distutils_commands:/home/jo/mobile_test/install/turtlebot3/lib/python3.10/site-packages:${PYTHONPATH} /usr/bin/python3 -W ignore:setup.py install is deprecated setup.py develop --editable --build-directory /home/jo/mobile_test/build/turtlebot3/build --no-deps symlink_data
[1.055s] /home/jo/.local/lib/python3.10/site-packages/setuptools/_distutils/dist.py:260: UserWarning: Unknown distribution option: 'tests_require'
[1.055s]   warnings.warn(msg)
[1.175s] running develop
[1.175s] /home/jo/.local/lib/python3.10/site-packages/setuptools/command/develop.py:41: EasyInstallDeprecationWarning: easy_install command is deprecated.
[1.175s] !!
[1.176s] 
[1.176s]         ********************************************************************************
[1.176s]         Please avoid running ``setup.py`` and ``easy_install``.
[1.176s]         Instead, use pypa/build, pypa/installer or other
[1.176s]         standards-based tools.
[1.176s] 
[1.176s]         See https://github.com/pypa/setuptools/issues/917 for details.
[1.176s]         ********************************************************************************
[1.176s] 
[1.176s] !!
[1.176s]   easy_install.initialize_options(self)
[1.321s] running egg_info
[1.321s] creating turtlebot3.egg-info
[1.332s] writing turtlebot3.egg-info/PKG-INFO
[1.332s] writing dependency_links to turtlebot3.egg-info/dependency_links.txt
[1.332s] writing requirements to turtlebot3.egg-info/requires.txt
[1.332s] writing top-level names to turtlebot3.egg-info/top_level.txt
[1.332s] writing manifest file 'turtlebot3.egg-info/SOURCES.txt'
[1.355s] reading manifest file 'turtlebot3.egg-info/SOURCES.txt'
[1.356s] writing manifest file 'turtlebot3.egg-info/SOURCES.txt'
[1.367s] running build_ext
[1.367s] Creating /home/jo/mobile_test/install/turtlebot3/lib/python3.10/site-packages/turtlebot3.egg-link (link to .)
[1.368s] 
[1.368s] Installed /home/jo/mobile_test/build/turtlebot3
[1.368s] running symlink_data
[1.368s] creating /home/jo/mobile_test/install/turtlebot3/share/ament_index
[1.368s] creating /home/jo/mobile_test/install/turtlebot3/share/ament_index/resource_index
[1.368s] creating /home/jo/mobile_test/install/turtlebot3/share/ament_index/resource_index/packages
[1.368s] symbolically linking /home/jo/mobile_test/build/turtlebot3/resource/turtlebot3 -> /home/jo/mobile_test/install/turtlebot3/share/ament_index/resource_index/packages
[1.368s] symbolically linking /home/jo/mobile_test/build/turtlebot3/package.xml -> /home/jo/mobile_test/install/turtlebot3/share/turtlebot3
[1.442s] Invoked command in '/home/jo/mobile_test/build/turtlebot3' returned '0': PYTHONPATH=/home/jo/mobile_test/build/turtlebot3/prefix_override:/usr/lib/python3/dist-packages/colcon_core/task/python/colcon_distutils_commands:/home/jo/mobile_test/install/turtlebot3/lib/python3.10/site-packages:${PYTHONPATH} /usr/bin/python3 -W ignore:setup.py install is deprecated setup.py develop --editable --build-directory /home/jo/mobile_test/build/turtlebot3/build --no-deps symlink_data
