running develop
running egg_info
creating cmd_initial.egg-info
writing cmd_initial.egg-info/PKG-INFO
writing dependency_links to cmd_initial.egg-info/dependency_links.txt
writing entry points to cmd_initial.egg-info/entry_points.txt
writing requirements to cmd_initial.egg-info/requires.txt
writing top-level names to cmd_initial.egg-info/top_level.txt
writing manifest file 'cmd_initial.egg-info/SOURCES.txt'
reading manifest file 'cmd_initial.egg-info/SOURCES.txt'
writing manifest file 'cmd_initial.egg-info/SOURCES.txt'
running build_ext
Creating /home/jo/mobile_test/install/cmd_initial/lib/python3.10/site-packages/cmd-initial.egg-link (link to .)
Installing initial_cmd script to /home/jo/mobile_test/install/cmd_initial/lib/cmd_initial

Installed /home/jo/mobile_test/build/cmd_initial
running symlink_data
creating /home/jo/mobile_test/install/cmd_initial/share/ament_index
creating /home/jo/mobile_test/install/cmd_initial/share/ament_index/resource_index
creating /home/jo/mobile_test/install/cmd_initial/share/ament_index/resource_index/packages
symbolically linking /home/jo/mobile_test/build/cmd_initial/resource/cmd_initial -> /home/jo/mobile_test/install/cmd_initial/share/ament_index/resource_index/packages
symbolically linking /home/jo/mobile_test/build/cmd_initial/package.xml -> /home/jo/mobile_test/install/cmd_initial/share/cmd_initial
