[0.114s] DEBUG:colcon:Command line arguments: ['/usr/bin/colcon', 'build', '--symlink-install', '--packages-select', 'mobile_controller']
[0.114s] DEBUG:colcon:Parsed command line arguments: Namespace(log_base=None, log_level=None, verb_name='build', build_base='build', install_base='install', merge_install=False, symlink_install=True, test_result_base=None, continue_on_error=False, executor='parallel', parallel_workers=16, event_handlers=None, ignore_user_meta=False, metas=['./colcon.meta'], base_paths=['.'], packages_ignore=None, packages_ignore_regex=None, paths=None, packages_up_to=None, packages_up_to_regex=None, packages_above=None, packages_above_and_dependencies=None, packages_above_depth=None, packages_select_by_dep=None, packages_skip_by_dep=None, packages_skip_up_to=None, packages_select_build_failed=False, packages_skip_build_finished=False, packages_select_test_failures=False, packages_skip_test_passed=False, packages_select=['mobile_controller'], packages_skip=None, packages_select_regex=None, packages_skip_regex=None, packages_start=None, packages_end=None, allow_overriding=[], cmake_args=None, cmake_target=None, cmake_target_skip_unavailable=False, cmake_clean_cache=False, cmake_clean_first=False, cmake_force_configure=False, ament_cmake_args=None, catkin_cmake_args=None, catkin_skip_building_tests=False, mixin_files=None, mixin=None, verb_parser=<colcon_mixin.mixin.mixin_argument.MixinArgumentDecorator object at 0x70f58223b070>, verb_extension=<colcon_core.verb.build.BuildVerb object at 0x70f58223ab00>, main=<bound method BuildVerb.main of <colcon_core.verb.build.BuildVerb object at 0x70f58223ab00>>, mixin_verb=('build',))
[0.156s] Level 1:colcon.colcon_core.package_discovery:discover_packages(colcon_meta) check parameters
[0.156s] Level 1:colcon.colcon_core.package_discovery:discover_packages(recursive) check parameters
[0.156s] Level 1:colcon.colcon_core.package_discovery:discover_packages(ignore) check parameters
[0.156s] Level 1:colcon.colcon_core.package_discovery:discover_packages(path) check parameters
[0.156s] Level 1:colcon.colcon_core.package_discovery:discover_packages(colcon_meta) discover
[0.156s] Level 1:colcon.colcon_core.package_discovery:discover_packages(recursive) discover
[0.156s] INFO:colcon.colcon_core.package_discovery:Crawling recursively for packages in '/home/jo/mobile_test'
[0.156s] Level 1:colcon.colcon_core.package_identification:_identify(.) by extensions ['ignore', 'ignore_ament_install']
[0.156s] Level 1:colcon.colcon_core.package_identification:_identify(.) by extension 'ignore'
[0.156s] Level 1:colcon.colcon_core.package_identification:_identify(.) by extension 'ignore_ament_install'
[0.157s] Level 1:colcon.colcon_core.package_identification:_identify(.) by extensions ['colcon_pkg']
[0.157s] Level 1:colcon.colcon_core.package_identification:_identify(.) by extension 'colcon_pkg'
[0.157s] Level 1:colcon.colcon_core.package_identification:_identify(.) by extensions ['colcon_meta']
[0.157s] Level 1:colcon.colcon_core.package_identification:_identify(.) by extension 'colcon_meta'
[0.157s] Level 1:colcon.colcon_core.package_identification:_identify(.) by extensions ['ros']
[0.157s] Level 1:colcon.colcon_core.package_identification:_identify(.) by extension 'ros'
[0.171s] Level 1:colcon.colcon_core.package_identification:_identify(.) by extensions ['cmake', 'python']
[0.172s] Level 1:colcon.colcon_core.package_identification:_identify(.) by extension 'cmake'
[0.172s] Level 1:colcon.colcon_core.package_identification:_identify(.) by extension 'python'
[0.172s] Level 1:colcon.colcon_core.package_identification:_identify(.) by extensions ['python_setup_py']
[0.172s] Level 1:colcon.colcon_core.package_identification:_identify(.) by extension 'python_setup_py'
[0.172s] Level 1:colcon.colcon_core.package_identification:_identify(build) by extensions ['ignore', 'ignore_ament_install']
[0.172s] Level 1:colcon.colcon_core.package_identification:_identify(build) by extension 'ignore'
[0.172s] Level 1:colcon.colcon_core.package_identification:_identify(build) ignored
[0.172s] Level 1:colcon.colcon_core.package_identification:_identify(install) by extensions ['ignore', 'ignore_ament_install']
[0.172s] Level 1:colcon.colcon_core.package_identification:_identify(install) by extension 'ignore'
[0.172s] Level 1:colcon.colcon_core.package_identification:_identify(install) ignored
[0.172s] Level 1:colcon.colcon_core.package_identification:_identify(log) by extensions ['ignore', 'ignore_ament_install']
[0.172s] Level 1:colcon.colcon_core.package_identification:_identify(log) by extension 'ignore'
[0.172s] Level 1:colcon.colcon_core.package_identification:_identify(log) ignored
[0.173s] Level 1:colcon.colcon_core.package_identification:_identify(src) by extensions ['ignore', 'ignore_ament_install']
[0.173s] Level 1:colcon.colcon_core.package_identification:_identify(src) by extension 'ignore'
[0.173s] Level 1:colcon.colcon_core.package_identification:_identify(src) by extension 'ignore_ament_install'
[0.173s] Level 1:colcon.colcon_core.package_identification:_identify(src) by extensions ['colcon_pkg']
[0.173s] Level 1:colcon.colcon_core.package_identification:_identify(src) by extension 'colcon_pkg'
[0.173s] Level 1:colcon.colcon_core.package_identification:_identify(src) by extensions ['colcon_meta']
[0.173s] Level 1:colcon.colcon_core.package_identification:_identify(src) by extension 'colcon_meta'
[0.173s] Level 1:colcon.colcon_core.package_identification:_identify(src) by extensions ['ros']
[0.173s] Level 1:colcon.colcon_core.package_identification:_identify(src) by extension 'ros'
[0.173s] Level 1:colcon.colcon_core.package_identification:_identify(src) by extensions ['cmake', 'python']
[0.173s] Level 1:colcon.colcon_core.package_identification:_identify(src) by extension 'cmake'
[0.173s] Level 1:colcon.colcon_core.package_identification:_identify(src) by extension 'python'
[0.173s] Level 1:colcon.colcon_core.package_identification:_identify(src) by extensions ['python_setup_py']
[0.173s] Level 1:colcon.colcon_core.package_identification:_identify(src) by extension 'python_setup_py'
[0.173s] Level 1:colcon.colcon_core.package_identification:_identify(src/cmd_initial) by extensions ['ignore', 'ignore_ament_install']
[0.173s] Level 1:colcon.colcon_core.package_identification:_identify(src/cmd_initial) by extension 'ignore'
[0.173s] Level 1:colcon.colcon_core.package_identification:_identify(src/cmd_initial) by extension 'ignore_ament_install'
[0.173s] Level 1:colcon.colcon_core.package_identification:_identify(src/cmd_initial) by extensions ['colcon_pkg']
[0.173s] Level 1:colcon.colcon_core.package_identification:_identify(src/cmd_initial) by extension 'colcon_pkg'
[0.173s] Level 1:colcon.colcon_core.package_identification:_identify(src/cmd_initial) by extensions ['colcon_meta']
[0.174s] Level 1:colcon.colcon_core.package_identification:_identify(src/cmd_initial) by extension 'colcon_meta'
[0.174s] Level 1:colcon.colcon_core.package_identification:_identify(src/cmd_initial) by extensions ['ros']
[0.174s] Level 1:colcon.colcon_core.package_identification:_identify(src/cmd_initial) by extension 'ros'
[0.176s] DEBUG:colcon.colcon_core.package_identification:Package 'src/cmd_initial' with type 'ros.ament_python' and name 'cmd_initial'
[0.176s] Level 1:colcon.colcon_core.package_identification:_identify(src/custom_interfaces) by extensions ['ignore', 'ignore_ament_install']
[0.176s] Level 1:colcon.colcon_core.package_identification:_identify(src/custom_interfaces) by extension 'ignore'
[0.176s] Level 1:colcon.colcon_core.package_identification:_identify(src/custom_interfaces) by extension 'ignore_ament_install'
[0.176s] Level 1:colcon.colcon_core.package_identification:_identify(src/custom_interfaces) by extensions ['colcon_pkg']
[0.176s] Level 1:colcon.colcon_core.package_identification:_identify(src/custom_interfaces) by extension 'colcon_pkg'
[0.176s] Level 1:colcon.colcon_core.package_identification:_identify(src/custom_interfaces) by extensions ['colcon_meta']
[0.176s] Level 1:colcon.colcon_core.package_identification:_identify(src/custom_interfaces) by extension 'colcon_meta'
[0.176s] Level 1:colcon.colcon_core.package_identification:_identify(src/custom_interfaces) by extensions ['ros']
[0.176s] Level 1:colcon.colcon_core.package_identification:_identify(src/custom_interfaces) by extension 'ros'
[0.177s] DEBUG:colcon.colcon_core.package_identification:Package 'src/custom_interfaces' with type 'ros.ament_cmake' and name 'custom_interfaces'
[0.177s] Level 1:colcon.colcon_core.package_identification:_identify(src/mobile_controller) by extensions ['ignore', 'ignore_ament_install']
[0.177s] Level 1:colcon.colcon_core.package_identification:_identify(src/mobile_controller) by extension 'ignore'
[0.177s] Level 1:colcon.colcon_core.package_identification:_identify(src/mobile_controller) by extension 'ignore_ament_install'
[0.177s] Level 1:colcon.colcon_core.package_identification:_identify(src/mobile_controller) by extensions ['colcon_pkg']
[0.177s] Level 1:colcon.colcon_core.package_identification:_identify(src/mobile_controller) by extension 'colcon_pkg'
[0.177s] Level 1:colcon.colcon_core.package_identification:_identify(src/mobile_controller) by extensions ['colcon_meta']
[0.177s] Level 1:colcon.colcon_core.package_identification:_identify(src/mobile_controller) by extension 'colcon_meta'
[0.177s] Level 1:colcon.colcon_core.package_identification:_identify(src/mobile_controller) by extensions ['ros']
[0.177s] Level 1:colcon.colcon_core.package_identification:_identify(src/mobile_controller) by extension 'ros'
[0.178s] DEBUG:colcon.colcon_core.package_identification:Package 'src/mobile_controller' with type 'ros.ament_python' and name 'mobile_controller'
[0.178s] Level 1:colcon.colcon_core.package_identification:_identify(src/my_bot) by extensions ['ignore', 'ignore_ament_install']
[0.178s] Level 1:colcon.colcon_core.package_identification:_identify(src/my_bot) by extension 'ignore'
[0.178s] Level 1:colcon.colcon_core.package_identification:_identify(src/my_bot) by extension 'ignore_ament_install'
[0.178s] Level 1:colcon.colcon_core.package_identification:_identify(src/my_bot) by extensions ['colcon_pkg']
[0.178s] Level 1:colcon.colcon_core.package_identification:_identify(src/my_bot) by extension 'colcon_pkg'
[0.178s] Level 1:colcon.colcon_core.package_identification:_identify(src/my_bot) by extensions ['colcon_meta']
[0.178s] Level 1:colcon.colcon_core.package_identification:_identify(src/my_bot) by extension 'colcon_meta'
[0.178s] Level 1:colcon.colcon_core.package_identification:_identify(src/my_bot) by extensions ['ros']
[0.178s] Level 1:colcon.colcon_core.package_identification:_identify(src/my_bot) by extension 'ros'
[0.179s] DEBUG:colcon.colcon_core.package_identification:Package 'src/my_bot' with type 'ros.ament_python' and name 'my_bot'
[0.179s] Level 1:colcon.colcon_core.package_identification:_identify(src/turtlebot3) by extensions ['ignore', 'ignore_ament_install']
[0.179s] Level 1:colcon.colcon_core.package_identification:_identify(src/turtlebot3) by extension 'ignore'
[0.179s] Level 1:colcon.colcon_core.package_identification:_identify(src/turtlebot3) by extension 'ignore_ament_install'
[0.179s] Level 1:colcon.colcon_core.package_identification:_identify(src/turtlebot3) by extensions ['colcon_pkg']
[0.179s] Level 1:colcon.colcon_core.package_identification:_identify(src/turtlebot3) by extension 'colcon_pkg'
[0.179s] Level 1:colcon.colcon_core.package_identification:_identify(src/turtlebot3) by extensions ['colcon_meta']
[0.179s] Level 1:colcon.colcon_core.package_identification:_identify(src/turtlebot3) by extension 'colcon_meta'
[0.179s] Level 1:colcon.colcon_core.package_identification:_identify(src/turtlebot3) by extensions ['ros']
[0.179s] Level 1:colcon.colcon_core.package_identification:_identify(src/turtlebot3) by extension 'ros'
[0.180s] DEBUG:colcon.colcon_core.package_identification:Package 'src/turtlebot3' with type 'ros.ament_python' and name 'turtlebot3'
[0.180s] Level 1:colcon.colcon_core.package_identification:_identify(src/turtlebot3_description) by extensions ['ignore', 'ignore_ament_install']
[0.180s] Level 1:colcon.colcon_core.package_identification:_identify(src/turtlebot3_description) by extension 'ignore'
[0.180s] Level 1:colcon.colcon_core.package_identification:_identify(src/turtlebot3_description) by extension 'ignore_ament_install'
[0.180s] Level 1:colcon.colcon_core.package_identification:_identify(src/turtlebot3_description) by extensions ['colcon_pkg']
[0.180s] Level 1:colcon.colcon_core.package_identification:_identify(src/turtlebot3_description) by extension 'colcon_pkg'
[0.180s] Level 1:colcon.colcon_core.package_identification:_identify(src/turtlebot3_description) by extensions ['colcon_meta']
[0.180s] Level 1:colcon.colcon_core.package_identification:_identify(src/turtlebot3_description) by extension 'colcon_meta'
[0.180s] Level 1:colcon.colcon_core.package_identification:_identify(src/turtlebot3_description) by extensions ['ros']
[0.180s] Level 1:colcon.colcon_core.package_identification:_identify(src/turtlebot3_description) by extension 'ros'
[0.181s] DEBUG:colcon.colcon_core.package_identification:Package 'src/turtlebot3_description' with type 'ros.ament_cmake' and name 'turtlebot3_description'
[0.181s] Level 1:colcon.colcon_core.package_discovery:discover_packages(recursive) using defaults
[0.181s] Level 1:colcon.colcon_core.package_discovery:discover_packages(ignore) discover
[0.181s] Level 1:colcon.colcon_core.package_discovery:discover_packages(ignore) using defaults
[0.181s] Level 1:colcon.colcon_core.package_discovery:discover_packages(path) discover
[0.181s] Level 1:colcon.colcon_core.package_discovery:discover_packages(path) using defaults
[0.203s] INFO:colcon.colcon_core.package_selection:Skipping not selected package 'cmd_initial' in 'src/cmd_initial'
[0.203s] INFO:colcon.colcon_core.package_selection:Skipping not selected package 'custom_interfaces' in 'src/custom_interfaces'
[0.203s] INFO:colcon.colcon_core.package_selection:Skipping not selected package 'turtlebot3' in 'src/turtlebot3'
[0.203s] INFO:colcon.colcon_core.package_selection:Skipping not selected package 'turtlebot3_description' in 'src/turtlebot3_description'
[0.203s] INFO:colcon.colcon_core.package_selection:Skipping not selected package 'my_bot' in 'src/my_bot'
[0.204s] Level 1:colcon.colcon_core.package_discovery:discover_packages(prefix_path) check parameters
[0.204s] Level 1:colcon.colcon_core.package_discovery:discover_packages(prefix_path) discover
[0.206s] DEBUG:colcon.colcon_installed_package_information.package_discovery:Found 6 installed packages in /home/jo/mobile_test/install
[0.207s] DEBUG:colcon.colcon_installed_package_information.package_discovery:Found 317 installed packages in /opt/ros/humble
[0.209s] Level 1:colcon.colcon_core.package_discovery:discover_packages(prefix_path) using defaults
[0.241s] Level 5:colcon.colcon_core.verb:set package 'mobile_controller' build argument 'cmake_args' from command line to 'None'
[0.241s] Level 5:colcon.colcon_core.verb:set package 'mobile_controller' build argument 'cmake_target' from command line to 'None'
[0.241s] Level 5:colcon.colcon_core.verb:set package 'mobile_controller' build argument 'cmake_target_skip_unavailable' from command line to 'False'
[0.241s] Level 5:colcon.colcon_core.verb:set package 'mobile_controller' build argument 'cmake_clean_cache' from command line to 'False'
[0.241s] Level 5:colcon.colcon_core.verb:set package 'mobile_controller' build argument 'cmake_clean_first' from command line to 'False'
[0.241s] Level 5:colcon.colcon_core.verb:set package 'mobile_controller' build argument 'cmake_force_configure' from command line to 'False'
[0.241s] Level 5:colcon.colcon_core.verb:set package 'mobile_controller' build argument 'ament_cmake_args' from command line to 'None'
[0.241s] Level 5:colcon.colcon_core.verb:set package 'mobile_controller' build argument 'catkin_cmake_args' from command line to 'None'
[0.241s] Level 5:colcon.colcon_core.verb:set package 'mobile_controller' build argument 'catkin_skip_building_tests' from command line to 'False'
[0.241s] DEBUG:colcon.colcon_core.verb:Building package 'mobile_controller' with the following arguments: {'ament_cmake_args': None, 'build_base': '/home/jo/mobile_test/build/mobile_controller', 'catkin_cmake_args': None, 'catkin_skip_building_tests': False, 'cmake_args': None, 'cmake_clean_cache': False, 'cmake_clean_first': False, 'cmake_force_configure': False, 'cmake_target': None, 'cmake_target_skip_unavailable': False, 'install_base': '/home/jo/mobile_test/install/mobile_controller', 'merge_install': False, 'path': '/home/jo/mobile_test/src/mobile_controller', 'symlink_install': True, 'test_result_base': None}
[0.241s] INFO:colcon.colcon_core.executor:Executing jobs using 'parallel' executor
[0.242s] DEBUG:colcon.colcon_parallel_executor.executor.parallel:run_until_complete
[0.242s] INFO:colcon.colcon_ros.task.ament_python.build:Building ROS package in '/home/jo/mobile_test/src/mobile_controller' with build type 'ament_python'
[0.242s] Level 1:colcon.colcon_core.shell:create_environment_hook('mobile_controller', 'ament_prefix_path')
[0.244s] INFO:colcon.colcon_core.plugin_system:Skipping extension 'colcon_core.shell.bat': Not used on non-Windows systems
[0.244s] INFO:colcon.colcon_core.shell:Creating environment hook '/home/jo/mobile_test/install/mobile_controller/share/mobile_controller/hook/ament_prefix_path.ps1'
[0.244s] INFO:colcon.colcon_core.shell:Creating environment descriptor '/home/jo/mobile_test/install/mobile_controller/share/mobile_controller/hook/ament_prefix_path.dsv'
[0.245s] INFO:colcon.colcon_core.shell:Creating environment hook '/home/jo/mobile_test/install/mobile_controller/share/mobile_controller/hook/ament_prefix_path.sh'
[0.245s] INFO:colcon.colcon_core.shell:Skip shell extension 'powershell' for command environment: Not usable outside of PowerShell
[0.245s] DEBUG:colcon.colcon_core.shell:Skip shell extension 'dsv' for command environment
[0.398s] INFO:colcon.colcon_core.task.python.build:Building Python package in '/home/jo/mobile_test/src/mobile_controller'
[0.399s] INFO:colcon.colcon_core.shell:Skip shell extension 'powershell' for command environment: Not usable outside of PowerShell
[0.399s] DEBUG:colcon.colcon_core.shell:Skip shell extension 'dsv' for command environment
[0.759s] DEBUG:colcon.colcon_core.event_handler.log_command:Invoking command in '/home/jo/mobile_test/build/mobile_controller': CMAKE_PREFIX_PATH=/home/jo/mobile_test/install/custom_interfaces:/home/jo/mobile_test/install/turtlebot3_description PYTHONPATH=/home/jo/mobile_test/build/mobile_controller/prefix_override:/usr/lib/python3/dist-packages/colcon_core/task/python/colcon_distutils_commands:/home/jo/mobile_test/install/mobile_controller/lib/python3.10/site-packages:${PYTHONPATH} /usr/bin/python3 -W ignore:setup.py install is deprecated setup.py develop --editable --build-directory /home/jo/mobile_test/build/mobile_controller/build --no-deps symlink_data
[1.184s] Level 1:colcon.colcon_core.shell:create_environment_hook('mobile_controller', 'pythonpath_develop')
[1.185s] INFO:colcon.colcon_core.shell:Creating environment hook '/home/jo/mobile_test/build/mobile_controller/share/mobile_controller/hook/pythonpath_develop.ps1'
[1.185s] DEBUG:colcon.colcon_core.event_handler.log_command:Invoked command in '/home/jo/mobile_test/build/mobile_controller' returned '0': CMAKE_PREFIX_PATH=/home/jo/mobile_test/install/custom_interfaces:/home/jo/mobile_test/install/turtlebot3_description PYTHONPATH=/home/jo/mobile_test/build/mobile_controller/prefix_override:/usr/lib/python3/dist-packages/colcon_core/task/python/colcon_distutils_commands:/home/jo/mobile_test/install/mobile_controller/lib/python3.10/site-packages:${PYTHONPATH} /usr/bin/python3 -W ignore:setup.py install is deprecated setup.py develop --editable --build-directory /home/jo/mobile_test/build/mobile_controller/build --no-deps symlink_data
[1.186s] INFO:colcon.colcon_core.shell:Creating environment descriptor '/home/jo/mobile_test/build/mobile_controller/share/mobile_controller/hook/pythonpath_develop.dsv'
[1.186s] INFO:colcon.colcon_core.shell:Creating environment hook '/home/jo/mobile_test/build/mobile_controller/share/mobile_controller/hook/pythonpath_develop.sh'
[1.188s] Level 1:colcon.colcon_core.environment:checking '/home/jo/mobile_test/install/mobile_controller' for CMake module files
[1.188s] Level 1:colcon.colcon_core.environment:checking '/home/jo/mobile_test/install/mobile_controller' for CMake config files
[1.189s] Level 1:colcon.colcon_core.environment:checking '/home/jo/mobile_test/install/mobile_controller/lib'
[1.189s] Level 1:colcon.colcon_core.environment:checking '/home/jo/mobile_test/install/mobile_controller/bin'
[1.189s] Level 1:colcon.colcon_core.environment:checking '/home/jo/mobile_test/install/mobile_controller/lib/pkgconfig/mobile_controller.pc'
[1.189s] Level 1:colcon.colcon_core.environment:checking '/home/jo/mobile_test/install/mobile_controller/lib/python3.10/site-packages'
[1.189s] Level 1:colcon.colcon_core.shell:create_environment_hook('mobile_controller', 'pythonpath')
[1.189s] INFO:colcon.colcon_core.shell:Creating environment hook '/home/jo/mobile_test/install/mobile_controller/share/mobile_controller/hook/pythonpath.ps1'
[1.190s] INFO:colcon.colcon_core.shell:Creating environment descriptor '/home/jo/mobile_test/install/mobile_controller/share/mobile_controller/hook/pythonpath.dsv'
[1.190s] INFO:colcon.colcon_core.shell:Creating environment hook '/home/jo/mobile_test/install/mobile_controller/share/mobile_controller/hook/pythonpath.sh'
[1.190s] Level 1:colcon.colcon_core.environment:checking '/home/jo/mobile_test/install/mobile_controller/bin'
[1.190s] Level 1:colcon.colcon_core.environment:create_environment_scripts_only(mobile_controller)
[1.191s] INFO:colcon.colcon_core.shell:Creating package script '/home/jo/mobile_test/install/mobile_controller/share/mobile_controller/package.ps1'
[1.191s] INFO:colcon.colcon_core.shell:Creating package descriptor '/home/jo/mobile_test/install/mobile_controller/share/mobile_controller/package.dsv'
[1.192s] INFO:colcon.colcon_core.shell:Creating package script '/home/jo/mobile_test/install/mobile_controller/share/mobile_controller/package.sh'
[1.192s] INFO:colcon.colcon_core.shell:Creating package script '/home/jo/mobile_test/install/mobile_controller/share/mobile_controller/package.bash'
[1.193s] INFO:colcon.colcon_core.shell:Creating package script '/home/jo/mobile_test/install/mobile_controller/share/mobile_controller/package.zsh'
[1.193s] Level 1:colcon.colcon_core.environment:create_file_with_runtime_dependencies(/home/jo/mobile_test/install/mobile_controller/share/colcon-core/packages/mobile_controller)
[1.193s] DEBUG:colcon.colcon_parallel_executor.executor.parallel:closing loop
[1.193s] DEBUG:colcon.colcon_parallel_executor.executor.parallel:loop closed
[1.193s] DEBUG:colcon.colcon_parallel_executor.executor.parallel:run_until_complete finished with '0'
[1.193s] DEBUG:colcon.colcon_core.event_reactor:joining thread
[1.198s] INFO:colcon.colcon_core.plugin_system:Skipping extension 'colcon_notification.desktop_notification.terminal_notifier': Not used on non-Darwin systems
[1.198s] INFO:colcon.colcon_core.plugin_system:Skipping extension 'colcon_notification.desktop_notification.win32': Not used on non-Windows systems
[1.198s] INFO:colcon.colcon_notification.desktop_notification:Sending desktop notification using 'notify2'
[1.207s] DEBUG:colcon.colcon_core.event_reactor:joined thread
[1.208s] INFO:colcon.colcon_core.shell:Creating prefix script '/home/jo/mobile_test/install/local_setup.ps1'
[1.209s] INFO:colcon.colcon_core.shell:Creating prefix util module '/home/jo/mobile_test/install/_local_setup_util_ps1.py'
[1.210s] INFO:colcon.colcon_core.shell:Creating prefix chain script '/home/jo/mobile_test/install/setup.ps1'
[1.211s] INFO:colcon.colcon_core.shell:Creating prefix script '/home/jo/mobile_test/install/local_setup.sh'
[1.211s] INFO:colcon.colcon_core.shell:Creating prefix util module '/home/jo/mobile_test/install/_local_setup_util_sh.py'
[1.211s] INFO:colcon.colcon_core.shell:Creating prefix chain script '/home/jo/mobile_test/install/setup.sh'
[1.212s] INFO:colcon.colcon_core.shell:Creating prefix script '/home/jo/mobile_test/install/local_setup.bash'
[1.212s] INFO:colcon.colcon_core.shell:Creating prefix chain script '/home/jo/mobile_test/install/setup.bash'
[1.213s] INFO:colcon.colcon_core.shell:Creating prefix script '/home/jo/mobile_test/install/local_setup.zsh'
[1.214s] INFO:colcon.colcon_core.shell:Creating prefix chain script '/home/jo/mobile_test/install/setup.zsh'
