[0.528s] Invoking command in '/home/jo/mobile_test/build/my_bot': PYTHONPATH=/home/jo/mobile_test/build/my_bot/prefix_override:/usr/lib/python3/dist-packages/colcon_core/task/python/colcon_distutils_commands:/home/jo/mobile_test/install/my_bot/lib/python3.10/site-packages:${PYTHONPATH} /usr/bin/python3 -W ignore:setup.py install is deprecated setup.py develop --editable --build-directory /home/jo/mobile_test/build/my_bot/build --no-deps symlink_data
[0.647s] /home/jo/.local/lib/python3.10/site-packages/setuptools/_distutils/dist.py:260: UserWarning: Unknown distribution option: 'tests_require'
[0.647s]   warnings.warn(msg)
[0.775s] running develop
[0.775s] /home/jo/.local/lib/python3.10/site-packages/setuptools/command/develop.py:41: EasyInstallDeprecationWarning: easy_install command is deprecated.
[0.775s] !!
[0.775s] 
[0.775s]         ********************************************************************************
[0.775s]         Please avoid running ``setup.py`` and ``easy_install``.
[0.775s]         Instead, use pypa/build, pypa/installer or other
[0.775s]         standards-based tools.
[0.775s] 
[0.775s]         See https://github.com/pypa/setuptools/issues/917 for details.
[0.776s]         ********************************************************************************
[0.776s] 
[0.776s] !!
[0.776s]   easy_install.initialize_options(self)
[0.930s] running egg_info
[0.940s] writing my_bot.egg-info/PKG-INFO
[0.941s] writing dependency_links to my_bot.egg-info/dependency_links.txt
[0.941s] writing requirements to my_bot.egg-info/requires.txt
[0.941s] writing top-level names to my_bot.egg-info/top_level.txt
[0.953s] reading manifest file 'my_bot.egg-info/SOURCES.txt'
[0.954s] writing manifest file 'my_bot.egg-info/SOURCES.txt'
[0.966s] running build_ext
[0.978s] Creating /home/jo/mobile_test/install/my_bot/lib/python3.10/site-packages/my-bot.egg-link (link to .)
[0.979s] 
[0.979s] Installed /home/jo/mobile_test/build/my_bot
[0.979s] running symlink_data
[1.012s] Invoked command in '/home/jo/mobile_test/build/my_bot' returned '0': PYTHONPATH=/home/jo/mobile_test/build/my_bot/prefix_override:/usr/lib/python3/dist-packages/colcon_core/task/python/colcon_distutils_commands:/home/jo/mobile_test/install/my_bot/lib/python3.10/site-packages:${PYTHONPATH} /usr/bin/python3 -W ignore:setup.py install is deprecated setup.py develop --editable --build-directory /home/jo/mobile_test/build/my_bot/build --no-deps symlink_data
