[0.600s] Invoking command in '/home/jo/mobile_test/build/my_bot': PYTHONPATH=/home/jo/mobile_test/build/my_bot/prefix_override:/usr/lib/python3/dist-packages/colcon_core/task/python/colcon_distutils_commands:/home/jo/mobile_test/install/my_bot/lib/python3.10/site-packages:${PYTHONPATH} /usr/bin/python3 -W ignore:setup.py install is deprecated setup.py develop --editable --build-directory /home/jo/mobile_test/build/my_bot/build --no-deps symlink_data
[0.725s] /home/jo/.local/lib/python3.10/site-packages/setuptools/_distutils/dist.py:260: UserWarning: Unknown distribution option: 'tests_require'
[0.726s]   warnings.warn(msg)
[0.855s] running develop
[0.855s] /home/jo/.local/lib/python3.10/site-packages/setuptools/command/develop.py:41: EasyInstallDeprecationWarning: easy_install command is deprecated.
[0.855s] !!
[0.855s] 
[0.855s]         ********************************************************************************
[0.855s]         Please avoid running ``setup.py`` and ``easy_install``.
[0.855s]         Instead, use pypa/build, pypa/installer or other
[0.855s]         standards-based tools.
[0.855s] 
[0.856s]         See https://github.com/pypa/setuptools/issues/917 for details.
[0.856s]         ********************************************************************************
[0.856s] 
[0.856s] !!
[0.856s]   easy_install.initialize_options(self)
[1.023s] running egg_info
[1.035s] writing my_bot.egg-info/PKG-INFO
[1.035s] writing dependency_links to my_bot.egg-info/dependency_links.txt
[1.035s] writing requirements to my_bot.egg-info/requires.txt
[1.035s] writing top-level names to my_bot.egg-info/top_level.txt
[1.049s] reading manifest file 'my_bot.egg-info/SOURCES.txt'
[1.050s] writing manifest file 'my_bot.egg-info/SOURCES.txt'
[1.063s] running build_ext
[1.074s] Creating /home/jo/mobile_test/install/my_bot/lib/python3.10/site-packages/my-bot.egg-link (link to .)
[1.075s] 
[1.075s] Installed /home/jo/mobile_test/build/my_bot
[1.075s] running symlink_data
[1.124s] Invoked command in '/home/jo/mobile_test/build/my_bot' returned '0': PYTHONPATH=/home/jo/mobile_test/build/my_bot/prefix_override:/usr/lib/python3/dist-packages/colcon_core/task/python/colcon_distutils_commands:/home/jo/mobile_test/install/my_bot/lib/python3.10/site-packages:${PYTHONPATH} /usr/bin/python3 -W ignore:setup.py install is deprecated setup.py develop --editable --build-directory /home/jo/mobile_test/build/my_bot/build --no-deps symlink_data
