[0.486s] Invoking command in '/home/jo/mobile_test/build/mobile_controller': CMAKE_PREFIX_PATH=/home/jo/mobile_test/install/custom_interfaces:/home/jo/mobile_test/install/turtlebot3_description PYTHONPATH=/home/jo/mobile_test/build/mobile_controller/prefix_override:/usr/lib/python3/dist-packages/colcon_core/task/python/colcon_distutils_commands:/home/jo/mobile_test/install/mobile_controller/lib/python3.10/site-packages:${PYTHONPATH} /usr/bin/python3 -W ignore:setup.py install is deprecated setup.py develop --uninstall --editable --build-directory /home/jo/mobile_test/build/mobile_controller/build
[0.592s] /home/jo/.local/lib/python3.10/site-packages/setuptools/_distutils/dist.py:260: UserWarning: Unknown distribution option: 'tests_require'
[0.592s]   warnings.warn(msg)
[0.693s] running develop
[0.693s] /home/jo/.local/lib/python3.10/site-packages/setuptools/command/develop.py:41: EasyInstallDeprecationWarning: easy_install command is deprecated.
[0.693s] !!
[0.694s] 
[0.694s]         ********************************************************************************
[0.694s]         Please avoid running ``setup.py`` and ``easy_install``.
[0.694s]         Instead, use pypa/build, pypa/installer or other
[0.694s]         standards-based tools.
[0.694s] 
[0.694s]         See https://github.com/pypa/setuptools/issues/917 for details.
[0.694s]         ********************************************************************************
[0.694s] 
[0.694s] !!
[0.694s]   easy_install.initialize_options(self)
[0.834s] Removing /home/jo/mobile_test/install/mobile_controller/lib/python3.10/site-packages/mobile-controller.egg-link (link to .)
[0.858s] Invoked command in '/home/jo/mobile_test/build/mobile_controller' returned '0': CMAKE_PREFIX_PATH=/home/jo/mobile_test/install/custom_interfaces:/home/jo/mobile_test/install/turtlebot3_description PYTHONPATH=/home/jo/mobile_test/build/mobile_controller/prefix_override:/usr/lib/python3/dist-packages/colcon_core/task/python/colcon_distutils_commands:/home/jo/mobile_test/install/mobile_controller/lib/python3.10/site-packages:${PYTHONPATH} /usr/bin/python3 -W ignore:setup.py install is deprecated setup.py develop --uninstall --editable --build-directory /home/jo/mobile_test/build/mobile_controller/build
[0.860s] Invoking command in '/home/jo/mobile_test/src/mobile_controller': CMAKE_PREFIX_PATH=/home/jo/mobile_test/install/custom_interfaces:/home/jo/mobile_test/install/turtlebot3_description PYTHONPATH=/home/jo/mobile_test/build/mobile_controller/prefix_override:/usr/lib/python3/dist-packages/colcon_core/task/python/colcon_distutils_commands:/home/jo/mobile_test/install/mobile_controller/lib/python3.10/site-packages:${PYTHONPATH} /usr/bin/python3 -W ignore:setup.py install is deprecated setup.py egg_info --egg-base ../../build/mobile_controller build --build-base /home/jo/mobile_test/build/mobile_controller/build install --record /home/jo/mobile_test/build/mobile_controller/install.log --single-version-externally-managed install_data --force
[0.964s] /home/jo/.local/lib/python3.10/site-packages/setuptools/_distutils/dist.py:260: UserWarning: Unknown distribution option: 'tests_require'
[0.964s]   warnings.warn(msg)
[1.024s] running egg_info
[1.034s] writing ../../build/mobile_controller/mobile_controller.egg-info/PKG-INFO
[1.034s] writing dependency_links to ../../build/mobile_controller/mobile_controller.egg-info/dependency_links.txt
[1.035s] writing entry points to ../../build/mobile_controller/mobile_controller.egg-info/entry_points.txt
[1.035s] writing requirements to ../../build/mobile_controller/mobile_controller.egg-info/requires.txt
[1.035s] writing top-level names to ../../build/mobile_controller/mobile_controller.egg-info/top_level.txt
[1.056s] reading manifest file '../../build/mobile_controller/mobile_controller.egg-info/SOURCES.txt'
[1.057s] adding license file 'LICENSE'
[1.057s] writing manifest file '../../build/mobile_controller/mobile_controller.egg-info/SOURCES.txt'
[1.057s] running build
[1.057s] running build_py
[1.057s] creating /home/jo/mobile_test/build/mobile_controller/build
[1.058s] creating /home/jo/mobile_test/build/mobile_controller/build/lib
[1.058s] creating /home/jo/mobile_test/build/mobile_controller/build/lib/mobile_controller
[1.058s] copying mobile_controller/state_communicate.py -> /home/jo/mobile_test/build/mobile_controller/build/lib/mobile_controller
[1.058s] copying mobile_controller/consensus_controller.py -> /home/jo/mobile_test/build/mobile_controller/build/lib/mobile_controller
[1.058s] copying mobile_controller/__init__.py -> /home/jo/mobile_test/build/mobile_controller/build/lib/mobile_controller
[1.058s] running install
[1.061s] running install_lib
[1.071s] creating /home/jo/mobile_test/install/mobile_controller/lib/python3.10/site-packages/mobile_controller
[1.071s] copying /home/jo/mobile_test/build/mobile_controller/build/lib/mobile_controller/state_communicate.py -> /home/jo/mobile_test/install/mobile_controller/lib/python3.10/site-packages/mobile_controller
[1.071s] copying /home/jo/mobile_test/build/mobile_controller/build/lib/mobile_controller/consensus_controller.py -> /home/jo/mobile_test/install/mobile_controller/lib/python3.10/site-packages/mobile_controller
[1.071s] copying /home/jo/mobile_test/build/mobile_controller/build/lib/mobile_controller/__init__.py -> /home/jo/mobile_test/install/mobile_controller/lib/python3.10/site-packages/mobile_controller
[1.072s] byte-compiling /home/jo/mobile_test/install/mobile_controller/lib/python3.10/site-packages/mobile_controller/state_communicate.py to state_communicate.cpython-310.pyc
[1.072s] byte-compiling /home/jo/mobile_test/install/mobile_controller/lib/python3.10/site-packages/mobile_controller/consensus_controller.py to consensus_controller.cpython-310.pyc
[1.072s] byte-compiling /home/jo/mobile_test/install/mobile_controller/lib/python3.10/site-packages/mobile_controller/__init__.py to __init__.cpython-310.pyc
[1.073s] running install_data
[1.073s] copying resource/mobile_controller -> /home/jo/mobile_test/install/mobile_controller/share/ament_index/resource_index/packages
[1.073s] copying package.xml -> /home/jo/mobile_test/install/mobile_controller/share/mobile_controller
[1.073s] running install_egg_info
[1.084s] Copying ../../build/mobile_controller/mobile_controller.egg-info to /home/jo/mobile_test/install/mobile_controller/lib/python3.10/site-packages/mobile_controller-0.0.0-py3.10.egg-info
[1.085s] running install_scripts
[1.173s] Installing consensus_controller script to /home/jo/mobile_test/install/mobile_controller/lib/mobile_controller
[1.173s] Installing state_communicate script to /home/jo/mobile_test/install/mobile_controller/lib/mobile_controller
[1.173s] writing list of installed files to '/home/jo/mobile_test/build/mobile_controller/install.log'
[1.193s] Invoked command in '/home/jo/mobile_test/src/mobile_controller' returned '0': CMAKE_PREFIX_PATH=/home/jo/mobile_test/install/custom_interfaces:/home/jo/mobile_test/install/turtlebot3_description PYTHONPATH=/home/jo/mobile_test/build/mobile_controller/prefix_override:/usr/lib/python3/dist-packages/colcon_core/task/python/colcon_distutils_commands:/home/jo/mobile_test/install/mobile_controller/lib/python3.10/site-packages:${PYTHONPATH} /usr/bin/python3 -W ignore:setup.py install is deprecated setup.py egg_info --egg-base ../../build/mobile_controller build --build-base /home/jo/mobile_test/build/mobile_controller/build install --record /home/jo/mobile_test/build/mobile_controller/install.log --single-version-externally-managed install_data --force
