[0.113s] DEBUG:colcon:Command line arguments: ['/usr/bin/colcon', 'build', '--symlink-install']
[0.113s] DEBUG:colcon:Parsed command line arguments: Namespace(log_base=None, log_level=None, verb_name='build', build_base='build', install_base='install', merge_install=False, symlink_install=True, test_result_base=None, continue_on_error=False, executor='parallel', parallel_workers=16, event_handlers=None, ignore_user_meta=False, metas=['./colcon.meta'], base_paths=['.'], packages_ignore=None, packages_ignore_regex=None, paths=None, packages_up_to=None, packages_up_to_regex=None, packages_above=None, packages_above_and_dependencies=None, packages_above_depth=None, packages_select_by_dep=None, packages_skip_by_dep=None, packages_skip_up_to=None, packages_select_build_failed=False, packages_skip_build_finished=False, packages_select_test_failures=False, packages_skip_test_passed=False, packages_select=None, packages_skip=None, packages_select_regex=None, packages_skip_regex=None, packages_start=None, packages_end=None, allow_overriding=[], cmake_args=None, cmake_target=None, cmake_target_skip_unavailable=False, cmake_clean_cache=False, cmake_clean_first=False, cmake_force_configure=False, ament_cmake_args=None, catkin_cmake_args=None, catkin_skip_building_tests=False, mixin_files=None, mixin=None, verb_parser=<colcon_mixin.mixin.mixin_argument.MixinArgumentDecorator object at 0x7ea2eea33070>, verb_extension=<colcon_core.verb.build.BuildVerb object at 0x7ea2eea32b00>, main=<bound method BuildVerb.main of <colcon_core.verb.build.BuildVerb object at 0x7ea2eea32b00>>, mixin_verb=('build',))
[0.154s] Level 1:colcon.colcon_core.package_discovery:discover_packages(colcon_meta) check parameters
[0.154s] Level 1:colcon.colcon_core.package_discovery:discover_packages(recursive) check parameters
[0.154s] Level 1:colcon.colcon_core.package_discovery:discover_packages(ignore) check parameters
[0.154s] Level 1:colcon.colcon_core.package_discovery:discover_packages(path) check parameters
[0.154s] Level 1:colcon.colcon_core.package_discovery:discover_packages(colcon_meta) discover
[0.155s] Level 1:colcon.colcon_core.package_discovery:discover_packages(recursive) discover
[0.155s] INFO:colcon.colcon_core.package_discovery:Crawling recursively for packages in '/home/jo/mobile_test'
[0.155s] Level 1:colcon.colcon_core.package_identification:_identify(.) by extensions ['ignore', 'ignore_ament_install']
[0.155s] Level 1:colcon.colcon_core.package_identification:_identify(.) by extension 'ignore'
[0.155s] Level 1:colcon.colcon_core.package_identification:_identify(.) by extension 'ignore_ament_install'
[0.155s] Level 1:colcon.colcon_core.package_identification:_identify(.) by extensions ['colcon_pkg']
[0.155s] Level 1:colcon.colcon_core.package_identification:_identify(.) by extension 'colcon_pkg'
[0.155s] Level 1:colcon.colcon_core.package_identification:_identify(.) by extensions ['colcon_meta']
[0.155s] Level 1:colcon.colcon_core.package_identification:_identify(.) by extension 'colcon_meta'
[0.155s] Level 1:colcon.colcon_core.package_identification:_identify(.) by extensions ['ros']
[0.155s] Level 1:colcon.colcon_core.package_identification:_identify(.) by extension 'ros'
[0.170s] Level 1:colcon.colcon_core.package_identification:_identify(.) by extensions ['cmake', 'python']
[0.170s] Level 1:colcon.colcon_core.package_identification:_identify(.) by extension 'cmake'
[0.170s] Level 1:colcon.colcon_core.package_identification:_identify(.) by extension 'python'
[0.170s] Level 1:colcon.colcon_core.package_identification:_identify(.) by extensions ['python_setup_py']
[0.170s] Level 1:colcon.colcon_core.package_identification:_identify(.) by extension 'python_setup_py'
[0.170s] Level 1:colcon.colcon_core.package_identification:_identify(build) by extensions ['ignore', 'ignore_ament_install']
[0.170s] Level 1:colcon.colcon_core.package_identification:_identify(build) by extension 'ignore'
[0.171s] Level 1:colcon.colcon_core.package_identification:_identify(build) ignored
[0.171s] Level 1:colcon.colcon_core.package_identification:_identify(install) by extensions ['ignore', 'ignore_ament_install']
[0.171s] Level 1:colcon.colcon_core.package_identification:_identify(install) by extension 'ignore'
[0.171s] Level 1:colcon.colcon_core.package_identification:_identify(install) ignored
[0.171s] Level 1:colcon.colcon_core.package_identification:_identify(log) by extensions ['ignore', 'ignore_ament_install']
[0.171s] Level 1:colcon.colcon_core.package_identification:_identify(log) by extension 'ignore'
[0.171s] Level 1:colcon.colcon_core.package_identification:_identify(log) ignored
[0.171s] Level 1:colcon.colcon_core.package_identification:_identify(src) by extensions ['ignore', 'ignore_ament_install']
[0.172s] Level 1:colcon.colcon_core.package_identification:_identify(src) by extension 'ignore'
[0.172s] Level 1:colcon.colcon_core.package_identification:_identify(src) by extension 'ignore_ament_install'
[0.172s] Level 1:colcon.colcon_core.package_identification:_identify(src) by extensions ['colcon_pkg']
[0.172s] Level 1:colcon.colcon_core.package_identification:_identify(src) by extension 'colcon_pkg'
[0.172s] Level 1:colcon.colcon_core.package_identification:_identify(src) by extensions ['colcon_meta']
[0.172s] Level 1:colcon.colcon_core.package_identification:_identify(src) by extension 'colcon_meta'
[0.172s] Level 1:colcon.colcon_core.package_identification:_identify(src) by extensions ['ros']
[0.172s] Level 1:colcon.colcon_core.package_identification:_identify(src) by extension 'ros'
[0.172s] Level 1:colcon.colcon_core.package_identification:_identify(src) by extensions ['cmake', 'python']
[0.172s] Level 1:colcon.colcon_core.package_identification:_identify(src) by extension 'cmake'
[0.172s] Level 1:colcon.colcon_core.package_identification:_identify(src) by extension 'python'
[0.172s] Level 1:colcon.colcon_core.package_identification:_identify(src) by extensions ['python_setup_py']
[0.172s] Level 1:colcon.colcon_core.package_identification:_identify(src) by extension 'python_setup_py'
[0.172s] Level 1:colcon.colcon_core.package_identification:_identify(src/cmd_initial) by extensions ['ignore', 'ignore_ament_install']
[0.173s] Level 1:colcon.colcon_core.package_identification:_identify(src/cmd_initial) by extension 'ignore'
[0.173s] Level 1:colcon.colcon_core.package_identification:_identify(src/cmd_initial) by extension 'ignore_ament_install'
[0.173s] Level 1:colcon.colcon_core.package_identification:_identify(src/cmd_initial) by extensions ['colcon_pkg']
[0.173s] Level 1:colcon.colcon_core.package_identification:_identify(src/cmd_initial) by extension 'colcon_pkg'
[0.173s] Level 1:colcon.colcon_core.package_identification:_identify(src/cmd_initial) by extensions ['colcon_meta']
[0.173s] Level 1:colcon.colcon_core.package_identification:_identify(src/cmd_initial) by extension 'colcon_meta'
[0.173s] Level 1:colcon.colcon_core.package_identification:_identify(src/cmd_initial) by extensions ['ros']
[0.173s] Level 1:colcon.colcon_core.package_identification:_identify(src/cmd_initial) by extension 'ros'
[0.175s] DEBUG:colcon.colcon_core.package_identification:Package 'src/cmd_initial' with type 'ros.ament_python' and name 'cmd_initial'
[0.175s] Level 1:colcon.colcon_core.package_identification:_identify(src/custom_interfaces) by extensions ['ignore', 'ignore_ament_install']
[0.175s] Level 1:colcon.colcon_core.package_identification:_identify(src/custom_interfaces) by extension 'ignore'
[0.175s] Level 1:colcon.colcon_core.package_identification:_identify(src/custom_interfaces) by extension 'ignore_ament_install'
[0.175s] Level 1:colcon.colcon_core.package_identification:_identify(src/custom_interfaces) by extensions ['colcon_pkg']
[0.176s] Level 1:colcon.colcon_core.package_identification:_identify(src/custom_interfaces) by extension 'colcon_pkg'
[0.176s] Level 1:colcon.colcon_core.package_identification:_identify(src/custom_interfaces) by extensions ['colcon_meta']
[0.176s] Level 1:colcon.colcon_core.package_identification:_identify(src/custom_interfaces) by extension 'colcon_meta'
[0.176s] Level 1:colcon.colcon_core.package_identification:_identify(src/custom_interfaces) by extensions ['ros']
[0.176s] Level 1:colcon.colcon_core.package_identification:_identify(src/custom_interfaces) by extension 'ros'
[0.176s] DEBUG:colcon.colcon_core.package_identification:Package 'src/custom_interfaces' with type 'ros.ament_cmake' and name 'custom_interfaces'
[0.176s] Level 1:colcon.colcon_core.package_identification:_identify(src/mobile_controller) by extensions ['ignore', 'ignore_ament_install']
[0.177s] Level 1:colcon.colcon_core.package_identification:_identify(src/mobile_controller) by extension 'ignore'
[0.177s] Level 1:colcon.colcon_core.package_identification:_identify(src/mobile_controller) by extension 'ignore_ament_install'
[0.177s] Level 1:colcon.colcon_core.package_identification:_identify(src/mobile_controller) by extensions ['colcon_pkg']
[0.177s] Level 1:colcon.colcon_core.package_identification:_identify(src/mobile_controller) by extension 'colcon_pkg'
[0.177s] Level 1:colcon.colcon_core.package_identification:_identify(src/mobile_controller) by extensions ['colcon_meta']
[0.177s] Level 1:colcon.colcon_core.package_identification:_identify(src/mobile_controller) by extension 'colcon_meta'
[0.177s] Level 1:colcon.colcon_core.package_identification:_identify(src/mobile_controller) by extensions ['ros']
[0.177s] Level 1:colcon.colcon_core.package_identification:_identify(src/mobile_controller) by extension 'ros'
[0.178s] DEBUG:colcon.colcon_core.package_identification:Package 'src/mobile_controller' with type 'ros.ament_python' and name 'mobile_controller'
[0.178s] Level 1:colcon.colcon_core.package_identification:_identify(src/my_bot) by extensions ['ignore', 'ignore_ament_install']
[0.178s] Level 1:colcon.colcon_core.package_identification:_identify(src/my_bot) by extension 'ignore'
[0.178s] Level 1:colcon.colcon_core.package_identification:_identify(src/my_bot) by extension 'ignore_ament_install'
[0.178s] Level 1:colcon.colcon_core.package_identification:_identify(src/my_bot) by extensions ['colcon_pkg']
[0.178s] Level 1:colcon.colcon_core.package_identification:_identify(src/my_bot) by extension 'colcon_pkg'
[0.178s] Level 1:colcon.colcon_core.package_identification:_identify(src/my_bot) by extensions ['colcon_meta']
[0.178s] Level 1:colcon.colcon_core.package_identification:_identify(src/my_bot) by extension 'colcon_meta'
[0.178s] Level 1:colcon.colcon_core.package_identification:_identify(src/my_bot) by extensions ['ros']
[0.178s] Level 1:colcon.colcon_core.package_identification:_identify(src/my_bot) by extension 'ros'
[0.179s] DEBUG:colcon.colcon_core.package_identification:Package 'src/my_bot' with type 'ros.ament_python' and name 'my_bot'
[0.179s] Level 1:colcon.colcon_core.package_identification:_identify(src/turtlebot3) by extensions ['ignore', 'ignore_ament_install']
[0.179s] Level 1:colcon.colcon_core.package_identification:_identify(src/turtlebot3) by extension 'ignore'
[0.179s] Level 1:colcon.colcon_core.package_identification:_identify(src/turtlebot3) by extension 'ignore_ament_install'
[0.179s] Level 1:colcon.colcon_core.package_identification:_identify(src/turtlebot3) by extensions ['colcon_pkg']
[0.179s] Level 1:colcon.colcon_core.package_identification:_identify(src/turtlebot3) by extension 'colcon_pkg'
[0.179s] Level 1:colcon.colcon_core.package_identification:_identify(src/turtlebot3) by extensions ['colcon_meta']
[0.179s] Level 1:colcon.colcon_core.package_identification:_identify(src/turtlebot3) by extension 'colcon_meta'
[0.179s] Level 1:colcon.colcon_core.package_identification:_identify(src/turtlebot3) by extensions ['ros']
[0.179s] Level 1:colcon.colcon_core.package_identification:_identify(src/turtlebot3) by extension 'ros'
[0.180s] DEBUG:colcon.colcon_core.package_identification:Package 'src/turtlebot3' with type 'ros.ament_python' and name 'turtlebot3'
[0.180s] Level 1:colcon.colcon_core.package_identification:_identify(src/turtlebot3_description) by extensions ['ignore', 'ignore_ament_install']
[0.180s] Level 1:colcon.colcon_core.package_identification:_identify(src/turtlebot3_description) by extension 'ignore'
[0.180s] Level 1:colcon.colcon_core.package_identification:_identify(src/turtlebot3_description) by extension 'ignore_ament_install'
[0.180s] Level 1:colcon.colcon_core.package_identification:_identify(src/turtlebot3_description) by extensions ['colcon_pkg']
[0.180s] Level 1:colcon.colcon_core.package_identification:_identify(src/turtlebot3_description) by extension 'colcon_pkg'
[0.180s] Level 1:colcon.colcon_core.package_identification:_identify(src/turtlebot3_description) by extensions ['colcon_meta']
[0.180s] Level 1:colcon.colcon_core.package_identification:_identify(src/turtlebot3_description) by extension 'colcon_meta'
[0.181s] Level 1:colcon.colcon_core.package_identification:_identify(src/turtlebot3_description) by extensions ['ros']
[0.181s] Level 1:colcon.colcon_core.package_identification:_identify(src/turtlebot3_description) by extension 'ros'
[0.181s] DEBUG:colcon.colcon_core.package_identification:Package 'src/turtlebot3_description' with type 'ros.ament_cmake' and name 'turtlebot3_description'
[0.181s] Level 1:colcon.colcon_core.package_discovery:discover_packages(recursive) using defaults
[0.181s] Level 1:colcon.colcon_core.package_discovery:discover_packages(ignore) discover
[0.181s] Level 1:colcon.colcon_core.package_discovery:discover_packages(ignore) using defaults
[0.181s] Level 1:colcon.colcon_core.package_discovery:discover_packages(path) discover
[0.182s] Level 1:colcon.colcon_core.package_discovery:discover_packages(path) using defaults
[0.203s] Level 1:colcon.colcon_core.package_discovery:discover_packages(prefix_path) check parameters
[0.203s] Level 1:colcon.colcon_core.package_discovery:discover_packages(prefix_path) discover
[0.205s] DEBUG:colcon.colcon_installed_package_information.package_discovery:Found 6 installed packages in /home/jo/mobile_test/install
[0.206s] DEBUG:colcon.colcon_installed_package_information.package_discovery:Found 317 installed packages in /opt/ros/humble
[0.208s] Level 1:colcon.colcon_core.package_discovery:discover_packages(prefix_path) using defaults
[0.247s] Level 5:colcon.colcon_core.verb:set package 'cmd_initial' build argument 'cmake_args' from command line to 'None'
[0.247s] Level 5:colcon.colcon_core.verb:set package 'cmd_initial' build argument 'cmake_target' from command line to 'None'
[0.247s] Level 5:colcon.colcon_core.verb:set package 'cmd_initial' build argument 'cmake_target_skip_unavailable' from command line to 'False'
[0.247s] Level 5:colcon.colcon_core.verb:set package 'cmd_initial' build argument 'cmake_clean_cache' from command line to 'False'
[0.247s] Level 5:colcon.colcon_core.verb:set package 'cmd_initial' build argument 'cmake_clean_first' from command line to 'False'
[0.247s] Level 5:colcon.colcon_core.verb:set package 'cmd_initial' build argument 'cmake_force_configure' from command line to 'False'
[0.248s] Level 5:colcon.colcon_core.verb:set package 'cmd_initial' build argument 'ament_cmake_args' from command line to 'None'
[0.248s] Level 5:colcon.colcon_core.verb:set package 'cmd_initial' build argument 'catkin_cmake_args' from command line to 'None'
[0.248s] Level 5:colcon.colcon_core.verb:set package 'cmd_initial' build argument 'catkin_skip_building_tests' from command line to 'False'
[0.248s] DEBUG:colcon.colcon_core.verb:Building package 'cmd_initial' with the following arguments: {'ament_cmake_args': None, 'build_base': '/home/jo/mobile_test/build/cmd_initial', 'catkin_cmake_args': None, 'catkin_skip_building_tests': False, 'cmake_args': None, 'cmake_clean_cache': False, 'cmake_clean_first': False, 'cmake_force_configure': False, 'cmake_target': None, 'cmake_target_skip_unavailable': False, 'install_base': '/home/jo/mobile_test/install/cmd_initial', 'merge_install': False, 'path': '/home/jo/mobile_test/src/cmd_initial', 'symlink_install': True, 'test_result_base': None}
[0.248s] Level 5:colcon.colcon_core.verb:set package 'custom_interfaces' build argument 'cmake_args' from command line to 'None'
[0.248s] Level 5:colcon.colcon_core.verb:set package 'custom_interfaces' build argument 'cmake_target' from command line to 'None'
[0.248s] Level 5:colcon.colcon_core.verb:set package 'custom_interfaces' build argument 'cmake_target_skip_unavailable' from command line to 'False'
[0.248s] Level 5:colcon.colcon_core.verb:set package 'custom_interfaces' build argument 'cmake_clean_cache' from command line to 'False'
[0.248s] Level 5:colcon.colcon_core.verb:set package 'custom_interfaces' build argument 'cmake_clean_first' from command line to 'False'
[0.248s] Level 5:colcon.colcon_core.verb:set package 'custom_interfaces' build argument 'cmake_force_configure' from command line to 'False'
[0.248s] Level 5:colcon.colcon_core.verb:set package 'custom_interfaces' build argument 'ament_cmake_args' from command line to 'None'
[0.248s] Level 5:colcon.colcon_core.verb:set package 'custom_interfaces' build argument 'catkin_cmake_args' from command line to 'None'
[0.248s] Level 5:colcon.colcon_core.verb:set package 'custom_interfaces' build argument 'catkin_skip_building_tests' from command line to 'False'
[0.248s] DEBUG:colcon.colcon_core.verb:Building package 'custom_interfaces' with the following arguments: {'ament_cmake_args': None, 'build_base': '/home/jo/mobile_test/build/custom_interfaces', 'catkin_cmake_args': None, 'catkin_skip_building_tests': False, 'cmake_args': None, 'cmake_clean_cache': False, 'cmake_clean_first': False, 'cmake_force_configure': False, 'cmake_target': None, 'cmake_target_skip_unavailable': False, 'install_base': '/home/jo/mobile_test/install/custom_interfaces', 'merge_install': False, 'path': '/home/jo/mobile_test/src/custom_interfaces', 'symlink_install': True, 'test_result_base': None}
[0.249s] Level 5:colcon.colcon_core.verb:set package 'turtlebot3' build argument 'cmake_args' from command line to 'None'
[0.249s] Level 5:colcon.colcon_core.verb:set package 'turtlebot3' build argument 'cmake_target' from command line to 'None'
[0.249s] Level 5:colcon.colcon_core.verb:set package 'turtlebot3' build argument 'cmake_target_skip_unavailable' from command line to 'False'
[0.249s] Level 5:colcon.colcon_core.verb:set package 'turtlebot3' build argument 'cmake_clean_cache' from command line to 'False'
[0.249s] Level 5:colcon.colcon_core.verb:set package 'turtlebot3' build argument 'cmake_clean_first' from command line to 'False'
[0.249s] Level 5:colcon.colcon_core.verb:set package 'turtlebot3' build argument 'cmake_force_configure' from command line to 'False'
[0.249s] Level 5:colcon.colcon_core.verb:set package 'turtlebot3' build argument 'ament_cmake_args' from command line to 'None'
[0.249s] Level 5:colcon.colcon_core.verb:set package 'turtlebot3' build argument 'catkin_cmake_args' from command line to 'None'
[0.249s] Level 5:colcon.colcon_core.verb:set package 'turtlebot3' build argument 'catkin_skip_building_tests' from command line to 'False'
[0.249s] DEBUG:colcon.colcon_core.verb:Building package 'turtlebot3' with the following arguments: {'ament_cmake_args': None, 'build_base': '/home/jo/mobile_test/build/turtlebot3', 'catkin_cmake_args': None, 'catkin_skip_building_tests': False, 'cmake_args': None, 'cmake_clean_cache': False, 'cmake_clean_first': False, 'cmake_force_configure': False, 'cmake_target': None, 'cmake_target_skip_unavailable': False, 'install_base': '/home/jo/mobile_test/install/turtlebot3', 'merge_install': False, 'path': '/home/jo/mobile_test/src/turtlebot3', 'symlink_install': True, 'test_result_base': None}
[0.250s] Level 5:colcon.colcon_core.verb:set package 'turtlebot3_description' build argument 'cmake_args' from command line to 'None'
[0.250s] Level 5:colcon.colcon_core.verb:set package 'turtlebot3_description' build argument 'cmake_target' from command line to 'None'
[0.250s] Level 5:colcon.colcon_core.verb:set package 'turtlebot3_description' build argument 'cmake_target_skip_unavailable' from command line to 'False'
[0.250s] Level 5:colcon.colcon_core.verb:set package 'turtlebot3_description' build argument 'cmake_clean_cache' from command line to 'False'
[0.250s] Level 5:colcon.colcon_core.verb:set package 'turtlebot3_description' build argument 'cmake_clean_first' from command line to 'False'
[0.250s] Level 5:colcon.colcon_core.verb:set package 'turtlebot3_description' build argument 'cmake_force_configure' from command line to 'False'
[0.250s] Level 5:colcon.colcon_core.verb:set package 'turtlebot3_description' build argument 'ament_cmake_args' from command line to 'None'
[0.250s] Level 5:colcon.colcon_core.verb:set package 'turtlebot3_description' build argument 'catkin_cmake_args' from command line to 'None'
[0.250s] Level 5:colcon.colcon_core.verb:set package 'turtlebot3_description' build argument 'catkin_skip_building_tests' from command line to 'False'
[0.250s] DEBUG:colcon.colcon_core.verb:Building package 'turtlebot3_description' with the following arguments: {'ament_cmake_args': None, 'build_base': '/home/jo/mobile_test/build/turtlebot3_description', 'catkin_cmake_args': None, 'catkin_skip_building_tests': False, 'cmake_args': None, 'cmake_clean_cache': False, 'cmake_clean_first': False, 'cmake_force_configure': False, 'cmake_target': None, 'cmake_target_skip_unavailable': False, 'install_base': '/home/jo/mobile_test/install/turtlebot3_description', 'merge_install': False, 'path': '/home/jo/mobile_test/src/turtlebot3_description', 'symlink_install': True, 'test_result_base': None}
[0.250s] Level 5:colcon.colcon_core.verb:set package 'mobile_controller' build argument 'cmake_args' from command line to 'None'
[0.250s] Level 5:colcon.colcon_core.verb:set package 'mobile_controller' build argument 'cmake_target' from command line to 'None'
[0.250s] Level 5:colcon.colcon_core.verb:set package 'mobile_controller' build argument 'cmake_target_skip_unavailable' from command line to 'False'
[0.250s] Level 5:colcon.colcon_core.verb:set package 'mobile_controller' build argument 'cmake_clean_cache' from command line to 'False'
[0.250s] Level 5:colcon.colcon_core.verb:set package 'mobile_controller' build argument 'cmake_clean_first' from command line to 'False'
[0.250s] Level 5:colcon.colcon_core.verb:set package 'mobile_controller' build argument 'cmake_force_configure' from command line to 'False'
[0.250s] Level 5:colcon.colcon_core.verb:set package 'mobile_controller' build argument 'ament_cmake_args' from command line to 'None'
[0.251s] Level 5:colcon.colcon_core.verb:set package 'mobile_controller' build argument 'catkin_cmake_args' from command line to 'None'
[0.251s] Level 5:colcon.colcon_core.verb:set package 'mobile_controller' build argument 'catkin_skip_building_tests' from command line to 'False'
[0.251s] DEBUG:colcon.colcon_core.verb:Building package 'mobile_controller' with the following arguments: {'ament_cmake_args': None, 'build_base': '/home/jo/mobile_test/build/mobile_controller', 'catkin_cmake_args': None, 'catkin_skip_building_tests': False, 'cmake_args': None, 'cmake_clean_cache': False, 'cmake_clean_first': False, 'cmake_force_configure': False, 'cmake_target': None, 'cmake_target_skip_unavailable': False, 'install_base': '/home/jo/mobile_test/install/mobile_controller', 'merge_install': False, 'path': '/home/jo/mobile_test/src/mobile_controller', 'symlink_install': True, 'test_result_base': None}
[0.251s] Level 5:colcon.colcon_core.verb:set package 'my_bot' build argument 'cmake_args' from command line to 'None'
[0.251s] Level 5:colcon.colcon_core.verb:set package 'my_bot' build argument 'cmake_target' from command line to 'None'
[0.251s] Level 5:colcon.colcon_core.verb:set package 'my_bot' build argument 'cmake_target_skip_unavailable' from command line to 'False'
[0.251s] Level 5:colcon.colcon_core.verb:set package 'my_bot' build argument 'cmake_clean_cache' from command line to 'False'
[0.251s] Level 5:colcon.colcon_core.verb:set package 'my_bot' build argument 'cmake_clean_first' from command line to 'False'
[0.251s] Level 5:colcon.colcon_core.verb:set package 'my_bot' build argument 'cmake_force_configure' from command line to 'False'
[0.251s] Level 5:colcon.colcon_core.verb:set package 'my_bot' build argument 'ament_cmake_args' from command line to 'None'
[0.251s] Level 5:colcon.colcon_core.verb:set package 'my_bot' build argument 'catkin_cmake_args' from command line to 'None'
[0.251s] Level 5:colcon.colcon_core.verb:set package 'my_bot' build argument 'catkin_skip_building_tests' from command line to 'False'
[0.251s] DEBUG:colcon.colcon_core.verb:Building package 'my_bot' with the following arguments: {'ament_cmake_args': None, 'build_base': '/home/jo/mobile_test/build/my_bot', 'catkin_cmake_args': None, 'catkin_skip_building_tests': False, 'cmake_args': None, 'cmake_clean_cache': False, 'cmake_clean_first': False, 'cmake_force_configure': False, 'cmake_target': None, 'cmake_target_skip_unavailable': False, 'install_base': '/home/jo/mobile_test/install/my_bot', 'merge_install': False, 'path': '/home/jo/mobile_test/src/my_bot', 'symlink_install': True, 'test_result_base': None}
[0.251s] INFO:colcon.colcon_core.executor:Executing jobs using 'parallel' executor
[0.253s] DEBUG:colcon.colcon_parallel_executor.executor.parallel:run_until_complete
[0.253s] INFO:colcon.colcon_ros.task.ament_cmake.build:Building ROS package in '/home/jo/mobile_test/src/custom_interfaces' with build type 'ament_cmake'
[0.253s] INFO:colcon.colcon_cmake.task.cmake.build:Building CMake package in '/home/jo/mobile_test/src/custom_interfaces'
[0.255s] INFO:colcon.colcon_core.plugin_system:Skipping extension 'colcon_core.shell.bat': Not used on non-Windows systems
[0.255s] INFO:colcon.colcon_core.shell:Skip shell extension 'powershell' for command environment: Not usable outside of PowerShell
[0.256s] DEBUG:colcon.colcon_core.shell:Skip shell extension 'dsv' for command environment
[0.260s] INFO:colcon.colcon_ros.task.ament_cmake.build:Building ROS package in '/home/jo/mobile_test/src/turtlebot3_description' with build type 'ament_cmake'
[0.260s] INFO:colcon.colcon_cmake.task.cmake.build:Building CMake package in '/home/jo/mobile_test/src/turtlebot3_description'
[0.260s] INFO:colcon.colcon_core.shell:Skip shell extension 'powershell' for command environment: Not usable outside of PowerShell
[0.260s] DEBUG:colcon.colcon_core.shell:Skip shell extension 'dsv' for command environment
[0.264s] INFO:colcon.colcon_ros.task.ament_python.build:Building ROS package in '/home/jo/mobile_test/src/cmd_initial' with build type 'ament_python'
[0.264s] Level 1:colcon.colcon_core.shell:create_environment_hook('cmd_initial', 'ament_prefix_path')
[0.264s] INFO:colcon.colcon_core.shell:Creating environment hook '/home/jo/mobile_test/install/cmd_initial/share/cmd_initial/hook/ament_prefix_path.ps1'
[0.265s] INFO:colcon.colcon_core.shell:Creating environment descriptor '/home/jo/mobile_test/install/cmd_initial/share/cmd_initial/hook/ament_prefix_path.dsv'
[0.266s] INFO:colcon.colcon_core.shell:Creating environment hook '/home/jo/mobile_test/install/cmd_initial/share/cmd_initial/hook/ament_prefix_path.sh'
[0.267s] INFO:colcon.colcon_core.shell:Skip shell extension 'powershell' for command environment: Not usable outside of PowerShell
[0.267s] DEBUG:colcon.colcon_core.shell:Skip shell extension 'dsv' for command environment
[0.270s] INFO:colcon.colcon_ros.task.ament_python.build:Building ROS package in '/home/jo/mobile_test/src/turtlebot3' with build type 'ament_python'
[0.270s] Level 1:colcon.colcon_core.shell:create_environment_hook('turtlebot3', 'ament_prefix_path')
[0.271s] INFO:colcon.colcon_core.shell:Creating environment hook '/home/jo/mobile_test/install/turtlebot3/share/turtlebot3/hook/ament_prefix_path.ps1'
[0.271s] INFO:colcon.colcon_core.shell:Creating environment descriptor '/home/jo/mobile_test/install/turtlebot3/share/turtlebot3/hook/ament_prefix_path.dsv'
[0.272s] INFO:colcon.colcon_core.shell:Creating environment hook '/home/jo/mobile_test/install/turtlebot3/share/turtlebot3/hook/ament_prefix_path.sh'
[0.272s] INFO:colcon.colcon_core.shell:Skip shell extension 'powershell' for command environment: Not usable outside of PowerShell
[0.273s] DEBUG:colcon.colcon_core.shell:Skip shell extension 'dsv' for command environment
[0.282s] DEBUG:colcon.colcon_core.event_handler.log_command:Invoking command in '/home/jo/mobile_test/build/custom_interfaces': CMAKE_PREFIX_PATH=${CMAKE_PREFIX_PATH}:/home/jo/mobile_test/install/my_bot:/home/jo/mobile_test/install/turtlebot3:/home/jo/mobile_test/install/mobile_controller:/home/jo/mobile_test/install/cmd_initial:/opt/ros/humble /usr/bin/cmake --build /home/jo/mobile_test/build/custom_interfaces -- -j16 -l16
[0.284s] DEBUG:colcon.colcon_core.event_handler.log_command:Invoking command in '/home/jo/mobile_test/build/turtlebot3_description': CMAKE_PREFIX_PATH=${CMAKE_PREFIX_PATH}:/home/jo/mobile_test/install/my_bot:/home/jo/mobile_test/install/turtlebot3:/home/jo/mobile_test/install/mobile_controller:/home/jo/mobile_test/install/cmd_initial:/opt/ros/humble /usr/bin/cmake --build /home/jo/mobile_test/build/turtlebot3_description -- -j16 -l16
[0.501s] INFO:colcon.colcon_core.task.python.build:Building Python package in '/home/jo/mobile_test/src/cmd_initial'
[0.501s] INFO:colcon.colcon_core.shell:Skip shell extension 'powershell' for command environment: Not usable outside of PowerShell
[0.501s] DEBUG:colcon.colcon_core.shell:Skip shell extension 'dsv' for command environment
[0.722s] INFO:colcon.colcon_core.task.python.build:Building Python package in '/home/jo/mobile_test/src/turtlebot3'
[0.722s] INFO:colcon.colcon_core.shell:Skip shell extension 'powershell' for command environment: Not usable outside of PowerShell
[0.722s] DEBUG:colcon.colcon_core.shell:Skip shell extension 'dsv' for command environment
[0.727s] DEBUG:colcon.colcon_core.event_handler.log_command:Invoked command in '/home/jo/mobile_test/build/turtlebot3_description' returned '0': CMAKE_PREFIX_PATH=${CMAKE_PREFIX_PATH}:/home/jo/mobile_test/install/my_bot:/home/jo/mobile_test/install/turtlebot3:/home/jo/mobile_test/install/mobile_controller:/home/jo/mobile_test/install/cmd_initial:/opt/ros/humble /usr/bin/cmake --build /home/jo/mobile_test/build/turtlebot3_description -- -j16 -l16
[0.732s] DEBUG:colcon.colcon_core.event_handler.log_command:Invoked command in '/home/jo/mobile_test/build/custom_interfaces' returned '0': CMAKE_PREFIX_PATH=${CMAKE_PREFIX_PATH}:/home/jo/mobile_test/install/my_bot:/home/jo/mobile_test/install/turtlebot3:/home/jo/mobile_test/install/mobile_controller:/home/jo/mobile_test/install/cmd_initial:/opt/ros/humble /usr/bin/cmake --build /home/jo/mobile_test/build/custom_interfaces -- -j16 -l16
[0.764s] DEBUG:colcon.colcon_core.event_handler.log_command:Invoking command in '/home/jo/mobile_test/build/turtlebot3_description': CMAKE_PREFIX_PATH=${CMAKE_PREFIX_PATH}:/home/jo/mobile_test/install/my_bot:/home/jo/mobile_test/install/turtlebot3:/home/jo/mobile_test/install/mobile_controller:/home/jo/mobile_test/install/cmd_initial:/opt/ros/humble /usr/bin/cmake --install /home/jo/mobile_test/build/turtlebot3_description
[0.792s] Level 1:colcon.colcon_core.environment:create_environment_scripts_only(turtlebot3_description)
[0.793s] DEBUG:colcon.colcon_core.event_handler.log_command:Invoked command in '/home/jo/mobile_test/build/turtlebot3_description' returned '0': CMAKE_PREFIX_PATH=${CMAKE_PREFIX_PATH}:/home/jo/mobile_test/install/my_bot:/home/jo/mobile_test/install/turtlebot3:/home/jo/mobile_test/install/mobile_controller:/home/jo/mobile_test/install/cmd_initial:/opt/ros/humble /usr/bin/cmake --install /home/jo/mobile_test/build/turtlebot3_description
[0.795s] Level 1:colcon.colcon_core.environment:checking '/home/jo/mobile_test/install/turtlebot3_description' for CMake module files
[0.795s] Level 1:colcon.colcon_core.environment:checking '/home/jo/mobile_test/install/turtlebot3_description' for CMake config files
[0.796s] Level 1:colcon.colcon_core.shell:create_environment_hook('turtlebot3_description', 'cmake_prefix_path')
[0.796s] INFO:colcon.colcon_core.shell:Creating environment hook '/home/jo/mobile_test/install/turtlebot3_description/share/turtlebot3_description/hook/cmake_prefix_path.ps1'
[0.796s] INFO:colcon.colcon_core.shell:Creating environment descriptor '/home/jo/mobile_test/install/turtlebot3_description/share/turtlebot3_description/hook/cmake_prefix_path.dsv'
[0.797s] INFO:colcon.colcon_core.shell:Creating environment hook '/home/jo/mobile_test/install/turtlebot3_description/share/turtlebot3_description/hook/cmake_prefix_path.sh'
[0.797s] Level 1:colcon.colcon_core.environment:checking '/home/jo/mobile_test/install/turtlebot3_description/bin'
[0.798s] Level 1:colcon.colcon_core.environment:checking '/home/jo/mobile_test/install/turtlebot3_description/lib/pkgconfig/turtlebot3_description.pc'
[0.798s] Level 1:colcon.colcon_core.environment:checking '/home/jo/mobile_test/install/turtlebot3_description/lib/python3.10/site-packages'
[0.798s] Level 1:colcon.colcon_core.environment:checking '/home/jo/mobile_test/install/turtlebot3_description/bin'
[0.798s] INFO:colcon.colcon_core.shell:Creating package script '/home/jo/mobile_test/install/turtlebot3_description/share/turtlebot3_description/package.ps1'
[0.799s] INFO:colcon.colcon_core.shell:Creating package descriptor '/home/jo/mobile_test/install/turtlebot3_description/share/turtlebot3_description/package.dsv'
[0.800s] INFO:colcon.colcon_core.shell:Creating package script '/home/jo/mobile_test/install/turtlebot3_description/share/turtlebot3_description/package.sh'
[0.800s] INFO:colcon.colcon_core.shell:Creating package script '/home/jo/mobile_test/install/turtlebot3_description/share/turtlebot3_description/package.bash'
[0.801s] INFO:colcon.colcon_core.shell:Creating package script '/home/jo/mobile_test/install/turtlebot3_description/share/turtlebot3_description/package.zsh'
[0.802s] Level 1:colcon.colcon_core.environment:create_file_with_runtime_dependencies(/home/jo/mobile_test/install/turtlebot3_description/share/colcon-core/packages/turtlebot3_description)
[0.809s] DEBUG:colcon.colcon_core.event_handler.log_command:Invoking command in '/home/jo/mobile_test/build/custom_interfaces': CMAKE_PREFIX_PATH=${CMAKE_PREFIX_PATH}:/home/jo/mobile_test/install/my_bot:/home/jo/mobile_test/install/turtlebot3:/home/jo/mobile_test/install/mobile_controller:/home/jo/mobile_test/install/cmd_initial:/opt/ros/humble /usr/bin/cmake --install /home/jo/mobile_test/build/custom_interfaces
[0.829s] Level 1:colcon.colcon_core.environment:create_environment_scripts_only(turtlebot3_description)
[0.830s] Level 1:colcon.colcon_core.environment:checking '/home/jo/mobile_test/install/turtlebot3_description' for CMake module files
[0.830s] Level 1:colcon.colcon_core.environment:checking '/home/jo/mobile_test/install/turtlebot3_description' for CMake config files
[0.831s] Level 1:colcon.colcon_core.shell:create_environment_hook('turtlebot3_description', 'cmake_prefix_path')
[0.831s] INFO:colcon.colcon_core.shell:Creating environment hook '/home/jo/mobile_test/install/turtlebot3_description/share/turtlebot3_description/hook/cmake_prefix_path.ps1'
[0.831s] INFO:colcon.colcon_core.shell:Creating environment descriptor '/home/jo/mobile_test/install/turtlebot3_description/share/turtlebot3_description/hook/cmake_prefix_path.dsv'
[0.832s] INFO:colcon.colcon_core.shell:Creating environment hook '/home/jo/mobile_test/install/turtlebot3_description/share/turtlebot3_description/hook/cmake_prefix_path.sh'
[0.832s] Level 1:colcon.colcon_core.environment:checking '/home/jo/mobile_test/install/turtlebot3_description/bin'
[0.832s] Level 1:colcon.colcon_core.environment:checking '/home/jo/mobile_test/install/turtlebot3_description/lib/pkgconfig/turtlebot3_description.pc'
[0.833s] Level 1:colcon.colcon_core.environment:checking '/home/jo/mobile_test/install/turtlebot3_description/lib/python3.10/site-packages'
[0.833s] Level 1:colcon.colcon_core.environment:checking '/home/jo/mobile_test/install/turtlebot3_description/bin'
[0.833s] INFO:colcon.colcon_core.shell:Creating package script '/home/jo/mobile_test/install/turtlebot3_description/share/turtlebot3_description/package.ps1'
[0.833s] INFO:colcon.colcon_core.shell:Creating package descriptor '/home/jo/mobile_test/install/turtlebot3_description/share/turtlebot3_description/package.dsv'
[0.834s] INFO:colcon.colcon_core.shell:Creating package script '/home/jo/mobile_test/install/turtlebot3_description/share/turtlebot3_description/package.sh'
[0.834s] INFO:colcon.colcon_core.shell:Creating package script '/home/jo/mobile_test/install/turtlebot3_description/share/turtlebot3_description/package.bash'
[0.835s] INFO:colcon.colcon_core.shell:Creating package script '/home/jo/mobile_test/install/turtlebot3_description/share/turtlebot3_description/package.zsh'
[0.835s] Level 1:colcon.colcon_core.environment:create_file_with_runtime_dependencies(/home/jo/mobile_test/install/turtlebot3_description/share/colcon-core/packages/turtlebot3_description)
[0.835s] INFO:colcon.colcon_ros.task.ament_python.build:Building ROS package in '/home/jo/mobile_test/src/my_bot' with build type 'ament_python'
[0.836s] Level 1:colcon.colcon_core.shell:create_environment_hook('my_bot', 'ament_prefix_path')
[0.836s] INFO:colcon.colcon_core.shell:Creating environment hook '/home/jo/mobile_test/install/my_bot/share/my_bot/hook/ament_prefix_path.ps1'
[0.837s] INFO:colcon.colcon_core.shell:Creating environment descriptor '/home/jo/mobile_test/install/my_bot/share/my_bot/hook/ament_prefix_path.dsv'
[0.837s] INFO:colcon.colcon_core.shell:Creating environment hook '/home/jo/mobile_test/install/my_bot/share/my_bot/hook/ament_prefix_path.sh'
[0.838s] INFO:colcon.colcon_core.shell:Skip shell extension 'powershell' for command environment: Not usable outside of PowerShell
[0.838s] DEBUG:colcon.colcon_core.shell:Skip shell extension 'dsv' for command environment
[0.996s] INFO:colcon.colcon_core.task.python.build:Building Python package in '/home/jo/mobile_test/src/my_bot'
[0.996s] INFO:colcon.colcon_core.shell:Skip shell extension 'powershell' for command environment: Not usable outside of PowerShell
[0.996s] DEBUG:colcon.colcon_core.shell:Skip shell extension 'dsv' for command environment
[0.999s] Level 1:colcon.colcon_core.environment:create_environment_scripts_only(custom_interfaces)
[1.000s] Level 1:colcon.colcon_core.environment:checking '/home/jo/mobile_test/install/custom_interfaces' for CMake module files
[1.001s] DEBUG:colcon.colcon_core.event_handler.log_command:Invoked command in '/home/jo/mobile_test/build/custom_interfaces' returned '0': CMAKE_PREFIX_PATH=${CMAKE_PREFIX_PATH}:/home/jo/mobile_test/install/my_bot:/home/jo/mobile_test/install/turtlebot3:/home/jo/mobile_test/install/mobile_controller:/home/jo/mobile_test/install/cmd_initial:/opt/ros/humble /usr/bin/cmake --install /home/jo/mobile_test/build/custom_interfaces
[1.001s] Level 1:colcon.colcon_core.environment:checking '/home/jo/mobile_test/install/custom_interfaces' for CMake config files
[1.001s] Level 1:colcon.colcon_core.shell:create_environment_hook('custom_interfaces', 'cmake_prefix_path')
[1.001s] INFO:colcon.colcon_core.shell:Creating environment hook '/home/jo/mobile_test/install/custom_interfaces/share/custom_interfaces/hook/cmake_prefix_path.ps1'
[1.002s] INFO:colcon.colcon_core.shell:Creating environment descriptor '/home/jo/mobile_test/install/custom_interfaces/share/custom_interfaces/hook/cmake_prefix_path.dsv'
[1.002s] INFO:colcon.colcon_core.shell:Creating environment hook '/home/jo/mobile_test/install/custom_interfaces/share/custom_interfaces/hook/cmake_prefix_path.sh'
[1.002s] Level 1:colcon.colcon_core.environment:checking '/home/jo/mobile_test/install/custom_interfaces/lib'
[1.002s] Level 1:colcon.colcon_core.shell:create_environment_hook('custom_interfaces', 'ld_library_path_lib')
[1.003s] INFO:colcon.colcon_core.shell:Creating environment hook '/home/jo/mobile_test/install/custom_interfaces/share/custom_interfaces/hook/ld_library_path_lib.ps1'
[1.003s] INFO:colcon.colcon_core.shell:Creating environment descriptor '/home/jo/mobile_test/install/custom_interfaces/share/custom_interfaces/hook/ld_library_path_lib.dsv'
[1.003s] INFO:colcon.colcon_core.shell:Creating environment hook '/home/jo/mobile_test/install/custom_interfaces/share/custom_interfaces/hook/ld_library_path_lib.sh'
[1.003s] Level 1:colcon.colcon_core.environment:checking '/home/jo/mobile_test/install/custom_interfaces/bin'
[1.003s] Level 1:colcon.colcon_core.environment:checking '/home/jo/mobile_test/install/custom_interfaces/lib/pkgconfig/custom_interfaces.pc'
[1.003s] Level 1:colcon.colcon_core.environment:checking '/home/jo/mobile_test/install/custom_interfaces/lib/python3.10/site-packages'
[1.004s] Level 1:colcon.colcon_core.environment:checking '/home/jo/mobile_test/install/custom_interfaces/bin'
[1.004s] INFO:colcon.colcon_core.shell:Creating package script '/home/jo/mobile_test/install/custom_interfaces/share/custom_interfaces/package.ps1'
[1.004s] INFO:colcon.colcon_core.shell:Creating package descriptor '/home/jo/mobile_test/install/custom_interfaces/share/custom_interfaces/package.dsv'
[1.004s] INFO:colcon.colcon_core.shell:Creating package script '/home/jo/mobile_test/install/custom_interfaces/share/custom_interfaces/package.sh'
[1.005s] INFO:colcon.colcon_core.shell:Creating package script '/home/jo/mobile_test/install/custom_interfaces/share/custom_interfaces/package.bash'
[1.005s] INFO:colcon.colcon_core.shell:Creating package script '/home/jo/mobile_test/install/custom_interfaces/share/custom_interfaces/package.zsh'
[1.005s] Level 1:colcon.colcon_core.environment:create_file_with_runtime_dependencies(/home/jo/mobile_test/install/custom_interfaces/share/colcon-core/packages/custom_interfaces)
[1.059s] Level 1:colcon.colcon_core.environment:create_environment_scripts_only(custom_interfaces)
[1.060s] Level 1:colcon.colcon_core.environment:checking '/home/jo/mobile_test/install/custom_interfaces' for CMake module files
[1.060s] Level 1:colcon.colcon_core.environment:checking '/home/jo/mobile_test/install/custom_interfaces' for CMake config files
[1.061s] Level 1:colcon.colcon_core.shell:create_environment_hook('custom_interfaces', 'cmake_prefix_path')
[1.061s] INFO:colcon.colcon_core.shell:Creating environment hook '/home/jo/mobile_test/install/custom_interfaces/share/custom_interfaces/hook/cmake_prefix_path.ps1'
[1.061s] INFO:colcon.colcon_core.shell:Creating environment descriptor '/home/jo/mobile_test/install/custom_interfaces/share/custom_interfaces/hook/cmake_prefix_path.dsv'
[1.061s] INFO:colcon.colcon_core.shell:Creating environment hook '/home/jo/mobile_test/install/custom_interfaces/share/custom_interfaces/hook/cmake_prefix_path.sh'
[1.062s] Level 1:colcon.colcon_core.environment:checking '/home/jo/mobile_test/install/custom_interfaces/lib'
[1.062s] Level 1:colcon.colcon_core.shell:create_environment_hook('custom_interfaces', 'ld_library_path_lib')
[1.062s] INFO:colcon.colcon_core.shell:Creating environment hook '/home/jo/mobile_test/install/custom_interfaces/share/custom_interfaces/hook/ld_library_path_lib.ps1'
[1.062s] INFO:colcon.colcon_core.shell:Creating environment descriptor '/home/jo/mobile_test/install/custom_interfaces/share/custom_interfaces/hook/ld_library_path_lib.dsv'
[1.063s] INFO:colcon.colcon_core.shell:Creating environment hook '/home/jo/mobile_test/install/custom_interfaces/share/custom_interfaces/hook/ld_library_path_lib.sh'
[1.063s] Level 1:colcon.colcon_core.environment:checking '/home/jo/mobile_test/install/custom_interfaces/bin'
[1.063s] Level 1:colcon.colcon_core.environment:checking '/home/jo/mobile_test/install/custom_interfaces/lib/pkgconfig/custom_interfaces.pc'
[1.063s] Level 1:colcon.colcon_core.environment:checking '/home/jo/mobile_test/install/custom_interfaces/lib/python3.10/site-packages'
[1.063s] Level 1:colcon.colcon_core.environment:checking '/home/jo/mobile_test/install/custom_interfaces/bin'
[1.064s] INFO:colcon.colcon_core.shell:Creating package script '/home/jo/mobile_test/install/custom_interfaces/share/custom_interfaces/package.ps1'
[1.064s] INFO:colcon.colcon_core.shell:Creating package descriptor '/home/jo/mobile_test/install/custom_interfaces/share/custom_interfaces/package.dsv'
[1.064s] INFO:colcon.colcon_core.shell:Creating package script '/home/jo/mobile_test/install/custom_interfaces/share/custom_interfaces/package.sh'
[1.064s] INFO:colcon.colcon_core.shell:Creating package script '/home/jo/mobile_test/install/custom_interfaces/share/custom_interfaces/package.bash'
[1.065s] INFO:colcon.colcon_core.shell:Creating package script '/home/jo/mobile_test/install/custom_interfaces/share/custom_interfaces/package.zsh'
[1.065s] Level 1:colcon.colcon_core.environment:create_file_with_runtime_dependencies(/home/jo/mobile_test/install/custom_interfaces/share/colcon-core/packages/custom_interfaces)
[1.065s] INFO:colcon.colcon_ros.task.ament_python.build:Building ROS package in '/home/jo/mobile_test/src/mobile_controller' with build type 'ament_python'
[1.065s] Level 1:colcon.colcon_core.shell:create_environment_hook('mobile_controller', 'ament_prefix_path')
[1.066s] INFO:colcon.colcon_core.shell:Creating environment hook '/home/jo/mobile_test/install/mobile_controller/share/mobile_controller/hook/ament_prefix_path.ps1'
[1.066s] INFO:colcon.colcon_core.shell:Creating environment descriptor '/home/jo/mobile_test/install/mobile_controller/share/mobile_controller/hook/ament_prefix_path.dsv'
[1.066s] INFO:colcon.colcon_core.shell:Creating environment hook '/home/jo/mobile_test/install/mobile_controller/share/mobile_controller/hook/ament_prefix_path.sh'
[1.067s] INFO:colcon.colcon_core.shell:Skip shell extension 'powershell' for command environment: Not usable outside of PowerShell
[1.067s] DEBUG:colcon.colcon_core.shell:Skip shell extension 'dsv' for command environment
[1.232s] INFO:colcon.colcon_core.task.python.build:Building Python package in '/home/jo/mobile_test/src/mobile_controller'
[1.233s] INFO:colcon.colcon_core.shell:Skip shell extension 'powershell' for command environment: Not usable outside of PowerShell
[1.233s] DEBUG:colcon.colcon_core.shell:Skip shell extension 'dsv' for command environment
[1.238s] DEBUG:colcon.colcon_core.event_handler.log_command:Invoking command in '/home/jo/mobile_test/build/turtlebot3': PYTHONPATH=/home/jo/mobile_test/build/turtlebot3/prefix_override:/usr/lib/python3/dist-packages/colcon_core/task/python/colcon_distutils_commands:/home/jo/mobile_test/install/turtlebot3/lib/python3.10/site-packages:${PYTHONPATH} /usr/bin/python3 -W ignore:setup.py install is deprecated setup.py develop --editable --build-directory /home/jo/mobile_test/build/turtlebot3/build --no-deps symlink_data
[1.240s] DEBUG:colcon.colcon_core.event_handler.log_command:Invoking command in '/home/jo/mobile_test/build/cmd_initial': PYTHONPATH=/home/jo/mobile_test/build/cmd_initial/prefix_override:/usr/lib/python3/dist-packages/colcon_core/task/python/colcon_distutils_commands:/home/jo/mobile_test/install/cmd_initial/lib/python3.10/site-packages:${PYTHONPATH} /usr/bin/python3 -W ignore:setup.py install is deprecated setup.py develop --editable --build-directory /home/jo/mobile_test/build/cmd_initial/build --no-deps symlink_data
[1.386s] DEBUG:colcon.colcon_core.event_handler.log_command:Invoking command in '/home/jo/mobile_test/build/my_bot': PYTHONPATH=/home/jo/mobile_test/build/my_bot/prefix_override:/usr/lib/python3/dist-packages/colcon_core/task/python/colcon_distutils_commands:/home/jo/mobile_test/install/my_bot/lib/python3.10/site-packages:${PYTHONPATH} /usr/bin/python3 -W ignore:setup.py install is deprecated setup.py develop --editable --build-directory /home/jo/mobile_test/build/my_bot/build --no-deps symlink_data
[1.614s] DEBUG:colcon.colcon_core.event_handler.log_command:Invoking command in '/home/jo/mobile_test/build/mobile_controller': CMAKE_PREFIX_PATH=/home/jo/mobile_test/install/custom_interfaces:/home/jo/mobile_test/install/turtlebot3_description PYTHONPATH=/home/jo/mobile_test/build/mobile_controller/prefix_override:/usr/lib/python3/dist-packages/colcon_core/task/python/colcon_distutils_commands:/home/jo/mobile_test/install/mobile_controller/lib/python3.10/site-packages:${PYTHONPATH} /usr/bin/python3 -W ignore:setup.py install is deprecated setup.py develop --editable --build-directory /home/jo/mobile_test/build/mobile_controller/build --no-deps symlink_data
[1.701s] Level 1:colcon.colcon_core.shell:create_environment_hook('turtlebot3', 'pythonpath_develop')
[1.702s] INFO:colcon.colcon_core.shell:Creating environment hook '/home/jo/mobile_test/build/turtlebot3/share/turtlebot3/hook/pythonpath_develop.ps1'
[1.702s] DEBUG:colcon.colcon_core.event_handler.log_command:Invoked command in '/home/jo/mobile_test/build/turtlebot3' returned '0': PYTHONPATH=/home/jo/mobile_test/build/turtlebot3/prefix_override:/usr/lib/python3/dist-packages/colcon_core/task/python/colcon_distutils_commands:/home/jo/mobile_test/install/turtlebot3/lib/python3.10/site-packages:${PYTHONPATH} /usr/bin/python3 -W ignore:setup.py install is deprecated setup.py develop --editable --build-directory /home/jo/mobile_test/build/turtlebot3/build --no-deps symlink_data
[1.703s] INFO:colcon.colcon_core.shell:Creating environment descriptor '/home/jo/mobile_test/build/turtlebot3/share/turtlebot3/hook/pythonpath_develop.dsv'
[1.703s] INFO:colcon.colcon_core.shell:Creating environment hook '/home/jo/mobile_test/build/turtlebot3/share/turtlebot3/hook/pythonpath_develop.sh'
[1.704s] Level 1:colcon.colcon_core.environment:checking '/home/jo/mobile_test/install/turtlebot3' for CMake module files
[1.704s] Level 1:colcon.colcon_core.environment:checking '/home/jo/mobile_test/install/turtlebot3' for CMake config files
[1.704s] Level 1:colcon.colcon_core.environment:checking '/home/jo/mobile_test/install/turtlebot3/lib'
[1.704s] Level 1:colcon.colcon_core.environment:checking '/home/jo/mobile_test/install/turtlebot3/bin'
[1.704s] Level 1:colcon.colcon_core.environment:checking '/home/jo/mobile_test/install/turtlebot3/lib/pkgconfig/turtlebot3.pc'
[1.704s] Level 1:colcon.colcon_core.environment:checking '/home/jo/mobile_test/install/turtlebot3/lib/python3.10/site-packages'
[1.704s] Level 1:colcon.colcon_core.shell:create_environment_hook('turtlebot3', 'pythonpath')
[1.705s] INFO:colcon.colcon_core.shell:Creating environment hook '/home/jo/mobile_test/install/turtlebot3/share/turtlebot3/hook/pythonpath.ps1'
[1.705s] INFO:colcon.colcon_core.shell:Creating environment descriptor '/home/jo/mobile_test/install/turtlebot3/share/turtlebot3/hook/pythonpath.dsv'
[1.705s] INFO:colcon.colcon_core.shell:Creating environment hook '/home/jo/mobile_test/install/turtlebot3/share/turtlebot3/hook/pythonpath.sh'
[1.705s] Level 1:colcon.colcon_core.environment:checking '/home/jo/mobile_test/install/turtlebot3/bin'
[1.705s] Level 1:colcon.colcon_core.environment:create_environment_scripts_only(turtlebot3)
[1.706s] INFO:colcon.colcon_core.shell:Creating package script '/home/jo/mobile_test/install/turtlebot3/share/turtlebot3/package.ps1'
[1.706s] INFO:colcon.colcon_core.shell:Creating package descriptor '/home/jo/mobile_test/install/turtlebot3/share/turtlebot3/package.dsv'
[1.706s] INFO:colcon.colcon_core.shell:Creating package script '/home/jo/mobile_test/install/turtlebot3/share/turtlebot3/package.sh'
[1.707s] INFO:colcon.colcon_core.shell:Creating package script '/home/jo/mobile_test/install/turtlebot3/share/turtlebot3/package.bash'
[1.707s] INFO:colcon.colcon_core.shell:Creating package script '/home/jo/mobile_test/install/turtlebot3/share/turtlebot3/package.zsh'
[1.707s] Level 1:colcon.colcon_core.environment:create_file_with_runtime_dependencies(/home/jo/mobile_test/install/turtlebot3/share/colcon-core/packages/turtlebot3)
[1.724s] Level 1:colcon.colcon_core.shell:create_environment_hook('cmd_initial', 'pythonpath_develop')
[1.725s] INFO:colcon.colcon_core.shell:Creating environment hook '/home/jo/mobile_test/build/cmd_initial/share/cmd_initial/hook/pythonpath_develop.ps1'
[1.725s] DEBUG:colcon.colcon_core.event_handler.log_command:Invoked command in '/home/jo/mobile_test/build/cmd_initial' returned '0': PYTHONPATH=/home/jo/mobile_test/build/cmd_initial/prefix_override:/usr/lib/python3/dist-packages/colcon_core/task/python/colcon_distutils_commands:/home/jo/mobile_test/install/cmd_initial/lib/python3.10/site-packages:${PYTHONPATH} /usr/bin/python3 -W ignore:setup.py install is deprecated setup.py develop --editable --build-directory /home/jo/mobile_test/build/cmd_initial/build --no-deps symlink_data
[1.726s] INFO:colcon.colcon_core.shell:Creating environment descriptor '/home/jo/mobile_test/build/cmd_initial/share/cmd_initial/hook/pythonpath_develop.dsv'
[1.726s] INFO:colcon.colcon_core.shell:Creating environment hook '/home/jo/mobile_test/build/cmd_initial/share/cmd_initial/hook/pythonpath_develop.sh'
[1.726s] Level 1:colcon.colcon_core.environment:checking '/home/jo/mobile_test/install/cmd_initial' for CMake module files
[1.727s] Level 1:colcon.colcon_core.environment:checking '/home/jo/mobile_test/install/cmd_initial' for CMake config files
[1.727s] Level 1:colcon.colcon_core.environment:checking '/home/jo/mobile_test/install/cmd_initial/lib'
[1.727s] Level 1:colcon.colcon_core.environment:checking '/home/jo/mobile_test/install/cmd_initial/bin'
[1.727s] Level 1:colcon.colcon_core.environment:checking '/home/jo/mobile_test/install/cmd_initial/lib/pkgconfig/cmd_initial.pc'
[1.727s] Level 1:colcon.colcon_core.environment:checking '/home/jo/mobile_test/install/cmd_initial/lib/python3.10/site-packages'
[1.727s] Level 1:colcon.colcon_core.shell:create_environment_hook('cmd_initial', 'pythonpath')
[1.727s] INFO:colcon.colcon_core.shell:Creating environment hook '/home/jo/mobile_test/install/cmd_initial/share/cmd_initial/hook/pythonpath.ps1'
[1.728s] INFO:colcon.colcon_core.shell:Creating environment descriptor '/home/jo/mobile_test/install/cmd_initial/share/cmd_initial/hook/pythonpath.dsv'
[1.728s] INFO:colcon.colcon_core.shell:Creating environment hook '/home/jo/mobile_test/install/cmd_initial/share/cmd_initial/hook/pythonpath.sh'
[1.728s] Level 1:colcon.colcon_core.environment:checking '/home/jo/mobile_test/install/cmd_initial/bin'
[1.728s] Level 1:colcon.colcon_core.environment:create_environment_scripts_only(cmd_initial)
[1.729s] INFO:colcon.colcon_core.shell:Creating package script '/home/jo/mobile_test/install/cmd_initial/share/cmd_initial/package.ps1'
[1.729s] INFO:colcon.colcon_core.shell:Creating package descriptor '/home/jo/mobile_test/install/cmd_initial/share/cmd_initial/package.dsv'
[1.729s] INFO:colcon.colcon_core.shell:Creating package script '/home/jo/mobile_test/install/cmd_initial/share/cmd_initial/package.sh'
[1.729s] INFO:colcon.colcon_core.shell:Creating package script '/home/jo/mobile_test/install/cmd_initial/share/cmd_initial/package.bash'
[1.730s] INFO:colcon.colcon_core.shell:Creating package script '/home/jo/mobile_test/install/cmd_initial/share/cmd_initial/package.zsh'
[1.730s] Level 1:colcon.colcon_core.environment:create_file_with_runtime_dependencies(/home/jo/mobile_test/install/cmd_initial/share/colcon-core/packages/cmd_initial)
[1.853s] Level 1:colcon.colcon_core.shell:create_environment_hook('my_bot', 'pythonpath_develop')
[1.854s] INFO:colcon.colcon_core.shell:Creating environment hook '/home/jo/mobile_test/build/my_bot/share/my_bot/hook/pythonpath_develop.ps1'
[1.855s] DEBUG:colcon.colcon_core.event_handler.log_command:Invoked command in '/home/jo/mobile_test/build/my_bot' returned '0': PYTHONPATH=/home/jo/mobile_test/build/my_bot/prefix_override:/usr/lib/python3/dist-packages/colcon_core/task/python/colcon_distutils_commands:/home/jo/mobile_test/install/my_bot/lib/python3.10/site-packages:${PYTHONPATH} /usr/bin/python3 -W ignore:setup.py install is deprecated setup.py develop --editable --build-directory /home/jo/mobile_test/build/my_bot/build --no-deps symlink_data
[1.855s] INFO:colcon.colcon_core.shell:Creating environment descriptor '/home/jo/mobile_test/build/my_bot/share/my_bot/hook/pythonpath_develop.dsv'
[1.855s] INFO:colcon.colcon_core.shell:Creating environment hook '/home/jo/mobile_test/build/my_bot/share/my_bot/hook/pythonpath_develop.sh'
[1.855s] Level 1:colcon.colcon_core.environment:checking '/home/jo/mobile_test/install/my_bot' for CMake module files
[1.856s] Level 1:colcon.colcon_core.environment:checking '/home/jo/mobile_test/install/my_bot' for CMake config files
[1.856s] Level 1:colcon.colcon_core.environment:checking '/home/jo/mobile_test/install/my_bot/lib'
[1.856s] Level 1:colcon.colcon_core.environment:checking '/home/jo/mobile_test/install/my_bot/bin'
[1.856s] Level 1:colcon.colcon_core.environment:checking '/home/jo/mobile_test/install/my_bot/lib/pkgconfig/my_bot.pc'
[1.856s] Level 1:colcon.colcon_core.environment:checking '/home/jo/mobile_test/install/my_bot/lib/python3.10/site-packages'
[1.856s] Level 1:colcon.colcon_core.shell:create_environment_hook('my_bot', 'pythonpath')
[1.856s] INFO:colcon.colcon_core.shell:Creating environment hook '/home/jo/mobile_test/install/my_bot/share/my_bot/hook/pythonpath.ps1'
[1.857s] INFO:colcon.colcon_core.shell:Creating environment descriptor '/home/jo/mobile_test/install/my_bot/share/my_bot/hook/pythonpath.dsv'
[1.857s] INFO:colcon.colcon_core.shell:Creating environment hook '/home/jo/mobile_test/install/my_bot/share/my_bot/hook/pythonpath.sh'
[1.857s] Level 1:colcon.colcon_core.environment:checking '/home/jo/mobile_test/install/my_bot/bin'
[1.857s] Level 1:colcon.colcon_core.environment:create_environment_scripts_only(my_bot)
[1.858s] INFO:colcon.colcon_core.shell:Creating package script '/home/jo/mobile_test/install/my_bot/share/my_bot/package.ps1'
[1.858s] INFO:colcon.colcon_core.shell:Creating package descriptor '/home/jo/mobile_test/install/my_bot/share/my_bot/package.dsv'
[1.858s] INFO:colcon.colcon_core.shell:Creating package script '/home/jo/mobile_test/install/my_bot/share/my_bot/package.sh'
[1.858s] INFO:colcon.colcon_core.shell:Creating package script '/home/jo/mobile_test/install/my_bot/share/my_bot/package.bash'
[1.859s] INFO:colcon.colcon_core.shell:Creating package script '/home/jo/mobile_test/install/my_bot/share/my_bot/package.zsh'
[1.859s] Level 1:colcon.colcon_core.environment:create_file_with_runtime_dependencies(/home/jo/mobile_test/install/my_bot/share/colcon-core/packages/my_bot)
[2.051s] Level 1:colcon.colcon_core.shell:create_environment_hook('mobile_controller', 'pythonpath_develop')
[2.052s] INFO:colcon.colcon_core.shell:Creating environment hook '/home/jo/mobile_test/build/mobile_controller/share/mobile_controller/hook/pythonpath_develop.ps1'
[2.052s] DEBUG:colcon.colcon_core.event_handler.log_command:Invoked command in '/home/jo/mobile_test/build/mobile_controller' returned '0': CMAKE_PREFIX_PATH=/home/jo/mobile_test/install/custom_interfaces:/home/jo/mobile_test/install/turtlebot3_description PYTHONPATH=/home/jo/mobile_test/build/mobile_controller/prefix_override:/usr/lib/python3/dist-packages/colcon_core/task/python/colcon_distutils_commands:/home/jo/mobile_test/install/mobile_controller/lib/python3.10/site-packages:${PYTHONPATH} /usr/bin/python3 -W ignore:setup.py install is deprecated setup.py develop --editable --build-directory /home/jo/mobile_test/build/mobile_controller/build --no-deps symlink_data
[2.052s] INFO:colcon.colcon_core.shell:Creating environment descriptor '/home/jo/mobile_test/build/mobile_controller/share/mobile_controller/hook/pythonpath_develop.dsv'
[2.053s] INFO:colcon.colcon_core.shell:Creating environment hook '/home/jo/mobile_test/build/mobile_controller/share/mobile_controller/hook/pythonpath_develop.sh'
[2.053s] Level 1:colcon.colcon_core.environment:checking '/home/jo/mobile_test/install/mobile_controller' for CMake module files
[2.053s] Level 1:colcon.colcon_core.environment:checking '/home/jo/mobile_test/install/mobile_controller' for CMake config files
[2.054s] Level 1:colcon.colcon_core.environment:checking '/home/jo/mobile_test/install/mobile_controller/lib'
[2.054s] Level 1:colcon.colcon_core.environment:checking '/home/jo/mobile_test/install/mobile_controller/bin'
[2.054s] Level 1:colcon.colcon_core.environment:checking '/home/jo/mobile_test/install/mobile_controller/lib/pkgconfig/mobile_controller.pc'
[2.054s] Level 1:colcon.colcon_core.environment:checking '/home/jo/mobile_test/install/mobile_controller/lib/python3.10/site-packages'
[2.054s] Level 1:colcon.colcon_core.shell:create_environment_hook('mobile_controller', 'pythonpath')
[2.054s] INFO:colcon.colcon_core.shell:Creating environment hook '/home/jo/mobile_test/install/mobile_controller/share/mobile_controller/hook/pythonpath.ps1'
[2.054s] INFO:colcon.colcon_core.shell:Creating environment descriptor '/home/jo/mobile_test/install/mobile_controller/share/mobile_controller/hook/pythonpath.dsv'
[2.055s] INFO:colcon.colcon_core.shell:Creating environment hook '/home/jo/mobile_test/install/mobile_controller/share/mobile_controller/hook/pythonpath.sh'
[2.055s] Level 1:colcon.colcon_core.environment:checking '/home/jo/mobile_test/install/mobile_controller/bin'
[2.055s] Level 1:colcon.colcon_core.environment:create_environment_scripts_only(mobile_controller)
[2.055s] INFO:colcon.colcon_core.shell:Creating package script '/home/jo/mobile_test/install/mobile_controller/share/mobile_controller/package.ps1'
[2.056s] INFO:colcon.colcon_core.shell:Creating package descriptor '/home/jo/mobile_test/install/mobile_controller/share/mobile_controller/package.dsv'
[2.056s] INFO:colcon.colcon_core.shell:Creating package script '/home/jo/mobile_test/install/mobile_controller/share/mobile_controller/package.sh'
[2.056s] INFO:colcon.colcon_core.shell:Creating package script '/home/jo/mobile_test/install/mobile_controller/share/mobile_controller/package.bash'
[2.057s] INFO:colcon.colcon_core.shell:Creating package script '/home/jo/mobile_test/install/mobile_controller/share/mobile_controller/package.zsh'
[2.057s] Level 1:colcon.colcon_core.environment:create_file_with_runtime_dependencies(/home/jo/mobile_test/install/mobile_controller/share/colcon-core/packages/mobile_controller)
[2.057s] DEBUG:colcon.colcon_parallel_executor.executor.parallel:closing loop
[2.057s] DEBUG:colcon.colcon_parallel_executor.executor.parallel:loop closed
[2.057s] DEBUG:colcon.colcon_parallel_executor.executor.parallel:run_until_complete finished with '0'
[2.057s] DEBUG:colcon.colcon_core.event_reactor:joining thread
[2.061s] INFO:colcon.colcon_core.plugin_system:Skipping extension 'colcon_notification.desktop_notification.terminal_notifier': Not used on non-Darwin systems
[2.061s] INFO:colcon.colcon_core.plugin_system:Skipping extension 'colcon_notification.desktop_notification.win32': Not used on non-Windows systems
[2.061s] INFO:colcon.colcon_notification.desktop_notification:Sending desktop notification using 'notify2'
[2.070s] DEBUG:colcon.colcon_core.event_reactor:joined thread
[2.070s] INFO:colcon.colcon_core.shell:Creating prefix script '/home/jo/mobile_test/install/local_setup.ps1'
[2.071s] INFO:colcon.colcon_core.shell:Creating prefix util module '/home/jo/mobile_test/install/_local_setup_util_ps1.py'
[2.072s] INFO:colcon.colcon_core.shell:Creating prefix chain script '/home/jo/mobile_test/install/setup.ps1'
[2.073s] INFO:colcon.colcon_core.shell:Creating prefix script '/home/jo/mobile_test/install/local_setup.sh'
[2.073s] INFO:colcon.colcon_core.shell:Creating prefix util module '/home/jo/mobile_test/install/_local_setup_util_sh.py'
[2.074s] INFO:colcon.colcon_core.shell:Creating prefix chain script '/home/jo/mobile_test/install/setup.sh'
[2.074s] INFO:colcon.colcon_core.shell:Creating prefix script '/home/jo/mobile_test/install/local_setup.bash'
[2.075s] INFO:colcon.colcon_core.shell:Creating prefix chain script '/home/jo/mobile_test/install/setup.bash'
[2.075s] INFO:colcon.colcon_core.shell:Creating prefix script '/home/jo/mobile_test/install/local_setup.zsh'
[2.076s] INFO:colcon.colcon_core.shell:Creating prefix chain script '/home/jo/mobile_test/install/setup.zsh'
