running develop
running egg_info
creating my_bot.egg-info
writing my_bot.egg-info/PKG-INFO
writing dependency_links to my_bot.egg-info/dependency_links.txt
writing requirements to my_bot.egg-info/requires.txt
writing top-level names to my_bot.egg-info/top_level.txt
writing manifest file 'my_bot.egg-info/SOURCES.txt'
reading manifest file 'my_bot.egg-info/SOURCES.txt'
writing manifest file 'my_bot.egg-info/SOURCES.txt'
running build_ext
Creating /home/jo/mobile_test/install/my_bot/lib/python3.10/site-packages/my-bot.egg-link (link to .)

Installed /home/jo/mobile_test/build/my_bot
running symlink_data
creating /home/jo/mobile_test/install/my_bot/share/ament_index
creating /home/jo/mobile_test/install/my_bot/share/ament_index/resource_index
creating /home/jo/mobile_test/install/my_bot/share/ament_index/resource_index/packages
symbolically linking /home/jo/mobile_test/build/my_bot/resource/my_bot -> /home/jo/mobile_test/install/my_bot/share/ament_index/resource_index/packages
symbolically linking /home/jo/mobile_test/build/my_bot/package.xml -> /home/jo/mobile_test/install/my_bot/share/my_bot
creating /home/jo/mobile_test/install/my_bot/share/my_bot/launch
symbolically linking /home/jo/mobile_test/build/my_bot/launch/controller.launch.py -> /home/jo/mobile_test/install/my_bot/share/my_bot/launch
symbolically linking /home/jo/mobile_test/build/my_bot/launch/rsp.launch.py -> /home/jo/mobile_test/install/my_bot/share/my_bot/launch
symbolically linking /home/jo/mobile_test/build/my_bot/launch/multi_turtle3.launch.py -> /home/jo/mobile_test/install/my_bot/share/my_bot/launch
