[0.568s] Invoking command in '/home/jo/mobile_test/build/my_bot': PYTHONPATH=/home/jo/mobile_test/build/my_bot/prefix_override:/usr/lib/python3/dist-packages/colcon_core/task/python/colcon_distutils_commands:/home/jo/mobile_test/install/my_bot/lib/python3.10/site-packages:${PYTHONPATH} /usr/bin/python3 -W ignore:setup.py install is deprecated setup.py develop --editable --build-directory /home/jo/mobile_test/build/my_bot/build --no-deps symlink_data
[0.683s] /home/jo/.local/lib/python3.10/site-packages/setuptools/_distutils/dist.py:260: UserWarning: Unknown distribution option: 'tests_require'
[0.683s]   warnings.warn(msg)
[0.804s] running develop
[0.804s] /home/jo/.local/lib/python3.10/site-packages/setuptools/command/develop.py:41: EasyInstallDeprecationWarning: easy_install command is deprecated.
[0.804s] !!
[0.804s] 
[0.804s]         ********************************************************************************
[0.804s]         Please avoid running ``setup.py`` and ``easy_install``.
[0.804s]         Instead, use pypa/build, pypa/installer or other
[0.804s]         standards-based tools.
[0.804s] 
[0.804s]         See https://github.com/pypa/setuptools/issues/917 for details.
[0.804s]         ********************************************************************************
[0.804s] 
[0.804s] !!
[0.804s]   easy_install.initialize_options(self)
[0.951s] running egg_info
[0.951s] creating my_bot.egg-info
[0.961s] writing my_bot.egg-info/PKG-INFO
[0.962s] writing dependency_links to my_bot.egg-info/dependency_links.txt
[0.962s] writing requirements to my_bot.egg-info/requires.txt
[0.962s] writing top-level names to my_bot.egg-info/top_level.txt
[0.962s] writing manifest file 'my_bot.egg-info/SOURCES.txt'
[0.972s] reading manifest file 'my_bot.egg-info/SOURCES.txt'
[0.973s] writing manifest file 'my_bot.egg-info/SOURCES.txt'
[0.985s] running build_ext
[0.996s] Creating /home/jo/mobile_test/install/my_bot/lib/python3.10/site-packages/my-bot.egg-link (link to .)
[0.996s] 
[0.996s] Installed /home/jo/mobile_test/build/my_bot
[0.996s] running symlink_data
[0.996s] creating /home/jo/mobile_test/install/my_bot/share/ament_index
[0.997s] creating /home/jo/mobile_test/install/my_bot/share/ament_index/resource_index
[0.997s] creating /home/jo/mobile_test/install/my_bot/share/ament_index/resource_index/packages
[0.997s] symbolically linking /home/jo/mobile_test/build/my_bot/resource/my_bot -> /home/jo/mobile_test/install/my_bot/share/ament_index/resource_index/packages
[0.997s] symbolically linking /home/jo/mobile_test/build/my_bot/package.xml -> /home/jo/mobile_test/install/my_bot/share/my_bot
[0.997s] creating /home/jo/mobile_test/install/my_bot/share/my_bot/launch
[0.997s] symbolically linking /home/jo/mobile_test/build/my_bot/launch/controller.launch.py -> /home/jo/mobile_test/install/my_bot/share/my_bot/launch
[0.997s] symbolically linking /home/jo/mobile_test/build/my_bot/launch/rsp.launch.py -> /home/jo/mobile_test/install/my_bot/share/my_bot/launch
[0.997s] symbolically linking /home/jo/mobile_test/build/my_bot/launch/multi_turtle3.launch.py -> /home/jo/mobile_test/install/my_bot/share/my_bot/launch
[1.019s] Invoked command in '/home/jo/mobile_test/build/my_bot' returned '0': PYTHONPATH=/home/jo/mobile_test/build/my_bot/prefix_override:/usr/lib/python3/dist-packages/colcon_core/task/python/colcon_distutils_commands:/home/jo/mobile_test/install/my_bot/lib/python3.10/site-packages:${PYTHONPATH} /usr/bin/python3 -W ignore:setup.py install is deprecated setup.py develop --editable --build-directory /home/jo/mobile_test/build/my_bot/build --no-deps symlink_data
