[0.485s] Invoking command in '/home/jo/mobile_test/build/mobile_controller': AMENT_PREFIX_PATH=/home/jo/mobile_test/install/custom_interfaces:${AMENT_PREFIX_PATH} CMAKE_PREFIX_PATH=/home/jo/mobile_test/install/custom_interfaces LD_LIBRARY_PATH=/home/jo/mobile_test/install/custom_interfaces/lib:${LD_LIBRARY_PATH} PYTHONPATH=/home/jo/mobile_test/build/mobile_controller/prefix_override:/usr/lib/python3/dist-packages/colcon_core/task/python/colcon_distutils_commands:/home/jo/mobile_test/install/mobile_controller/lib/python3.10/site-packages:/home/jo/mobile_test/install/custom_interfaces/local/lib/python3.10/dist-packages:${PYTHONPATH} /usr/bin/python3 -W ignore:setup.py install is deprecated setup.py develop --editable --build-directory /home/jo/mobile_test/build/mobile_controller/build --no-deps symlink_data
[0.584s] /home/jo/.local/lib/python3.10/site-packages/setuptools/_distutils/dist.py:260: UserWarning: Unknown distribution option: 'tests_require'
[0.584s]   warnings.warn(msg)
[0.694s] running develop
[0.694s] /home/jo/.local/lib/python3.10/site-packages/setuptools/command/develop.py:41: EasyInstallDeprecationWarning: easy_install command is deprecated.
[0.694s] !!
[0.694s] 
[0.694s]         ********************************************************************************
[0.694s]         Please avoid running ``setup.py`` and ``easy_install``.
[0.695s]         Instead, use pypa/build, pypa/installer or other
[0.695s]         standards-based tools.
[0.695s] 
[0.695s]         See https://github.com/pypa/setuptools/issues/917 for details.
[0.695s]         ********************************************************************************
[0.695s] 
[0.695s] !!
[0.695s]   easy_install.initialize_options(self)
[0.829s] running egg_info
[0.839s] writing mobile_controller.egg-info/PKG-INFO
[0.839s] writing dependency_links to mobile_controller.egg-info/dependency_links.txt
[0.840s] writing entry points to mobile_controller.egg-info/entry_points.txt
[0.840s] writing requirements to mobile_controller.egg-info/requires.txt
[0.840s] writing top-level names to mobile_controller.egg-info/top_level.txt
[0.861s] reading manifest file 'mobile_controller.egg-info/SOURCES.txt'
[0.861s] writing manifest file 'mobile_controller.egg-info/SOURCES.txt'
[0.872s] running build_ext
[0.872s] Creating /home/jo/mobile_test/install/mobile_controller/lib/python3.10/site-packages/mobile-controller.egg-link (link to .)
[0.872s] Installing consensus_controller script to /home/jo/mobile_test/install/mobile_controller/lib/mobile_controller
[0.872s] Installing state_communicate script to /home/jo/mobile_test/install/mobile_controller/lib/mobile_controller
[0.873s] 
[0.873s] Installed /home/jo/mobile_test/build/mobile_controller
[0.873s] running symlink_data
[0.892s] Invoked command in '/home/jo/mobile_test/build/mobile_controller' returned '0': AMENT_PREFIX_PATH=/home/jo/mobile_test/install/custom_interfaces:${AMENT_PREFIX_PATH} CMAKE_PREFIX_PATH=/home/jo/mobile_test/install/custom_interfaces LD_LIBRARY_PATH=/home/jo/mobile_test/install/custom_interfaces/lib:${LD_LIBRARY_PATH} PYTHONPATH=/home/jo/mobile_test/build/mobile_controller/prefix_override:/usr/lib/python3/dist-packages/colcon_core/task/python/colcon_distutils_commands:/home/jo/mobile_test/install/mobile_controller/lib/python3.10/site-packages:/home/jo/mobile_test/install/custom_interfaces/local/lib/python3.10/dist-packages:${PYTHONPATH} /usr/bin/python3 -W ignore:setup.py install is deprecated setup.py develop --editable --build-directory /home/jo/mobile_test/build/mobile_controller/build --no-deps symlink_data
