[0.532s] Invoking command in '/home/jo/mobile_test/build/my_bot': AMENT_PREFIX_PATH=/home/jo/mobile_test/install/turtlebot3_description:${AMENT_PREFIX_PATH} CMAKE_PREFIX_PATH=/home/jo/mobile_test/install/turtlebot3_description PYTHONPATH=/home/jo/mobile_test/build/my_bot/prefix_override:/usr/lib/python3/dist-packages/colcon_core/task/python/colcon_distutils_commands:/home/jo/mobile_test/install/my_bot/lib/python3.10/site-packages:${PYTHONPATH} /usr/bin/python3 -W ignore:setup.py install is deprecated setup.py develop --editable --build-directory /home/jo/mobile_test/build/my_bot/build --no-deps symlink_data
[0.635s] /home/jo/.local/lib/python3.10/site-packages/setuptools/_distutils/dist.py:260: UserWarning: Unknown distribution option: 'tests_require'
[0.635s]   warnings.warn(msg)
[0.750s] running develop
[0.751s] /home/jo/.local/lib/python3.10/site-packages/setuptools/command/develop.py:41: EasyInstallDeprecationWarning: easy_install command is deprecated.
[0.751s] !!
[0.751s] 
[0.751s]         ********************************************************************************
[0.751s]         Please avoid running ``setup.py`` and ``easy_install``.
[0.751s]         Instead, use pypa/build, pypa/installer or other
[0.751s]         standards-based tools.
[0.751s] 
[0.751s]         See https://github.com/pypa/setuptools/issues/917 for details.
[0.751s]         ********************************************************************************
[0.751s] 
[0.751s] !!
[0.751s]   easy_install.initialize_options(self)
[0.898s] running egg_info
[0.909s] writing my_bot.egg-info/PKG-INFO
[0.909s] writing dependency_links to my_bot.egg-info/dependency_links.txt
[0.909s] writing requirements to my_bot.egg-info/requires.txt
[0.909s] writing top-level names to my_bot.egg-info/top_level.txt
[0.919s] reading manifest file 'my_bot.egg-info/SOURCES.txt'
[0.920s] writing manifest file 'my_bot.egg-info/SOURCES.txt'
[0.931s] running build_ext
[0.942s] Creating /home/jo/mobile_test/install/my_bot/lib/python3.10/site-packages/my-bot.egg-link (link to .)
[0.942s] 
[0.942s] Installed /home/jo/mobile_test/build/my_bot
[0.942s] running symlink_data
[0.968s] Invoked command in '/home/jo/mobile_test/build/my_bot' returned '0': AMENT_PREFIX_PATH=/home/jo/mobile_test/install/turtlebot3_description:${AMENT_PREFIX_PATH} CMAKE_PREFIX_PATH=/home/jo/mobile_test/install/turtlebot3_description PYTHONPATH=/home/jo/mobile_test/build/my_bot/prefix_override:/usr/lib/python3/dist-packages/colcon_core/task/python/colcon_distutils_commands:/home/jo/mobile_test/install/my_bot/lib/python3.10/site-packages:${PYTHONPATH} /usr/bin/python3 -W ignore:setup.py install is deprecated setup.py develop --editable --build-directory /home/jo/mobile_test/build/my_bot/build --no-deps symlink_data
