[0.576s] Invoking command in '/home/jo/mobile_test/build/mobile_controller': CMAKE_PREFIX_PATH=/home/jo/mobile_test/install/custom_interfaces:/home/jo/mobile_test/install/turtlebot3_description PYTHONPATH=/home/jo/mobile_test/build/mobile_controller/prefix_override:/usr/lib/python3/dist-packages/colcon_core/task/python/colcon_distutils_commands:/home/jo/mobile_test/install/mobile_controller/lib/python3.10/site-packages:${PYTHONPATH} /usr/bin/python3 -W ignore:setup.py install is deprecated setup.py develop --editable --build-directory /home/jo/mobile_test/build/mobile_controller/build --no-deps symlink_data
[0.698s] /home/jo/.local/lib/python3.10/site-packages/setuptools/_distutils/dist.py:260: UserWarning: Unknown distribution option: 'tests_require'
[0.698s]   warnings.warn(msg)
[0.817s] running develop
[0.818s] /home/jo/.local/lib/python3.10/site-packages/setuptools/command/develop.py:41: EasyInstallDeprecationWarning: easy_install command is deprecated.
[0.818s] !!
[0.818s] 
[0.818s]         ********************************************************************************
[0.818s]         Please avoid running ``setup.py`` and ``easy_install``.
[0.818s]         Instead, use pypa/build, pypa/installer or other
[0.818s]         standards-based tools.
[0.818s] 
[0.818s]         See https://github.com/pypa/setuptools/issues/917 for details.
[0.819s]         ********************************************************************************
[0.819s] 
[0.819s] !!
[0.819s]   easy_install.initialize_options(self)
[0.963s] running egg_info
[0.974s] writing mobile_controller.egg-info/PKG-INFO
[0.974s] writing dependency_links to mobile_controller.egg-info/dependency_links.txt
[0.975s] writing entry points to mobile_controller.egg-info/entry_points.txt
[0.975s] writing requirements to mobile_controller.egg-info/requires.txt
[0.975s] writing top-level names to mobile_controller.egg-info/top_level.txt
[0.997s] reading manifest file 'mobile_controller.egg-info/SOURCES.txt'
[0.998s] writing manifest file 'mobile_controller.egg-info/SOURCES.txt'
[1.009s] running build_ext
[1.009s] Creating /home/jo/mobile_test/install/mobile_controller/lib/python3.10/site-packages/mobile-controller.egg-link (link to .)
[1.009s] Installing consensus_controller script to /home/jo/mobile_test/install/mobile_controller/lib/mobile_controller
[1.010s] Installing state_communicate script to /home/jo/mobile_test/install/mobile_controller/lib/mobile_controller
[1.010s] 
[1.010s] Installed /home/jo/mobile_test/build/mobile_controller
[1.010s] running symlink_data
[1.030s] Invoked command in '/home/jo/mobile_test/build/mobile_controller' returned '0': CMAKE_PREFIX_PATH=/home/jo/mobile_test/install/custom_interfaces:/home/jo/mobile_test/install/turtlebot3_description PYTHONPATH=/home/jo/mobile_test/build/mobile_controller/prefix_override:/usr/lib/python3/dist-packages/colcon_core/task/python/colcon_distutils_commands:/home/jo/mobile_test/install/mobile_controller/lib/python3.10/site-packages:${PYTHONPATH} /usr/bin/python3 -W ignore:setup.py install is deprecated setup.py develop --editable --build-directory /home/jo/mobile_test/build/mobile_controller/build --no-deps symlink_data
