running develop
Removing /home/jo/mobile_test/install/mobile_controller/lib/python3.10/site-packages/mobile-controller.egg-link (link to .)
running egg_info
writing ../../build/mobile_controller/mobile_controller.egg-info/PKG-INFO
writing dependency_links to ../../build/mobile_controller/mobile_controller.egg-info/dependency_links.txt
writing entry points to ../../build/mobile_controller/mobile_controller.egg-info/entry_points.txt
writing requirements to ../../build/mobile_controller/mobile_controller.egg-info/requires.txt
writing top-level names to ../../build/mobile_controller/mobile_controller.egg-info/top_level.txt
reading manifest file '../../build/mobile_controller/mobile_controller.egg-info/SOURCES.txt'
adding license file 'LICENSE'
writing manifest file '../../build/mobile_controller/mobile_controller.egg-info/SOURCES.txt'
running build
running build_py
creating /home/jo/mobile_test/build/mobile_controller/build
creating /home/jo/mobile_test/build/mobile_controller/build/lib
creating /home/jo/mobile_test/build/mobile_controller/build/lib/mobile_controller
copying mobile_controller/state_communicate.py -> /home/jo/mobile_test/build/mobile_controller/build/lib/mobile_controller
copying mobile_controller/consensus_controller.py -> /home/jo/mobile_test/build/mobile_controller/build/lib/mobile_controller
copying mobile_controller/laplacian_algorithm.py -> /home/jo/mobile_test/build/mobile_controller/build/lib/mobile_controller
copying mobile_controller/__init__.py -> /home/jo/mobile_test/build/mobile_controller/build/lib/mobile_controller
running install
running install_lib
creating /home/jo/mobile_test/install/mobile_controller/lib/python3.10/site-packages/mobile_controller
copying /home/jo/mobile_test/build/mobile_controller/build/lib/mobile_controller/state_communicate.py -> /home/jo/mobile_test/install/mobile_controller/lib/python3.10/site-packages/mobile_controller
copying /home/jo/mobile_test/build/mobile_controller/build/lib/mobile_controller/consensus_controller.py -> /home/jo/mobile_test/install/mobile_controller/lib/python3.10/site-packages/mobile_controller
copying /home/jo/mobile_test/build/mobile_controller/build/lib/mobile_controller/laplacian_algorithm.py -> /home/jo/mobile_test/install/mobile_controller/lib/python3.10/site-packages/mobile_controller
copying /home/jo/mobile_test/build/mobile_controller/build/lib/mobile_controller/__init__.py -> /home/jo/mobile_test/install/mobile_controller/lib/python3.10/site-packages/mobile_controller
byte-compiling /home/jo/mobile_test/install/mobile_controller/lib/python3.10/site-packages/mobile_controller/state_communicate.py to state_communicate.cpython-310.pyc
byte-compiling /home/jo/mobile_test/install/mobile_controller/lib/python3.10/site-packages/mobile_controller/consensus_controller.py to consensus_controller.cpython-310.pyc
byte-compiling /home/jo/mobile_test/install/mobile_controller/lib/python3.10/site-packages/mobile_controller/laplacian_algorithm.py to laplacian_algorithm.cpython-310.pyc
byte-compiling /home/jo/mobile_test/install/mobile_controller/lib/python3.10/site-packages/mobile_controller/__init__.py to __init__.cpython-310.pyc
running install_data
copying resource/mobile_controller -> /home/jo/mobile_test/install/mobile_controller/share/ament_index/resource_index/packages
copying package.xml -> /home/jo/mobile_test/install/mobile_controller/share/mobile_controller
running install_egg_info
Copying ../../build/mobile_controller/mobile_controller.egg-info to /home/jo/mobile_test/install/mobile_controller/lib/python3.10/site-packages/mobile_controller-0.0.0-py3.10.egg-info
running install_scripts
Installing consensus_controller script to /home/jo/mobile_test/install/mobile_controller/lib/mobile_controller
Installing laplacian_algorithm script to /home/jo/mobile_test/install/mobile_controller/lib/mobile_controller
Installing state_communicate script to /home/jo/mobile_test/install/mobile_controller/lib/mobile_controller
writing list of installed files to '/home/jo/mobile_test/build/mobile_controller/install.log'
