/home/jo/.local/lib/python3.10/site-packages/setuptools/_distutils/dist.py:260: UserWarning: Unknown distribution option: 'tests_require'
  warnings.warn(msg)
running develop
/home/jo/.local/lib/python3.10/site-packages/setuptools/command/develop.py:41: EasyInstallDeprecationWarning: easy_install command is deprecated.
!!

        ********************************************************************************
        Please avoid running ``setup.py`` and ``easy_install``.
        Instead, use pypa/build, pypa/installer or other
        standards-based tools.

        See https://github.com/pypa/setuptools/issues/917 for details.
        ********************************************************************************

!!
  easy_install.initialize_options(self)
running egg_info
writing mobile_controller.egg-info/PKG-INFO
writing dependency_links to mobile_controller.egg-info/dependency_links.txt
writing entry points to mobile_controller.egg-info/entry_points.txt
writing requirements to mobile_controller.egg-info/requires.txt
writing top-level names to mobile_controller.egg-info/top_level.txt
reading manifest file 'mobile_controller.egg-info/SOURCES.txt'
writing manifest file 'mobile_controller.egg-info/SOURCES.txt'
running build_ext
Creating /home/jo/mobile_test/install/mobile_controller/lib/python3.10/site-packages/mobile-controller.egg-link (link to .)
Installing consensus_controller script to /home/jo/mobile_test/install/mobile_controller/lib/mobile_controller
Installing laplacian_algorithm script to /home/jo/mobile_test/install/mobile_controller/lib/mobile_controller
Installing state_communicate script to /home/jo/mobile_test/install/mobile_controller/lib/mobile_controller

Installed /home/jo/mobile_test/build/mobile_controller
running symlink_data
symbolically linking /home/jo/mobile_test/build/mobile_controller/resource/mobile_controller -> /home/jo/mobile_test/install/mobile_controller/share/ament_index/resource_index/packages
symbolically linking /home/jo/mobile_test/build/mobile_controller/package.xml -> /home/jo/mobile_test/install/mobile_controller/share/mobile_controller
