[0.022s] Invoking command in '/home/jo/mobile_test/build/custom_interfaces': CMAKE_PREFIX_PATH=/opt/ros/humble /usr/bin/cmake --build /home/jo/mobile_test/build/custom_interfaces -- -j16 -l16
[0.237s] [35m[1mConsolidate compiler generated dependencies of target custom_interfaces__rosidl_generator_c[0m
[0.237s] [  3%] Built target custom_interfaces__cpp
[0.237s] [ 12%] Built target custom_interfaces__rosidl_generator_c
[0.238s] [ 12%] Built target ament_cmake_python_symlink_custom_interfaces
[0.238s] [35m[1mConsolidate compiler generated dependencies of target custom_interfaces__rosidl_typesupport_cpp[0m
[0.238s] [35m[1mConsolidate compiler generated dependencies of target custom_interfaces__rosidl_typesupport_fastrtps_cpp[0m
[0.238s] [35m[1mConsolidate compiler generated dependencies of target custom_interfaces__rosidl_typesupport_introspection_cpp[0m
[0.238s] [35m[1mConsolidate compiler generated dependencies of target custom_interfaces__rosidl_typesupport_c[0m
[0.238s] [35m[1mConsolidate compiler generated dependencies of target custom_interfaces__rosidl_typesupport_fastrtps_c[0m
[0.238s] [35m[1mConsolidate compiler generated dependencies of target custom_interfaces__rosidl_typesupport_introspection_c[0m
[0.238s] [ 32%] Built target custom_interfaces__rosidl_typesupport_cpp
[0.238s] [ 32%] Built target custom_interfaces__rosidl_typesupport_fastrtps_cpp
[0.238s] [ 41%] Built target custom_interfaces__rosidl_typesupport_introspection_cpp
[0.239s] [ 61%] Built target custom_interfaces__rosidl_typesupport_c
[0.239s] [ 61%] Built target custom_interfaces__rosidl_typesupport_fastrtps_c
[0.239s] [ 70%] Built target custom_interfaces__rosidl_typesupport_introspection_c
[0.239s] [ 70%] Built target custom_interfaces
[0.239s] [ 74%] Built target custom_interfaces__py
[0.239s] [35m[1mConsolidate compiler generated dependencies of target custom_interfaces__rosidl_generator_py[0m
[0.239s] [ 80%] Built target custom_interfaces__rosidl_generator_py
[0.239s] [35m[1mConsolidate compiler generated dependencies of target custom_interfaces__rosidl_typesupport_introspection_c__pyext[0m
[0.239s] [35m[1mConsolidate compiler generated dependencies of target custom_interfaces__rosidl_typesupport_fastrtps_c__pyext[0m
[0.239s] [35m[1mConsolidate compiler generated dependencies of target custom_interfaces__rosidl_typesupport_c__pyext[0m
[0.240s] [100%] Built target custom_interfaces__rosidl_typesupport_introspection_c__pyext
[0.240s] [100%] Built target custom_interfaces__rosidl_typesupport_c__pyext
[0.240s] [100%] Built target custom_interfaces__rosidl_typesupport_fastrtps_c__pyext
[0.301s] running egg_info
[0.314s] writing custom_interfaces.egg-info/PKG-INFO
[0.314s] writing dependency_links to custom_interfaces.egg-info/dependency_links.txt
[0.314s] writing top-level names to custom_interfaces.egg-info/top_level.txt
[0.345s] reading manifest file 'custom_interfaces.egg-info/SOURCES.txt'
[0.346s] writing manifest file 'custom_interfaces.egg-info/SOURCES.txt'
[0.371s] [100%] Built target ament_cmake_python_build_custom_interfaces_egg
[0.402s] Invoked command in '/home/jo/mobile_test/build/custom_interfaces' returned '0': CMAKE_PREFIX_PATH=/opt/ros/humble /usr/bin/cmake --build /home/jo/mobile_test/build/custom_interfaces -- -j16 -l16
[0.454s] Invoking command in '/home/jo/mobile_test/build/custom_interfaces': CMAKE_PREFIX_PATH=/opt/ros/humble /usr/bin/cmake --install /home/jo/mobile_test/build/custom_interfaces
[0.460s] -- Install configuration: ""
[0.460s] -- Execute custom install script
[0.460s] -- Up-to-date symlink: /home/jo/mobile_test/install/custom_interfaces/share/ament_index/resource_index/rosidl_interfaces/custom_interfaces
[0.461s] -- Up-to-date symlink: /home/jo/mobile_test/install/custom_interfaces/include/custom_interfaces/custom_interfaces/msg/detail/robot_state__functions.h
[0.461s] -- Up-to-date symlink: /home/jo/mobile_test/install/custom_interfaces/include/custom_interfaces/custom_interfaces/msg/detail/robot_state__struct.h
[0.461s] -- Up-to-date symlink: /home/jo/mobile_test/install/custom_interfaces/include/custom_interfaces/custom_interfaces/msg/detail/robot_state__type_support.h
[0.461s] -- Up-to-date symlink: /home/jo/mobile_test/install/custom_interfaces/include/custom_interfaces/custom_interfaces/msg/robot_state.h
[0.461s] -- Up-to-date symlink: /home/jo/mobile_test/install/custom_interfaces/include/custom_interfaces/custom_interfaces/msg/rosidl_generator_c__visibility_control.h
[0.462s] -- Up-to-date symlink: /home/jo/mobile_test/install/custom_interfaces/share/custom_interfaces/environment/library_path.sh
[0.462s] -- Up-to-date symlink: /home/jo/mobile_test/install/custom_interfaces/share/custom_interfaces/environment/library_path.dsv
[0.462s] -- Up-to-date symlink: /home/jo/mobile_test/install/custom_interfaces/include/custom_interfaces/custom_interfaces/msg/detail/robot_state__rosidl_typesupport_fastrtps_c.h
[0.462s] -- Up-to-date symlink: /home/jo/mobile_test/install/custom_interfaces/include/custom_interfaces/custom_interfaces/msg/rosidl_typesupport_fastrtps_c__visibility_control.h
[0.463s] -- Up-to-date symlink: /home/jo/mobile_test/install/custom_interfaces/include/custom_interfaces/custom_interfaces/msg/detail/robot_state__rosidl_typesupport_introspection_c.h
[0.463s] -- Up-to-date symlink: /home/jo/mobile_test/install/custom_interfaces/include/custom_interfaces/custom_interfaces/msg/rosidl_typesupport_introspection_c__visibility_control.h
[0.463s] -- Up-to-date symlink: /home/jo/mobile_test/install/custom_interfaces/include/custom_interfaces/custom_interfaces/msg/detail/robot_state__builder.hpp
[0.463s] -- Up-to-date symlink: /home/jo/mobile_test/install/custom_interfaces/include/custom_interfaces/custom_interfaces/msg/detail/robot_state__struct.hpp
[0.463s] -- Up-to-date symlink: /home/jo/mobile_test/install/custom_interfaces/include/custom_interfaces/custom_interfaces/msg/detail/robot_state__traits.hpp
[0.463s] -- Up-to-date symlink: /home/jo/mobile_test/install/custom_interfaces/include/custom_interfaces/custom_interfaces/msg/robot_state.hpp
[0.464s] -- Up-to-date symlink: /home/jo/mobile_test/install/custom_interfaces/include/custom_interfaces/custom_interfaces/msg/detail/robot_state__rosidl_typesupport_fastrtps_cpp.hpp
[0.464s] -- Up-to-date symlink: /home/jo/mobile_test/install/custom_interfaces/include/custom_interfaces/custom_interfaces/msg/rosidl_typesupport_fastrtps_cpp__visibility_control.h
[0.464s] -- Up-to-date symlink: /home/jo/mobile_test/install/custom_interfaces/include/custom_interfaces/custom_interfaces/msg/detail/robot_state__rosidl_typesupport_introspection_cpp.hpp
[0.464s] -- Up-to-date symlink: /home/jo/mobile_test/install/custom_interfaces/share/custom_interfaces/environment/pythonpath.sh
[0.464s] -- Up-to-date symlink: /home/jo/mobile_test/install/custom_interfaces/share/custom_interfaces/environment/pythonpath.dsv
[0.464s] -- Up-to-date symlink: /home/jo/mobile_test/install/custom_interfaces/local/lib/python3.10/dist-packages/custom_interfaces-0.0.0-py3.10.egg-info/PKG-INFO
[0.465s] -- Up-to-date symlink: /home/jo/mobile_test/install/custom_interfaces/local/lib/python3.10/dist-packages/custom_interfaces-0.0.0-py3.10.egg-info/SOURCES.txt
[0.465s] -- Up-to-date symlink: /home/jo/mobile_test/install/custom_interfaces/local/lib/python3.10/dist-packages/custom_interfaces-0.0.0-py3.10.egg-info/dependency_links.txt
[0.465s] -- Up-to-date symlink: /home/jo/mobile_test/install/custom_interfaces/local/lib/python3.10/dist-packages/custom_interfaces-0.0.0-py3.10.egg-info/top_level.txt
[0.465s] -- Up-to-date symlink: /home/jo/mobile_test/install/custom_interfaces/local/lib/python3.10/dist-packages/custom_interfaces/__init__.py
[0.465s] -- Up-to-date symlink: /home/jo/mobile_test/install/custom_interfaces/local/lib/python3.10/dist-packages/custom_interfaces/_custom_interfaces_s.ep.rosidl_typesupport_c.c
[0.465s] -- Up-to-date symlink: /home/jo/mobile_test/install/custom_interfaces/local/lib/python3.10/dist-packages/custom_interfaces/_custom_interfaces_s.ep.rosidl_typesupport_fastrtps_c.c
[0.465s] -- Up-to-date symlink: /home/jo/mobile_test/install/custom_interfaces/local/lib/python3.10/dist-packages/custom_interfaces/_custom_interfaces_s.ep.rosidl_typesupport_introspection_c.c
[0.465s] -- Up-to-date symlink: /home/jo/mobile_test/install/custom_interfaces/local/lib/python3.10/dist-packages/custom_interfaces/custom_interfaces_s__rosidl_typesupport_c.cpython-310-x86_64-linux-gnu.so
[0.466s] -- Up-to-date symlink: /home/jo/mobile_test/install/custom_interfaces/local/lib/python3.10/dist-packages/custom_interfaces/custom_interfaces_s__rosidl_typesupport_fastrtps_c.cpython-310-x86_64-linux-gnu.so
[0.466s] -- Up-to-date symlink: /home/jo/mobile_test/install/custom_interfaces/local/lib/python3.10/dist-packages/custom_interfaces/custom_interfaces_s__rosidl_typesupport_introspection_c.cpython-310-x86_64-linux-gnu.so
[0.466s] -- Up-to-date symlink: /home/jo/mobile_test/install/custom_interfaces/local/lib/python3.10/dist-packages/custom_interfaces/libcustom_interfaces__rosidl_generator_py.so
[0.466s] -- Up-to-date symlink: /home/jo/mobile_test/install/custom_interfaces/local/lib/python3.10/dist-packages/custom_interfaces/msg/__init__.py
[0.466s] -- Up-to-date symlink: /home/jo/mobile_test/install/custom_interfaces/local/lib/python3.10/dist-packages/custom_interfaces/msg/_robot_state.py
[0.466s] -- Up-to-date symlink: /home/jo/mobile_test/install/custom_interfaces/local/lib/python3.10/dist-packages/custom_interfaces/msg/_robot_state_s.c
[0.466s] -- Up-to-date symlink: /home/jo/mobile_test/install/custom_interfaces/local/lib/python3.10/dist-packages/custom_interfaces/custom_interfaces_s__rosidl_typesupport_fastrtps_c.cpython-310-x86_64-linux-gnu.so
[0.466s] -- Up-to-date symlink: /home/jo/mobile_test/install/custom_interfaces/local/lib/python3.10/dist-packages/custom_interfaces/custom_interfaces_s__rosidl_typesupport_introspection_c.cpython-310-x86_64-linux-gnu.so
[0.466s] -- Up-to-date symlink: /home/jo/mobile_test/install/custom_interfaces/local/lib/python3.10/dist-packages/custom_interfaces/custom_interfaces_s__rosidl_typesupport_c.cpython-310-x86_64-linux-gnu.so
[0.467s] -- Up-to-date symlink: /home/jo/mobile_test/install/custom_interfaces/share/custom_interfaces/msg/RobotState.idl
[0.467s] -- Up-to-date symlink: /home/jo/mobile_test/install/custom_interfaces/share/custom_interfaces/msg/RobotState.msg
[0.467s] -- Up-to-date symlink: /home/jo/mobile_test/install/custom_interfaces/share/ament_index/resource_index/package_run_dependencies/custom_interfaces
[0.467s] -- Up-to-date symlink: /home/jo/mobile_test/install/custom_interfaces/share/ament_index/resource_index/parent_prefix_path/custom_interfaces
[0.467s] -- Up-to-date symlink: /home/jo/mobile_test/install/custom_interfaces/share/custom_interfaces/environment/ament_prefix_path.sh
[0.467s] -- Up-to-date symlink: /home/jo/mobile_test/install/custom_interfaces/share/custom_interfaces/environment/ament_prefix_path.dsv
[0.467s] -- Up-to-date symlink: /home/jo/mobile_test/install/custom_interfaces/share/custom_interfaces/environment/path.sh
[0.467s] -- Up-to-date symlink: /home/jo/mobile_test/install/custom_interfaces/share/custom_interfaces/environment/path.dsv
[0.467s] -- Up-to-date symlink: /home/jo/mobile_test/install/custom_interfaces/share/custom_interfaces/local_setup.bash
[0.468s] -- Up-to-date symlink: /home/jo/mobile_test/install/custom_interfaces/share/custom_interfaces/local_setup.sh
[0.468s] -- Up-to-date symlink: /home/jo/mobile_test/install/custom_interfaces/share/custom_interfaces/local_setup.zsh
[0.468s] -- Up-to-date symlink: /home/jo/mobile_test/install/custom_interfaces/share/custom_interfaces/local_setup.dsv
[0.468s] -- Symlinking: /home/jo/mobile_test/install/custom_interfaces/share/custom_interfaces/package.dsv
[0.478s] -- Up-to-date symlink: /home/jo/mobile_test/install/custom_interfaces/share/ament_index/resource_index/packages/custom_interfaces
[0.479s] -- Up-to-date symlink: /home/jo/mobile_test/install/custom_interfaces/share/custom_interfaces/cmake/rosidl_cmake-extras.cmake
[0.479s] -- Up-to-date symlink: /home/jo/mobile_test/install/custom_interfaces/share/custom_interfaces/cmake/ament_cmake_export_include_directories-extras.cmake
[0.479s] -- Up-to-date symlink: /home/jo/mobile_test/install/custom_interfaces/share/custom_interfaces/cmake/ament_cmake_export_libraries-extras.cmake
[0.479s] -- Up-to-date symlink: /home/jo/mobile_test/install/custom_interfaces/share/custom_interfaces/cmake/ament_cmake_export_targets-extras.cmake
[0.479s] -- Up-to-date symlink: /home/jo/mobile_test/install/custom_interfaces/share/custom_interfaces/cmake/rosidl_cmake_export_typesupport_targets-extras.cmake
[0.479s] -- Up-to-date symlink: /home/jo/mobile_test/install/custom_interfaces/share/custom_interfaces/cmake/ament_cmake_export_dependencies-extras.cmake
[0.479s] -- Up-to-date symlink: /home/jo/mobile_test/install/custom_interfaces/share/custom_interfaces/cmake/rosidl_cmake_export_typesupport_libraries-extras.cmake
[0.479s] -- Up-to-date symlink: /home/jo/mobile_test/install/custom_interfaces/share/custom_interfaces/cmake/custom_interfacesConfig.cmake
[0.479s] -- Up-to-date symlink: /home/jo/mobile_test/install/custom_interfaces/share/custom_interfaces/cmake/custom_interfacesConfig-version.cmake
[0.479s] -- Up-to-date symlink: /home/jo/mobile_test/install/custom_interfaces/share/custom_interfaces/package.xml
[0.479s] -- Up-to-date: /home/jo/mobile_test/install/custom_interfaces/lib/libcustom_interfaces__rosidl_generator_c.so
[0.480s] -- Up-to-date: /home/jo/mobile_test/install/custom_interfaces/lib/libcustom_interfaces__rosidl_typesupport_fastrtps_c.so
[0.480s] -- Up-to-date: /home/jo/mobile_test/install/custom_interfaces/lib/libcustom_interfaces__rosidl_typesupport_introspection_c.so
[0.480s] -- Up-to-date: /home/jo/mobile_test/install/custom_interfaces/lib/libcustom_interfaces__rosidl_typesupport_c.so
[0.481s] -- Up-to-date: /home/jo/mobile_test/install/custom_interfaces/lib/libcustom_interfaces__rosidl_typesupport_fastrtps_cpp.so
[0.481s] -- Up-to-date: /home/jo/mobile_test/install/custom_interfaces/lib/libcustom_interfaces__rosidl_typesupport_introspection_cpp.so
[0.481s] -- Up-to-date: /home/jo/mobile_test/install/custom_interfaces/lib/libcustom_interfaces__rosidl_typesupport_cpp.so
[0.504s] Listing '/home/jo/mobile_test/install/custom_interfaces/local/lib/python3.10/dist-packages/custom_interfaces'...
[0.504s] Listing '/home/jo/mobile_test/install/custom_interfaces/local/lib/python3.10/dist-packages/custom_interfaces/msg'...
[0.508s] -- Up-to-date: /home/jo/mobile_test/install/custom_interfaces/lib/libcustom_interfaces__rosidl_generator_py.so
[0.508s] -- Up-to-date: /home/jo/mobile_test/install/custom_interfaces/share/custom_interfaces/cmake/export_custom_interfaces__rosidl_generator_cExport.cmake
[0.508s] -- Up-to-date: /home/jo/mobile_test/install/custom_interfaces/share/custom_interfaces/cmake/export_custom_interfaces__rosidl_generator_cExport-noconfig.cmake
[0.508s] -- Up-to-date: /home/jo/mobile_test/install/custom_interfaces/share/custom_interfaces/cmake/export_custom_interfaces__rosidl_typesupport_fastrtps_cExport.cmake
[0.508s] -- Up-to-date: /home/jo/mobile_test/install/custom_interfaces/share/custom_interfaces/cmake/export_custom_interfaces__rosidl_typesupport_fastrtps_cExport-noconfig.cmake
[0.509s] -- Up-to-date: /home/jo/mobile_test/install/custom_interfaces/share/custom_interfaces/cmake/custom_interfaces__rosidl_typesupport_introspection_cExport.cmake
[0.509s] -- Up-to-date: /home/jo/mobile_test/install/custom_interfaces/share/custom_interfaces/cmake/custom_interfaces__rosidl_typesupport_introspection_cExport-noconfig.cmake
[0.509s] -- Up-to-date: /home/jo/mobile_test/install/custom_interfaces/share/custom_interfaces/cmake/custom_interfaces__rosidl_typesupport_cExport.cmake
[0.509s] -- Up-to-date: /home/jo/mobile_test/install/custom_interfaces/share/custom_interfaces/cmake/custom_interfaces__rosidl_typesupport_cExport-noconfig.cmake
[0.509s] -- Up-to-date: /home/jo/mobile_test/install/custom_interfaces/share/custom_interfaces/cmake/export_custom_interfaces__rosidl_generator_cppExport.cmake
[0.509s] -- Up-to-date: /home/jo/mobile_test/install/custom_interfaces/share/custom_interfaces/cmake/export_custom_interfaces__rosidl_typesupport_fastrtps_cppExport.cmake
[0.509s] -- Up-to-date: /home/jo/mobile_test/install/custom_interfaces/share/custom_interfaces/cmake/export_custom_interfaces__rosidl_typesupport_fastrtps_cppExport-noconfig.cmake
[0.509s] -- Up-to-date: /home/jo/mobile_test/install/custom_interfaces/share/custom_interfaces/cmake/custom_interfaces__rosidl_typesupport_introspection_cppExport.cmake
[0.509s] -- Up-to-date: /home/jo/mobile_test/install/custom_interfaces/share/custom_interfaces/cmake/custom_interfaces__rosidl_typesupport_introspection_cppExport-noconfig.cmake
[0.509s] -- Up-to-date: /home/jo/mobile_test/install/custom_interfaces/share/custom_interfaces/cmake/custom_interfaces__rosidl_typesupport_cppExport.cmake
[0.509s] -- Up-to-date: /home/jo/mobile_test/install/custom_interfaces/share/custom_interfaces/cmake/custom_interfaces__rosidl_typesupport_cppExport-noconfig.cmake
[0.510s] -- Up-to-date: /home/jo/mobile_test/install/custom_interfaces/share/custom_interfaces/cmake/export_custom_interfaces__rosidl_generator_pyExport.cmake
[0.510s] -- Up-to-date: /home/jo/mobile_test/install/custom_interfaces/share/custom_interfaces/cmake/export_custom_interfaces__rosidl_generator_pyExport-noconfig.cmake
[0.628s] Invoked command in '/home/jo/mobile_test/build/custom_interfaces' returned '0': CMAKE_PREFIX_PATH=/opt/ros/humble /usr/bin/cmake --install /home/jo/mobile_test/build/custom_interfaces
