[0.024s] Invoking command in '/home/jo/mobile_test/build/turtlebot3_description': CMAKE_PREFIX_PATH=${CMAKE_PREFIX_PATH}:/home/jo/mobile_test/install/my_bot:/home/jo/mobile_test/install/turtlebot3:/home/jo/mobile_test/install/mobile_controller:/opt/ros/humble /usr/bin/cmake /home/jo/mobile_test/src/turtlebot3_description -DAMENT_CMAKE_SYMLINK_INSTALL=1 -DCMAKE_INSTALL_PREFIX=/home/jo/mobile_test/install/turtlebot3_description
[0.232s] -- The C compiler identification is GNU 11.4.0
[0.232s] -- The CXX compiler identification is GNU 11.4.0
[0.232s] -- Detecting C compiler ABI info
[0.281s] -- Detecting C compiler ABI info - done
[0.288s] -- Check for working C compiler: /usr/bin/cc - skipped
[0.289s] -- Detecting C compile features
[0.289s] -- Detecting C compile features - done
[0.292s] -- Detecting CXX compiler ABI info
[0.383s] -- Detecting CXX compiler ABI info - done
[0.390s] -- Check for working CXX compiler: /usr/bin/c++ - skipped
[0.390s] -- Detecting CXX compile features
[0.391s] -- Detecting CXX compile features - done
[0.394s] -- Found ament_cmake: 1.3.10 (/opt/ros/humble/share/ament_cmake/cmake)
[0.743s] -- Found Python3: /usr/bin/python3 (found version "3.10.12") found components: Interpreter 
[0.794s] -- Override CMake install command with custom implementation using symlinks instead of copying resources
[0.819s] -- Found urdf: 2.6.1 (/opt/ros/humble/share/urdf/cmake)
[0.862s] -- Found xacro: 2.0.8 (/opt/ros/humble/share/xacro/cmake)
[0.913s] -- Configuring done
[0.916s] -- Generating done
[0.916s] -- Build files have been written to: /home/jo/mobile_test/build/turtlebot3_description
[0.922s] Invoked command in '/home/jo/mobile_test/build/turtlebot3_description' returned '0': CMAKE_PREFIX_PATH=${CMAKE_PREFIX_PATH}:/home/jo/mobile_test/install/my_bot:/home/jo/mobile_test/install/turtlebot3:/home/jo/mobile_test/install/mobile_controller:/opt/ros/humble /usr/bin/cmake /home/jo/mobile_test/src/turtlebot3_description -DAMENT_CMAKE_SYMLINK_INSTALL=1 -DCMAKE_INSTALL_PREFIX=/home/jo/mobile_test/install/turtlebot3_description
[0.924s] Invoking command in '/home/jo/mobile_test/build/turtlebot3_description': CMAKE_PREFIX_PATH=${CMAKE_PREFIX_PATH}:/home/jo/mobile_test/install/my_bot:/home/jo/mobile_test/install/turtlebot3:/home/jo/mobile_test/install/mobile_controller:/opt/ros/humble /usr/bin/cmake --build /home/jo/mobile_test/build/turtlebot3_description -- -j16 -l16
[0.958s] Invoked command in '/home/jo/mobile_test/build/turtlebot3_description' returned '0': CMAKE_PREFIX_PATH=${CMAKE_PREFIX_PATH}:/home/jo/mobile_test/install/my_bot:/home/jo/mobile_test/install/turtlebot3:/home/jo/mobile_test/install/mobile_controller:/opt/ros/humble /usr/bin/cmake --build /home/jo/mobile_test/build/turtlebot3_description -- -j16 -l16
[0.983s] Invoking command in '/home/jo/mobile_test/build/turtlebot3_description': CMAKE_PREFIX_PATH=${CMAKE_PREFIX_PATH}:/home/jo/mobile_test/install/my_bot:/home/jo/mobile_test/install/turtlebot3:/home/jo/mobile_test/install/mobile_controller:/opt/ros/humble /usr/bin/cmake --install /home/jo/mobile_test/build/turtlebot3_description
[0.990s] -- Install configuration: ""
[0.991s] -- Execute custom install script
[0.991s] -- Symlinking: /home/jo/mobile_test/install/turtlebot3_description/share/ament_index/resource_index/package_run_dependencies/turtlebot3_description
[0.999s] -- Symlinking: /home/jo/mobile_test/install/turtlebot3_description/share/ament_index/resource_index/parent_prefix_path/turtlebot3_description
[1.007s] -- Symlinking: /home/jo/mobile_test/install/turtlebot3_description/share/turtlebot3_description/environment/ament_prefix_path.sh
[1.015s] -- Symlinking: /home/jo/mobile_test/install/turtlebot3_description/share/turtlebot3_description/environment/ament_prefix_path.dsv
[1.023s] -- Symlinking: /home/jo/mobile_test/install/turtlebot3_description/share/turtlebot3_description/environment/path.sh
[1.032s] -- Symlinking: /home/jo/mobile_test/install/turtlebot3_description/share/turtlebot3_description/environment/path.dsv
[1.040s] -- Symlinking: /home/jo/mobile_test/install/turtlebot3_description/share/turtlebot3_description/local_setup.bash
[1.047s] -- Symlinking: /home/jo/mobile_test/install/turtlebot3_description/share/turtlebot3_description/local_setup.sh
[1.055s] -- Symlinking: /home/jo/mobile_test/install/turtlebot3_description/share/turtlebot3_description/local_setup.zsh
[1.063s] -- Symlinking: /home/jo/mobile_test/install/turtlebot3_description/share/turtlebot3_description/local_setup.dsv
[1.071s] -- Symlinking: /home/jo/mobile_test/install/turtlebot3_description/share/turtlebot3_description/package.dsv
[1.079s] -- Symlinking: /home/jo/mobile_test/install/turtlebot3_description/share/ament_index/resource_index/packages/turtlebot3_description
[1.086s] -- Symlinking: /home/jo/mobile_test/install/turtlebot3_description/share/turtlebot3_description/cmake/turtlebot3_descriptionConfig.cmake
[1.094s] -- Symlinking: /home/jo/mobile_test/install/turtlebot3_description/share/turtlebot3_description/cmake/turtlebot3_descriptionConfig-version.cmake
[1.101s] -- Symlinking: /home/jo/mobile_test/install/turtlebot3_description/share/turtlebot3_description/package.xml
[1.109s] -- Symlinking: /home/jo/mobile_test/install/turtlebot3_description/share/turtlebot3_description/meshes/bases/burger_base.stl
[1.116s] -- Symlinking: /home/jo/mobile_test/install/turtlebot3_description/share/turtlebot3_description/meshes/bases/waffle_base.stl
[1.125s] -- Symlinking: /home/jo/mobile_test/install/turtlebot3_description/share/turtlebot3_description/meshes/bases/waffle_base_for_open_manipulator.stl
[1.132s] -- Symlinking: /home/jo/mobile_test/install/turtlebot3_description/share/turtlebot3_description/meshes/bases/waffle_pi_base.stl
[1.140s] -- Symlinking: /home/jo/mobile_test/install/turtlebot3_description/share/turtlebot3_description/meshes/bases/waffle_pi_base_for_open_manipulator.stl
[1.147s] -- Symlinking: /home/jo/mobile_test/install/turtlebot3_description/share/turtlebot3_description/meshes/sensors/astra.dae
[1.155s] -- Symlinking: /home/jo/mobile_test/install/turtlebot3_description/share/turtlebot3_description/meshes/sensors/astra.jpg
[1.162s] -- Symlinking: /home/jo/mobile_test/install/turtlebot3_description/share/turtlebot3_description/meshes/sensors/lds.stl
[1.170s] -- Symlinking: /home/jo/mobile_test/install/turtlebot3_description/share/turtlebot3_description/meshes/sensors/r200.dae
[1.178s] -- Symlinking: /home/jo/mobile_test/install/turtlebot3_description/share/turtlebot3_description/meshes/sensors/r200.jpg
[1.186s] -- Symlinking: /home/jo/mobile_test/install/turtlebot3_description/share/turtlebot3_description/meshes/wheels/left_tire.stl
[1.193s] -- Symlinking: /home/jo/mobile_test/install/turtlebot3_description/share/turtlebot3_description/meshes/wheels/right_tire.stl
[1.202s] -- Symlinking: /home/jo/mobile_test/install/turtlebot3_description/share/turtlebot3_description/rviz/waffle_pi.rviz
[1.210s] -- Symlinking: /home/jo/mobile_test/install/turtlebot3_description/share/turtlebot3_description/urdf/common_properties.xacro
[1.217s] -- Symlinking: /home/jo/mobile_test/install/turtlebot3_description/share/turtlebot3_description/urdf/turtlebot3_waffle.gazebo.xacro
[1.225s] -- Symlinking: /home/jo/mobile_test/install/turtlebot3_description/share/turtlebot3_description/urdf/turtlebot3_waffle.urdf.xacro
[1.233s] -- Symlinking: /home/jo/mobile_test/install/turtlebot3_description/share/turtlebot3_description/urdf/turtlebot3_waffle_for_open_manipulator.urdf.xacro
[1.241s] -- Symlinking: /home/jo/mobile_test/install/turtlebot3_description/share/turtlebot3_description/urdf/turtlebot3_waffle_pi.gazebo.xacro
[1.249s] -- Symlinking: /home/jo/mobile_test/install/turtlebot3_description/share/turtlebot3_description/urdf/turtlebot3_waffle_pi.urdf.xacro
[1.257s] -- Symlinking: /home/jo/mobile_test/install/turtlebot3_description/share/turtlebot3_description/urdf/turtlebot3_waffle_pi_for_open_manipulator.gazebo.xacro
[1.265s] -- Symlinking: /home/jo/mobile_test/install/turtlebot3_description/share/turtlebot3_description/urdf/turtlebot3_waffle_pi_for_open_manipulator.urdf.xacro
[1.275s] Invoked command in '/home/jo/mobile_test/build/turtlebot3_description' returned '0': CMAKE_PREFIX_PATH=${CMAKE_PREFIX_PATH}:/home/jo/mobile_test/install/my_bot:/home/jo/mobile_test/install/turtlebot3:/home/jo/mobile_test/install/mobile_controller:/opt/ros/humble /usr/bin/cmake --install /home/jo/mobile_test/build/turtlebot3_description
