[0.980s] Invoking command in '/home/jo/mobile_test/build/cmd_initial': PYTHONPATH=/home/jo/mobile_test/build/cmd_initial/prefix_override:/usr/lib/python3/dist-packages/colcon_core/task/python/colcon_distutils_commands:/home/jo/mobile_test/install/cmd_initial/lib/python3.10/site-packages:${PYTHONPATH} /usr/bin/python3 -W ignore:setup.py install is deprecated setup.py develop --editable --build-directory /home/jo/mobile_test/build/cmd_initial/build --no-deps symlink_data
[1.137s] /home/jo/.local/lib/python3.10/site-packages/setuptools/_distutils/dist.py:260: UserWarning: Unknown distribution option: 'tests_require'
[1.138s]   warnings.warn(msg)
[1.294s] running develop
[1.294s] /home/jo/.local/lib/python3.10/site-packages/setuptools/command/develop.py:41: EasyInstallDeprecationWarning: easy_install command is deprecated.
[1.294s] !!
[1.294s] 
[1.294s]         ********************************************************************************
[1.294s]         Please avoid running ``setup.py`` and ``easy_install``.
[1.294s]         Instead, use pypa/build, pypa/installer or other
[1.294s]         standards-based tools.
[1.294s] 
[1.294s]         See https://github.com/pypa/setuptools/issues/917 for details.
[1.294s]         ********************************************************************************
[1.294s] 
[1.295s] !!
[1.295s]   easy_install.initialize_options(self)
[1.444s] running egg_info
[1.455s] writing cmd_initial.egg-info/PKG-INFO
[1.455s] writing dependency_links to cmd_initial.egg-info/dependency_links.txt
[1.456s] writing entry points to cmd_initial.egg-info/entry_points.txt
[1.456s] writing requirements to cmd_initial.egg-info/requires.txt
[1.456s] writing top-level names to cmd_initial.egg-info/top_level.txt
[1.480s] reading manifest file 'cmd_initial.egg-info/SOURCES.txt'
[1.481s] writing manifest file 'cmd_initial.egg-info/SOURCES.txt'
[1.493s] running build_ext
[1.493s] Creating /home/jo/mobile_test/install/cmd_initial/lib/python3.10/site-packages/cmd-initial.egg-link (link to .)
[1.494s] Installing initial_cmd script to /home/jo/mobile_test/install/cmd_initial/lib/cmd_initial
[1.494s] 
[1.494s] Installed /home/jo/mobile_test/build/cmd_initial
[1.494s] running symlink_data
[1.529s] Invoked command in '/home/jo/mobile_test/build/cmd_initial' returned '0': PYTHONPATH=/home/jo/mobile_test/build/cmd_initial/prefix_override:/usr/lib/python3/dist-packages/colcon_core/task/python/colcon_distutils_commands:/home/jo/mobile_test/install/cmd_initial/lib/python3.10/site-packages:${PYTHONPATH} /usr/bin/python3 -W ignore:setup.py install is deprecated setup.py develop --editable --build-directory /home/jo/mobile_test/build/cmd_initial/build --no-deps symlink_data
