[0.024s] Invoking command in '/home/jo/mobile_test/build/custom_interfaces': CMAKE_PREFIX_PATH=${CMAKE_PREFIX_PATH}:/home/jo/mobile_test/install/my_bot:/home/jo/mobile_test/install/turtlebot3:/home/jo/mobile_test/install/mobile_controller:/home/jo/mobile_test/install/cmd_initial:/opt/ros/humble /usr/bin/cmake /home/jo/mobile_test/src/custom_interfaces -DAMENT_CMAKE_SYMLINK_INSTALL=1 -DCMAKE_INSTALL_PREFIX=/home/jo/mobile_test/install/custom_interfaces
[0.248s] -- The C compiler identification is GNU 11.4.0
[0.248s] -- The CXX compiler identification is GNU 11.4.0
[0.248s] -- Detecting C compiler ABI info
[0.249s] -- Detecting C compiler ABI info - done
[0.249s] -- Check for working C compiler: /usr/bin/cc - skipped
[0.249s] -- Detecting C compile features
[0.249s] -- Detecting C compile features - done
[0.249s] -- Detecting CXX compiler ABI info
[0.332s] -- Detecting CXX compiler ABI info - done
[0.342s] -- Check for working CXX compiler: /usr/bin/c++ - skipped
[0.342s] -- Detecting CXX compile features
[0.342s] -- Detecting CXX compile features - done
[0.346s] -- Found ament_cmake: 1.3.10 (/opt/ros/humble/share/ament_cmake/cmake)
[0.718s] -- Found Python3: /usr/bin/python3 (found version "3.10.12") found components: Interpreter 
[0.767s] -- Override CMake install command with custom implementation using symlinks instead of copying resources
[0.790s] -- Found rosidl_default_generators: 1.2.0 (/opt/ros/humble/share/rosidl_default_generators/cmake)
[0.792s] -- Using all available rosidl_typesupport_c: rosidl_typesupport_fastrtps_c;rosidl_typesupport_introspection_c
[0.797s] -- Found rosidl_adapter: 3.1.5 (/opt/ros/humble/share/rosidl_adapter/cmake)
[0.829s] -- Using all available rosidl_typesupport_cpp: rosidl_typesupport_fastrtps_cpp;rosidl_typesupport_introspection_cpp
[0.854s] -- Found ament_lint_auto: 0.12.11 (/opt/ros/humble/share/ament_lint_auto/cmake)
[1.066s] -- Found ament_cmake_ros: 0.10.0 (/opt/ros/humble/share/ament_cmake_ros/cmake)
[1.208s] -- Using all available rosidl_typesupport_c: rosidl_typesupport_fastrtps_c;rosidl_typesupport_introspection_c
[1.389s] -- Using all available rosidl_typesupport_cpp: rosidl_typesupport_fastrtps_cpp;rosidl_typesupport_introspection_cpp
[1.408s] -- Found PythonInterp: /usr/bin/python3 (found suitable version "3.10.12", minimum required is "3.6") 
[1.409s] -- Found python_cmake_module: 0.10.0 (/opt/ros/humble/share/python_cmake_module/cmake)
[1.431s] -- Found PythonLibs: /usr/lib/x86_64-linux-gnu/libpython3.10.so (found suitable version "3.10.12", minimum required is "3.5") 
[1.431s] -- Using PYTHON_EXECUTABLE: /usr/bin/python3
[1.431s] -- Using PYTHON_INCLUDE_DIRS: /usr/include/python3.10
[1.432s] -- Using PYTHON_LIBRARIES: /usr/lib/x86_64-linux-gnu/libpython3.10.so
[1.448s] -- Found PythonExtra: .so  
[1.478s] -- Added test 'lint_cmake' to check CMake code style
[1.479s] -- Added test 'xmllint' to check XML markup files
[1.483s] -- Configuring done
[1.504s] -- Generating done
[1.506s] -- Build files have been written to: /home/jo/mobile_test/build/custom_interfaces
[1.513s] Invoked command in '/home/jo/mobile_test/build/custom_interfaces' returned '0': CMAKE_PREFIX_PATH=${CMAKE_PREFIX_PATH}:/home/jo/mobile_test/install/my_bot:/home/jo/mobile_test/install/turtlebot3:/home/jo/mobile_test/install/mobile_controller:/home/jo/mobile_test/install/cmd_initial:/opt/ros/humble /usr/bin/cmake /home/jo/mobile_test/src/custom_interfaces -DAMENT_CMAKE_SYMLINK_INSTALL=1 -DCMAKE_INSTALL_PREFIX=/home/jo/mobile_test/install/custom_interfaces
[1.514s] Invoking command in '/home/jo/mobile_test/build/custom_interfaces': CMAKE_PREFIX_PATH=${CMAKE_PREFIX_PATH}:/home/jo/mobile_test/install/my_bot:/home/jo/mobile_test/install/turtlebot3:/home/jo/mobile_test/install/mobile_controller:/home/jo/mobile_test/install/cmd_initial:/opt/ros/humble /usr/bin/cmake --build /home/jo/mobile_test/build/custom_interfaces -- -j16 -l16
[1.548s] [  3%] [34m[1mGenerating C code for ROS interfaces[0m
[1.556s] [  6%] [34m[1mGenerating C++ code for ROS interfaces[0m
[1.563s] [  6%] Built target ament_cmake_python_symlink_custom_interfaces
[1.715s] running egg_info
[1.715s] creating custom_interfaces.egg-info
[1.726s] writing custom_interfaces.egg-info/PKG-INFO
[1.726s] writing dependency_links to custom_interfaces.egg-info/dependency_links.txt
[1.726s] writing top-level names to custom_interfaces.egg-info/top_level.txt
[1.726s] writing manifest file 'custom_interfaces.egg-info/SOURCES.txt'
[1.734s] [  6%] Built target custom_interfaces__cpp
[1.735s] [  9%] [32mBuilding C object CMakeFiles/custom_interfaces__rosidl_generator_c.dir/rosidl_generator_c/custom_interfaces/msg/detail/robot_state__functions.c.o[0m
[1.743s] [ 19%] [34m[1mGenerating C++ introspection for ROS interfaces[0m
[1.743s] [ 19%] [34m[1mGenerating C++ type support dispatch for ROS interfaces[0m
[1.743s] [ 19%] [34m[1mGenerating C++ type support for eProsima Fast-RTPS[0m
[1.760s] reading manifest file 'custom_interfaces.egg-info/SOURCES.txt'
[1.761s] writing manifest file 'custom_interfaces.egg-info/SOURCES.txt'
[1.772s] [ 22%] [32m[1mLinking C shared library libcustom_interfaces__rosidl_generator_c.so[0m
[1.798s] [ 22%] Built target ament_cmake_python_build_custom_interfaces_egg
[1.803s] [ 22%] Built target custom_interfaces__rosidl_generator_c
[1.812s] [ 29%] [34m[1mGenerating C type support dispatch for ROS interfaces[0m
[1.812s] [ 29%] [34m[1mGenerating C type support for eProsima Fast-RTPS[0m
[1.813s] [ 32%] [34m[1mGenerating C introspection for ROS interfaces[0m
[1.931s] [ 35%] [32mBuilding CXX object CMakeFiles/custom_interfaces__rosidl_typesupport_introspection_cpp.dir/rosidl_typesupport_introspection_cpp/custom_interfaces/msg/detail/robot_state__type_support.cpp.o[0m
[1.937s] [ 38%] [32mBuilding CXX object CMakeFiles/custom_interfaces__rosidl_typesupport_cpp.dir/rosidl_typesupport_cpp/custom_interfaces/msg/robot_state__type_support.cpp.o[0m
[1.942s] [ 41%] [32mBuilding CXX object CMakeFiles/custom_interfaces__rosidl_typesupport_fastrtps_cpp.dir/rosidl_typesupport_fastrtps_cpp/custom_interfaces/msg/detail/dds_fastrtps/robot_state__type_support.cpp.o[0m
[2.006s] [ 45%] [32mBuilding C object CMakeFiles/custom_interfaces__rosidl_typesupport_introspection_c.dir/rosidl_typesupport_introspection_c/custom_interfaces/msg/detail/robot_state__type_support.c.o[0m
[2.021s] [ 48%] [32mBuilding CXX object CMakeFiles/custom_interfaces__rosidl_typesupport_fastrtps_c.dir/rosidl_typesupport_fastrtps_c/custom_interfaces/msg/detail/robot_state__type_support_c.cpp.o[0m
[2.036s] [ 51%] [32m[1mLinking C shared library libcustom_interfaces__rosidl_typesupport_introspection_c.so[0m
[2.045s] [ 54%] [32mBuilding CXX object CMakeFiles/custom_interfaces__rosidl_typesupport_c.dir/rosidl_typesupport_c/custom_interfaces/msg/robot_state__type_support.cpp.o[0m
[2.063s] [ 54%] Built target custom_interfaces__rosidl_typesupport_introspection_c
[2.071s] [ 58%] [32m[1mLinking CXX shared library libcustom_interfaces__rosidl_typesupport_c.so[0m
[2.108s] [ 58%] Built target custom_interfaces__rosidl_typesupport_c
[2.138s] [ 61%] [32m[1mLinking CXX shared library libcustom_interfaces__rosidl_typesupport_cpp.so[0m
[2.175s] [ 61%] Built target custom_interfaces__rosidl_typesupport_cpp
[2.259s] [ 64%] [32m[1mLinking CXX shared library libcustom_interfaces__rosidl_typesupport_introspection_cpp.so[0m
[2.274s] [ 67%] [32m[1mLinking CXX shared library libcustom_interfaces__rosidl_typesupport_fastrtps_cpp.so[0m
[2.277s] [ 70%] [32m[1mLinking CXX shared library libcustom_interfaces__rosidl_typesupport_fastrtps_c.so[0m
[2.328s] [ 70%] Built target custom_interfaces__rosidl_typesupport_introspection_cpp
[2.347s] [ 70%] Built target custom_interfaces__rosidl_typesupport_fastrtps_cpp
[2.351s] [ 70%] Built target custom_interfaces__rosidl_typesupport_fastrtps_c
[2.371s] [ 70%] Built target custom_interfaces
[2.390s] [ 74%] [34m[1mGenerating Python code for ROS interfaces[0m
[2.606s] [ 74%] Built target custom_interfaces__py
[2.624s] [ 77%] [32mBuilding C object CMakeFiles/custom_interfaces__rosidl_generator_py.dir/rosidl_generator_py/custom_interfaces/msg/_robot_state_s.c.o[0m
[2.695s] [ 80%] [32m[1mLinking C shared library rosidl_generator_py/custom_interfaces/libcustom_interfaces__rosidl_generator_py.so[0m
[2.728s] [ 80%] Built target custom_interfaces__rosidl_generator_py
[2.745s] [ 87%] [32mBuilding C object CMakeFiles/custom_interfaces__rosidl_typesupport_c__pyext.dir/rosidl_generator_py/custom_interfaces/_custom_interfaces_s.ep.rosidl_typesupport_c.c.o[0m
[2.745s] [ 87%] [32mBuilding C object CMakeFiles/custom_interfaces__rosidl_typesupport_fastrtps_c__pyext.dir/rosidl_generator_py/custom_interfaces/_custom_interfaces_s.ep.rosidl_typesupport_fastrtps_c.c.o[0m
[2.745s] [ 90%] [32mBuilding C object CMakeFiles/custom_interfaces__rosidl_typesupport_introspection_c__pyext.dir/rosidl_generator_py/custom_interfaces/_custom_interfaces_s.ep.rosidl_typesupport_introspection_c.c.o[0m
[2.807s] [ 96%] [32m[1mLinking C shared library rosidl_generator_py/custom_interfaces/custom_interfaces_s__rosidl_typesupport_introspection_c.cpython-310-x86_64-linux-gnu.so[0m
[2.807s] [ 96%] [32m[1mLinking C shared library rosidl_generator_py/custom_interfaces/custom_interfaces_s__rosidl_typesupport_c.cpython-310-x86_64-linux-gnu.so[0m
[2.810s] [100%] [32m[1mLinking C shared library rosidl_generator_py/custom_interfaces/custom_interfaces_s__rosidl_typesupport_fastrtps_c.cpython-310-x86_64-linux-gnu.so[0m
[2.833s] [100%] Built target custom_interfaces__rosidl_typesupport_c__pyext
[2.833s] [100%] Built target custom_interfaces__rosidl_typesupport_introspection_c__pyext
[2.838s] [100%] Built target custom_interfaces__rosidl_typesupport_fastrtps_c__pyext
[2.848s] Invoked command in '/home/jo/mobile_test/build/custom_interfaces' returned '0': CMAKE_PREFIX_PATH=${CMAKE_PREFIX_PATH}:/home/jo/mobile_test/install/my_bot:/home/jo/mobile_test/install/turtlebot3:/home/jo/mobile_test/install/mobile_controller:/home/jo/mobile_test/install/cmd_initial:/opt/ros/humble /usr/bin/cmake --build /home/jo/mobile_test/build/custom_interfaces -- -j16 -l16
[2.917s] Invoking command in '/home/jo/mobile_test/build/custom_interfaces': CMAKE_PREFIX_PATH=${CMAKE_PREFIX_PATH}:/home/jo/mobile_test/install/my_bot:/home/jo/mobile_test/install/turtlebot3:/home/jo/mobile_test/install/mobile_controller:/home/jo/mobile_test/install/cmd_initial:/opt/ros/humble /usr/bin/cmake --install /home/jo/mobile_test/build/custom_interfaces
[2.923s] -- Install configuration: ""
[2.923s] -- Execute custom install script
[2.924s] -- Symlinking: /home/jo/mobile_test/install/custom_interfaces/share/ament_index/resource_index/rosidl_interfaces/custom_interfaces
[2.932s] -- Symlinking: /home/jo/mobile_test/install/custom_interfaces/include/custom_interfaces/custom_interfaces/msg/detail/robot_state__functions.h
[2.939s] -- Symlinking: /home/jo/mobile_test/install/custom_interfaces/include/custom_interfaces/custom_interfaces/msg/detail/robot_state__struct.h
[2.946s] -- Symlinking: /home/jo/mobile_test/install/custom_interfaces/include/custom_interfaces/custom_interfaces/msg/detail/robot_state__type_support.h
[2.952s] -- Symlinking: /home/jo/mobile_test/install/custom_interfaces/include/custom_interfaces/custom_interfaces/msg/robot_state.h
[2.958s] -- Symlinking: /home/jo/mobile_test/install/custom_interfaces/include/custom_interfaces/custom_interfaces/msg/rosidl_generator_c__visibility_control.h
[2.965s] -- Symlinking: /home/jo/mobile_test/install/custom_interfaces/share/custom_interfaces/environment/library_path.sh
[2.973s] -- Symlinking: /home/jo/mobile_test/install/custom_interfaces/share/custom_interfaces/environment/library_path.dsv
[2.981s] -- Symlinking: /home/jo/mobile_test/install/custom_interfaces/include/custom_interfaces/custom_interfaces/msg/detail/robot_state__rosidl_typesupport_fastrtps_c.h
[2.988s] -- Symlinking: /home/jo/mobile_test/install/custom_interfaces/include/custom_interfaces/custom_interfaces/msg/rosidl_typesupport_fastrtps_c__visibility_control.h
[2.995s] -- Symlinking: /home/jo/mobile_test/install/custom_interfaces/include/custom_interfaces/custom_interfaces/msg/detail/robot_state__rosidl_typesupport_introspection_c.h
[3.001s] -- Symlinking: /home/jo/mobile_test/install/custom_interfaces/include/custom_interfaces/custom_interfaces/msg/rosidl_typesupport_introspection_c__visibility_control.h
[3.008s] -- Symlinking: /home/jo/mobile_test/install/custom_interfaces/include/custom_interfaces/custom_interfaces/msg/detail/robot_state__builder.hpp
[3.015s] -- Symlinking: /home/jo/mobile_test/install/custom_interfaces/include/custom_interfaces/custom_interfaces/msg/detail/robot_state__struct.hpp
[3.021s] -- Symlinking: /home/jo/mobile_test/install/custom_interfaces/include/custom_interfaces/custom_interfaces/msg/detail/robot_state__traits.hpp
[3.028s] -- Symlinking: /home/jo/mobile_test/install/custom_interfaces/include/custom_interfaces/custom_interfaces/msg/robot_state.hpp
[3.035s] -- Symlinking: /home/jo/mobile_test/install/custom_interfaces/include/custom_interfaces/custom_interfaces/msg/detail/robot_state__rosidl_typesupport_fastrtps_cpp.hpp
[3.042s] -- Symlinking: /home/jo/mobile_test/install/custom_interfaces/include/custom_interfaces/custom_interfaces/msg/rosidl_typesupport_fastrtps_cpp__visibility_control.h
[3.050s] -- Symlinking: /home/jo/mobile_test/install/custom_interfaces/include/custom_interfaces/custom_interfaces/msg/detail/robot_state__rosidl_typesupport_introspection_cpp.hpp
[3.056s] -- Symlinking: /home/jo/mobile_test/install/custom_interfaces/share/custom_interfaces/environment/pythonpath.sh
[3.063s] -- Symlinking: /home/jo/mobile_test/install/custom_interfaces/share/custom_interfaces/environment/pythonpath.dsv
[3.071s] -- Symlinking: /home/jo/mobile_test/install/custom_interfaces/local/lib/python3.10/dist-packages/custom_interfaces-0.0.0-py3.10.egg-info/PKG-INFO
[3.077s] -- Symlinking: /home/jo/mobile_test/install/custom_interfaces/local/lib/python3.10/dist-packages/custom_interfaces-0.0.0-py3.10.egg-info/SOURCES.txt
[3.084s] -- Symlinking: /home/jo/mobile_test/install/custom_interfaces/local/lib/python3.10/dist-packages/custom_interfaces-0.0.0-py3.10.egg-info/dependency_links.txt
[3.090s] -- Symlinking: /home/jo/mobile_test/install/custom_interfaces/local/lib/python3.10/dist-packages/custom_interfaces-0.0.0-py3.10.egg-info/top_level.txt
[3.096s] -- Symlinking: /home/jo/mobile_test/install/custom_interfaces/local/lib/python3.10/dist-packages/custom_interfaces/__init__.py
[3.102s] -- Symlinking: /home/jo/mobile_test/install/custom_interfaces/local/lib/python3.10/dist-packages/custom_interfaces/_custom_interfaces_s.ep.rosidl_typesupport_c.c
[3.109s] -- Symlinking: /home/jo/mobile_test/install/custom_interfaces/local/lib/python3.10/dist-packages/custom_interfaces/_custom_interfaces_s.ep.rosidl_typesupport_fastrtps_c.c
[3.116s] -- Symlinking: /home/jo/mobile_test/install/custom_interfaces/local/lib/python3.10/dist-packages/custom_interfaces/_custom_interfaces_s.ep.rosidl_typesupport_introspection_c.c
[3.122s] -- Symlinking: /home/jo/mobile_test/install/custom_interfaces/local/lib/python3.10/dist-packages/custom_interfaces/custom_interfaces_s__rosidl_typesupport_c.cpython-310-x86_64-linux-gnu.so
[3.128s] -- Symlinking: /home/jo/mobile_test/install/custom_interfaces/local/lib/python3.10/dist-packages/custom_interfaces/custom_interfaces_s__rosidl_typesupport_fastrtps_c.cpython-310-x86_64-linux-gnu.so
[3.135s] -- Symlinking: /home/jo/mobile_test/install/custom_interfaces/local/lib/python3.10/dist-packages/custom_interfaces/custom_interfaces_s__rosidl_typesupport_introspection_c.cpython-310-x86_64-linux-gnu.so
[3.141s] -- Symlinking: /home/jo/mobile_test/install/custom_interfaces/local/lib/python3.10/dist-packages/custom_interfaces/libcustom_interfaces__rosidl_generator_py.so
[3.148s] -- Symlinking: /home/jo/mobile_test/install/custom_interfaces/local/lib/python3.10/dist-packages/custom_interfaces/msg/__init__.py
[3.155s] -- Symlinking: /home/jo/mobile_test/install/custom_interfaces/local/lib/python3.10/dist-packages/custom_interfaces/msg/_robot_state.py
[3.161s] -- Symlinking: /home/jo/mobile_test/install/custom_interfaces/local/lib/python3.10/dist-packages/custom_interfaces/msg/_robot_state_s.c
[3.169s] -- Up-to-date symlink: /home/jo/mobile_test/install/custom_interfaces/local/lib/python3.10/dist-packages/custom_interfaces/custom_interfaces_s__rosidl_typesupport_fastrtps_c.cpython-310-x86_64-linux-gnu.so
[3.169s] -- Up-to-date symlink: /home/jo/mobile_test/install/custom_interfaces/local/lib/python3.10/dist-packages/custom_interfaces/custom_interfaces_s__rosidl_typesupport_introspection_c.cpython-310-x86_64-linux-gnu.so
[3.169s] -- Up-to-date symlink: /home/jo/mobile_test/install/custom_interfaces/local/lib/python3.10/dist-packages/custom_interfaces/custom_interfaces_s__rosidl_typesupport_c.cpython-310-x86_64-linux-gnu.so
[3.169s] -- Symlinking: /home/jo/mobile_test/install/custom_interfaces/share/custom_interfaces/msg/RobotState.idl
[3.176s] -- Symlinking: /home/jo/mobile_test/install/custom_interfaces/share/custom_interfaces/msg/RobotState.msg
[3.182s] -- Symlinking: /home/jo/mobile_test/install/custom_interfaces/share/ament_index/resource_index/package_run_dependencies/custom_interfaces
[3.188s] -- Symlinking: /home/jo/mobile_test/install/custom_interfaces/share/ament_index/resource_index/parent_prefix_path/custom_interfaces
[3.195s] -- Symlinking: /home/jo/mobile_test/install/custom_interfaces/share/custom_interfaces/environment/ament_prefix_path.sh
[3.203s] -- Symlinking: /home/jo/mobile_test/install/custom_interfaces/share/custom_interfaces/environment/ament_prefix_path.dsv
[3.210s] -- Symlinking: /home/jo/mobile_test/install/custom_interfaces/share/custom_interfaces/environment/path.sh
[3.216s] -- Symlinking: /home/jo/mobile_test/install/custom_interfaces/share/custom_interfaces/environment/path.dsv
[3.224s] -- Symlinking: /home/jo/mobile_test/install/custom_interfaces/share/custom_interfaces/local_setup.bash
[3.232s] -- Symlinking: /home/jo/mobile_test/install/custom_interfaces/share/custom_interfaces/local_setup.sh
[3.239s] -- Symlinking: /home/jo/mobile_test/install/custom_interfaces/share/custom_interfaces/local_setup.zsh
[3.245s] -- Symlinking: /home/jo/mobile_test/install/custom_interfaces/share/custom_interfaces/local_setup.dsv
[3.252s] -- Symlinking: /home/jo/mobile_test/install/custom_interfaces/share/custom_interfaces/package.dsv
[3.259s] -- Symlinking: /home/jo/mobile_test/install/custom_interfaces/share/ament_index/resource_index/packages/custom_interfaces
[3.267s] -- Symlinking: /home/jo/mobile_test/install/custom_interfaces/share/custom_interfaces/cmake/rosidl_cmake-extras.cmake
[3.277s] -- Symlinking: /home/jo/mobile_test/install/custom_interfaces/share/custom_interfaces/cmake/ament_cmake_export_include_directories-extras.cmake
[3.286s] -- Symlinking: /home/jo/mobile_test/install/custom_interfaces/share/custom_interfaces/cmake/ament_cmake_export_libraries-extras.cmake
[3.294s] -- Symlinking: /home/jo/mobile_test/install/custom_interfaces/share/custom_interfaces/cmake/ament_cmake_export_targets-extras.cmake
[3.301s] -- Symlinking: /home/jo/mobile_test/install/custom_interfaces/share/custom_interfaces/cmake/rosidl_cmake_export_typesupport_targets-extras.cmake
[3.308s] -- Symlinking: /home/jo/mobile_test/install/custom_interfaces/share/custom_interfaces/cmake/ament_cmake_export_dependencies-extras.cmake
[3.315s] -- Symlinking: /home/jo/mobile_test/install/custom_interfaces/share/custom_interfaces/cmake/rosidl_cmake_export_typesupport_libraries-extras.cmake
[3.323s] -- Symlinking: /home/jo/mobile_test/install/custom_interfaces/share/custom_interfaces/cmake/custom_interfacesConfig.cmake
[3.330s] -- Symlinking: /home/jo/mobile_test/install/custom_interfaces/share/custom_interfaces/cmake/custom_interfacesConfig-version.cmake
[3.338s] -- Symlinking: /home/jo/mobile_test/install/custom_interfaces/share/custom_interfaces/package.xml
[3.345s] -- Installing: /home/jo/mobile_test/install/custom_interfaces/lib/libcustom_interfaces__rosidl_generator_c.so
[3.346s] -- Set runtime path of "/home/jo/mobile_test/install/custom_interfaces/lib/libcustom_interfaces__rosidl_generator_c.so" to ""
[3.346s] -- Installing: /home/jo/mobile_test/install/custom_interfaces/lib/libcustom_interfaces__rosidl_typesupport_fastrtps_c.so
[3.346s] -- Set runtime path of "/home/jo/mobile_test/install/custom_interfaces/lib/libcustom_interfaces__rosidl_typesupport_fastrtps_c.so" to ""
[3.346s] -- Installing: /home/jo/mobile_test/install/custom_interfaces/lib/libcustom_interfaces__rosidl_typesupport_introspection_c.so
[3.346s] -- Set runtime path of "/home/jo/mobile_test/install/custom_interfaces/lib/libcustom_interfaces__rosidl_typesupport_introspection_c.so" to ""
[3.347s] -- Installing: /home/jo/mobile_test/install/custom_interfaces/lib/libcustom_interfaces__rosidl_typesupport_c.so
[3.347s] -- Set runtime path of "/home/jo/mobile_test/install/custom_interfaces/lib/libcustom_interfaces__rosidl_typesupport_c.so" to ""
[3.347s] -- Installing: /home/jo/mobile_test/install/custom_interfaces/lib/libcustom_interfaces__rosidl_typesupport_fastrtps_cpp.so
[3.347s] -- Set runtime path of "/home/jo/mobile_test/install/custom_interfaces/lib/libcustom_interfaces__rosidl_typesupport_fastrtps_cpp.so" to ""
[3.347s] -- Installing: /home/jo/mobile_test/install/custom_interfaces/lib/libcustom_interfaces__rosidl_typesupport_introspection_cpp.so
[3.347s] -- Set runtime path of "/home/jo/mobile_test/install/custom_interfaces/lib/libcustom_interfaces__rosidl_typesupport_introspection_cpp.so" to ""
[3.347s] -- Installing: /home/jo/mobile_test/install/custom_interfaces/lib/libcustom_interfaces__rosidl_typesupport_cpp.so
[3.348s] -- Set runtime path of "/home/jo/mobile_test/install/custom_interfaces/lib/libcustom_interfaces__rosidl_typesupport_cpp.so" to ""
[3.373s] Listing '/home/jo/mobile_test/install/custom_interfaces/local/lib/python3.10/dist-packages/custom_interfaces'...
[3.374s] Compiling '/home/jo/mobile_test/install/custom_interfaces/local/lib/python3.10/dist-packages/custom_interfaces/__init__.py'...
[3.374s] Listing '/home/jo/mobile_test/install/custom_interfaces/local/lib/python3.10/dist-packages/custom_interfaces/msg'...
[3.374s] Compiling '/home/jo/mobile_test/install/custom_interfaces/local/lib/python3.10/dist-packages/custom_interfaces/msg/__init__.py'...
[3.374s] Compiling '/home/jo/mobile_test/install/custom_interfaces/local/lib/python3.10/dist-packages/custom_interfaces/msg/_robot_state.py'...
[3.377s] -- Installing: /home/jo/mobile_test/install/custom_interfaces/lib/libcustom_interfaces__rosidl_generator_py.so
[3.378s] -- Set runtime path of "/home/jo/mobile_test/install/custom_interfaces/lib/libcustom_interfaces__rosidl_generator_py.so" to ""
[3.378s] -- Installing: /home/jo/mobile_test/install/custom_interfaces/share/custom_interfaces/cmake/export_custom_interfaces__rosidl_generator_cExport.cmake
[3.378s] -- Installing: /home/jo/mobile_test/install/custom_interfaces/share/custom_interfaces/cmake/export_custom_interfaces__rosidl_generator_cExport-noconfig.cmake
[3.378s] -- Installing: /home/jo/mobile_test/install/custom_interfaces/share/custom_interfaces/cmake/export_custom_interfaces__rosidl_typesupport_fastrtps_cExport.cmake
[3.378s] -- Installing: /home/jo/mobile_test/install/custom_interfaces/share/custom_interfaces/cmake/export_custom_interfaces__rosidl_typesupport_fastrtps_cExport-noconfig.cmake
[3.378s] -- Installing: /home/jo/mobile_test/install/custom_interfaces/share/custom_interfaces/cmake/custom_interfaces__rosidl_typesupport_introspection_cExport.cmake
[3.378s] -- Installing: /home/jo/mobile_test/install/custom_interfaces/share/custom_interfaces/cmake/custom_interfaces__rosidl_typesupport_introspection_cExport-noconfig.cmake
[3.379s] -- Installing: /home/jo/mobile_test/install/custom_interfaces/share/custom_interfaces/cmake/custom_interfaces__rosidl_typesupport_cExport.cmake
[3.379s] -- Installing: /home/jo/mobile_test/install/custom_interfaces/share/custom_interfaces/cmake/custom_interfaces__rosidl_typesupport_cExport-noconfig.cmake
[3.379s] -- Installing: /home/jo/mobile_test/install/custom_interfaces/share/custom_interfaces/cmake/export_custom_interfaces__rosidl_generator_cppExport.cmake
[3.379s] -- Installing: /home/jo/mobile_test/install/custom_interfaces/share/custom_interfaces/cmake/export_custom_interfaces__rosidl_typesupport_fastrtps_cppExport.cmake
[3.379s] -- Installing: /home/jo/mobile_test/install/custom_interfaces/share/custom_interfaces/cmake/export_custom_interfaces__rosidl_typesupport_fastrtps_cppExport-noconfig.cmake
[3.379s] -- Installing: /home/jo/mobile_test/install/custom_interfaces/share/custom_interfaces/cmake/custom_interfaces__rosidl_typesupport_introspection_cppExport.cmake
[3.379s] -- Installing: /home/jo/mobile_test/install/custom_interfaces/share/custom_interfaces/cmake/custom_interfaces__rosidl_typesupport_introspection_cppExport-noconfig.cmake
[3.379s] -- Installing: /home/jo/mobile_test/install/custom_interfaces/share/custom_interfaces/cmake/custom_interfaces__rosidl_typesupport_cppExport.cmake
[3.379s] -- Installing: /home/jo/mobile_test/install/custom_interfaces/share/custom_interfaces/cmake/custom_interfaces__rosidl_typesupport_cppExport-noconfig.cmake
[3.380s] -- Installing: /home/jo/mobile_test/install/custom_interfaces/share/custom_interfaces/cmake/export_custom_interfaces__rosidl_generator_pyExport.cmake
[3.380s] -- Installing: /home/jo/mobile_test/install/custom_interfaces/share/custom_interfaces/cmake/export_custom_interfaces__rosidl_generator_pyExport-noconfig.cmake
[3.382s] Invoked command in '/home/jo/mobile_test/build/custom_interfaces' returned '0': CMAKE_PREFIX_PATH=${CMAKE_PREFIX_PATH}:/home/jo/mobile_test/install/my_bot:/home/jo/mobile_test/install/turtlebot3:/home/jo/mobile_test/install/mobile_controller:/home/jo/mobile_test/install/cmd_initial:/opt/ros/humble /usr/bin/cmake --install /home/jo/mobile_test/build/custom_interfaces
