[0.966s] Invoking command in '/home/jo/mobile_test/build/turtlebot3': PYTHONPATH=/home/jo/mobile_test/build/turtlebot3/prefix_override:/usr/lib/python3/dist-packages/colcon_core/task/python/colcon_distutils_commands:/home/jo/mobile_test/install/turtlebot3/lib/python3.10/site-packages:${PYTHONPATH} /usr/bin/python3 -W ignore:setup.py install is deprecated setup.py develop --editable --build-directory /home/jo/mobile_test/build/turtlebot3/build --no-deps symlink_data
[1.099s] /home/jo/.local/lib/python3.10/site-packages/setuptools/_distutils/dist.py:260: UserWarning: Unknown distribution option: 'tests_require'
[1.099s]   warnings.warn(msg)
[1.230s] running develop
[1.230s] /home/jo/.local/lib/python3.10/site-packages/setuptools/command/develop.py:41: EasyInstallDeprecationWarning: easy_install command is deprecated.
[1.230s] !!
[1.230s] 
[1.230s]         ********************************************************************************
[1.230s]         Please avoid running ``setup.py`` and ``easy_install``.
[1.230s]         Instead, use pypa/build, pypa/installer or other
[1.230s]         standards-based tools.
[1.231s] 
[1.231s]         See https://github.com/pypa/setuptools/issues/917 for details.
[1.231s]         ********************************************************************************
[1.231s] 
[1.231s] !!
[1.231s]   easy_install.initialize_options(self)
[1.399s] running egg_info
[1.409s] writing turtlebot3.egg-info/PKG-INFO
[1.410s] writing dependency_links to turtlebot3.egg-info/dependency_links.txt
[1.410s] writing requirements to turtlebot3.egg-info/requires.txt
[1.410s] writing top-level names to turtlebot3.egg-info/top_level.txt
[1.432s] reading manifest file 'turtlebot3.egg-info/SOURCES.txt'
[1.433s] writing manifest file 'turtlebot3.egg-info/SOURCES.txt'
[1.444s] running build_ext
[1.445s] Creating /home/jo/mobile_test/install/turtlebot3/lib/python3.10/site-packages/turtlebot3.egg-link (link to .)
[1.446s] 
[1.446s] Installed /home/jo/mobile_test/build/turtlebot3
[1.446s] running symlink_data
[1.469s] Invoked command in '/home/jo/mobile_test/build/turtlebot3' returned '0': PYTHONPATH=/home/jo/mobile_test/build/turtlebot3/prefix_override:/usr/lib/python3/dist-packages/colcon_core/task/python/colcon_distutils_commands:/home/jo/mobile_test/install/turtlebot3/lib/python3.10/site-packages:${PYTHONPATH} /usr/bin/python3 -W ignore:setup.py install is deprecated setup.py develop --editable --build-directory /home/jo/mobile_test/build/turtlebot3/build --no-deps symlink_data
