[0.903s] Invoking command in '/home/jo/mobile_test/build/turtlebot3': PYTHONPATH=/home/jo/mobile_test/build/turtlebot3/prefix_override:/usr/lib/python3/dist-packages/colcon_core/task/python/colcon_distutils_commands:/home/jo/mobile_test/install/turtlebot3/lib/python3.10/site-packages:${PYTHONPATH} /usr/bin/python3 -W ignore:setup.py install is deprecated setup.py develop --editable --build-directory /home/jo/mobile_test/build/turtlebot3/build --no-deps symlink_data
[1.010s] /home/jo/.local/lib/python3.10/site-packages/setuptools/_distutils/dist.py:260: UserWarning: Unknown distribution option: 'tests_require'
[1.010s]   warnings.warn(msg)
[1.126s] running develop
[1.126s] /home/jo/.local/lib/python3.10/site-packages/setuptools/command/develop.py:41: EasyInstallDeprecationWarning: easy_install command is deprecated.
[1.126s] !!
[1.126s] 
[1.126s]         ********************************************************************************
[1.126s]         Please avoid running ``setup.py`` and ``easy_install``.
[1.127s]         Instead, use pypa/build, pypa/installer or other
[1.127s]         standards-based tools.
[1.127s] 
[1.127s]         See https://github.com/pypa/setuptools/issues/917 for details.
[1.127s]         ********************************************************************************
[1.127s] 
[1.127s] !!
[1.127s]   easy_install.initialize_options(self)
[1.269s] running egg_info
[1.269s] creating turtlebot3.egg-info
[1.279s] writing turtlebot3.egg-info/PKG-INFO
[1.279s] writing dependency_links to turtlebot3.egg-info/dependency_links.txt
[1.279s] writing requirements to turtlebot3.egg-info/requires.txt
[1.280s] writing top-level names to turtlebot3.egg-info/top_level.txt
[1.280s] writing manifest file 'turtlebot3.egg-info/SOURCES.txt'
[1.301s] reading manifest file 'turtlebot3.egg-info/SOURCES.txt'
[1.302s] writing manifest file 'turtlebot3.egg-info/SOURCES.txt'
[1.313s] running build_ext
[1.313s] Creating /home/jo/mobile_test/install/turtlebot3/lib/python3.10/site-packages/turtlebot3.egg-link (link to .)
[1.314s] 
[1.314s] Installed /home/jo/mobile_test/build/turtlebot3
[1.314s] running symlink_data
[1.314s] creating /home/jo/mobile_test/install/turtlebot3/share/ament_index
[1.314s] creating /home/jo/mobile_test/install/turtlebot3/share/ament_index/resource_index
[1.314s] creating /home/jo/mobile_test/install/turtlebot3/share/ament_index/resource_index/packages
[1.314s] symbolically linking /home/jo/mobile_test/build/turtlebot3/resource/turtlebot3 -> /home/jo/mobile_test/install/turtlebot3/share/ament_index/resource_index/packages
[1.314s] symbolically linking /home/jo/mobile_test/build/turtlebot3/package.xml -> /home/jo/mobile_test/install/turtlebot3/share/turtlebot3
[1.475s] Invoked command in '/home/jo/mobile_test/build/turtlebot3' returned '0': PYTHONPATH=/home/jo/mobile_test/build/turtlebot3/prefix_override:/usr/lib/python3/dist-packages/colcon_core/task/python/colcon_distutils_commands:/home/jo/mobile_test/install/turtlebot3/lib/python3.10/site-packages:${PYTHONPATH} /usr/bin/python3 -W ignore:setup.py install is deprecated setup.py develop --editable --build-directory /home/jo/mobile_test/build/turtlebot3/build --no-deps symlink_data
