[0.768s] Invoking command in '/home/jo/mobile_test/build/cmd_initial': PYTHONPATH=/home/jo/mobile_test/build/cmd_initial/prefix_override:/usr/lib/python3/dist-packages/colcon_core/task/python/colcon_distutils_commands:/home/jo/mobile_test/install/cmd_initial/lib/python3.10/site-packages:${PYTHONPATH} /usr/bin/python3 -W ignore:setup.py install is deprecated setup.py develop --editable --build-directory /home/jo/mobile_test/build/cmd_initial/build --no-deps symlink_data
[0.871s] /home/jo/.local/lib/python3.10/site-packages/setuptools/_distutils/dist.py:260: UserWarning: Unknown distribution option: 'tests_require'
[0.871s]   warnings.warn(msg)
[0.987s] running develop
[0.989s] /home/jo/.local/lib/python3.10/site-packages/setuptools/command/develop.py:41: EasyInstallDeprecationWarning: easy_install command is deprecated.
[0.989s] !!
[0.989s] 
[0.989s]         ********************************************************************************
[0.989s]         Please avoid running ``setup.py`` and ``easy_install``.
[0.989s]         Instead, use pypa/build, pypa/installer or other
[0.989s]         standards-based tools.
[0.990s] 
[0.990s]         See https://github.com/pypa/setuptools/issues/917 for details.
[0.990s]         ********************************************************************************
[0.990s] 
[0.990s] !!
[0.990s]   easy_install.initialize_options(self)
[1.139s] running egg_info
[1.149s] writing cmd_initial.egg-info/PKG-INFO
[1.150s] writing dependency_links to cmd_initial.egg-info/dependency_links.txt
[1.150s] writing entry points to cmd_initial.egg-info/entry_points.txt
[1.150s] writing requirements to cmd_initial.egg-info/requires.txt
[1.150s] writing top-level names to cmd_initial.egg-info/top_level.txt
[1.173s] reading manifest file 'cmd_initial.egg-info/SOURCES.txt'
[1.174s] writing manifest file 'cmd_initial.egg-info/SOURCES.txt'
[1.185s] running build_ext
[1.185s] Creating /home/jo/mobile_test/install/cmd_initial/lib/python3.10/site-packages/cmd-initial.egg-link (link to .)
[1.186s] Installing initial_cmd script to /home/jo/mobile_test/install/cmd_initial/lib/cmd_initial
[1.186s] 
[1.186s] Installed /home/jo/mobile_test/build/cmd_initial
[1.186s] running symlink_data
[1.224s] Invoked command in '/home/jo/mobile_test/build/cmd_initial' returned '0': PYTHONPATH=/home/jo/mobile_test/build/cmd_initial/prefix_override:/usr/lib/python3/dist-packages/colcon_core/task/python/colcon_distutils_commands:/home/jo/mobile_test/install/cmd_initial/lib/python3.10/site-packages:${PYTHONPATH} /usr/bin/python3 -W ignore:setup.py install is deprecated setup.py develop --editable --build-directory /home/jo/mobile_test/build/cmd_initial/build --no-deps symlink_data
