[0.511s] Invoking command in '/home/jo/mobile_test/build/my_bot': AMENT_PREFIX_PATH=/home/jo/mobile_test/install/turtlebot3_description:${AMENT_PREFIX_PATH} CMAKE_PREFIX_PATH=/home/jo/mobile_test/install/turtlebot3_description PYTHONPATH=/home/jo/mobile_test/build/my_bot/prefix_override:/usr/lib/python3/dist-packages/colcon_core/task/python/colcon_distutils_commands:/home/jo/mobile_test/install/my_bot/lib/python3.10/site-packages:${PYTHONPATH} /usr/bin/python3 -W ignore:setup.py install is deprecated setup.py develop --uninstall --editable --build-directory /home/jo/mobile_test/build/my_bot/build
[0.614s] /home/jo/.local/lib/python3.10/site-packages/setuptools/_distutils/dist.py:260: UserWarning: Unknown distribution option: 'tests_require'
[0.614s]   warnings.warn(msg)
[0.716s] running develop
[0.716s] /home/jo/.local/lib/python3.10/site-packages/setuptools/command/develop.py:41: EasyInstallDeprecationWarning: easy_install command is deprecated.
[0.716s] !!
[0.716s] 
[0.716s]         ********************************************************************************
[0.716s]         Please avoid running ``setup.py`` and ``easy_install``.
[0.716s]         Instead, use pypa/build, pypa/installer or other
[0.716s]         standards-based tools.
[0.716s] 
[0.716s]         See https://github.com/pypa/setuptools/issues/917 for details.
[0.717s]         ********************************************************************************
[0.717s] 
[0.717s] !!
[0.717s]   easy_install.initialize_options(self)
[0.865s] Removing /home/jo/mobile_test/install/my_bot/lib/python3.10/site-packages/my-bot.egg-link (link to .)
[0.950s] Invoked command in '/home/jo/mobile_test/build/my_bot' returned '0': AMENT_PREFIX_PATH=/home/jo/mobile_test/install/turtlebot3_description:${AMENT_PREFIX_PATH} CMAKE_PREFIX_PATH=/home/jo/mobile_test/install/turtlebot3_description PYTHONPATH=/home/jo/mobile_test/build/my_bot/prefix_override:/usr/lib/python3/dist-packages/colcon_core/task/python/colcon_distutils_commands:/home/jo/mobile_test/install/my_bot/lib/python3.10/site-packages:${PYTHONPATH} /usr/bin/python3 -W ignore:setup.py install is deprecated setup.py develop --uninstall --editable --build-directory /home/jo/mobile_test/build/my_bot/build
[0.952s] Invoking command in '/home/jo/mobile_test/src/my_bot': AMENT_PREFIX_PATH=/home/jo/mobile_test/install/turtlebot3_description:${AMENT_PREFIX_PATH} CMAKE_PREFIX_PATH=/home/jo/mobile_test/install/turtlebot3_description PYTHONPATH=/home/jo/mobile_test/build/my_bot/prefix_override:/usr/lib/python3/dist-packages/colcon_core/task/python/colcon_distutils_commands:/home/jo/mobile_test/install/my_bot/lib/python3.10/site-packages:${PYTHONPATH} /usr/bin/python3 -W ignore:setup.py install is deprecated setup.py egg_info --egg-base ../../build/my_bot build --build-base /home/jo/mobile_test/build/my_bot/build install --record /home/jo/mobile_test/build/my_bot/install.log --single-version-externally-managed install_data --force
[1.062s] /home/jo/.local/lib/python3.10/site-packages/setuptools/_distutils/dist.py:260: UserWarning: Unknown distribution option: 'tests_require'
[1.062s]   warnings.warn(msg)
[1.130s] running egg_info
[1.140s] writing ../../build/my_bot/my_bot.egg-info/PKG-INFO
[1.140s] writing dependency_links to ../../build/my_bot/my_bot.egg-info/dependency_links.txt
[1.141s] writing requirements to ../../build/my_bot/my_bot.egg-info/requires.txt
[1.141s] writing top-level names to ../../build/my_bot/my_bot.egg-info/top_level.txt
[1.152s] reading manifest file '../../build/my_bot/my_bot.egg-info/SOURCES.txt'
[1.152s] adding license file 'LICENSE.md'
[1.153s] writing manifest file '../../build/my_bot/my_bot.egg-info/SOURCES.txt'
[1.153s] running build
[1.153s] running install
[1.156s] running install_data
[1.157s] copying resource/my_bot -> /home/jo/mobile_test/install/my_bot/share/ament_index/resource_index/packages
[1.157s] copying package.xml -> /home/jo/mobile_test/install/my_bot/share/my_bot
[1.157s] copying launch/controller.launch.py -> /home/jo/mobile_test/install/my_bot/share/my_bot/launch
[1.157s] copying launch/rsp.launch.py -> /home/jo/mobile_test/install/my_bot/share/my_bot/launch
[1.157s] copying launch/multi_turtle3.launch.py -> /home/jo/mobile_test/install/my_bot/share/my_bot/launch
[1.157s] running install_egg_info
[1.182s] Copying ../../build/my_bot/my_bot.egg-info to /home/jo/mobile_test/install/my_bot/lib/python3.10/site-packages/my_bot-0.0.0-py3.10.egg-info
[1.182s] running install_scripts
[1.275s] writing list of installed files to '/home/jo/mobile_test/build/my_bot/install.log'
[1.304s] Invoked command in '/home/jo/mobile_test/src/my_bot' returned '0': AMENT_PREFIX_PATH=/home/jo/mobile_test/install/turtlebot3_description:${AMENT_PREFIX_PATH} CMAKE_PREFIX_PATH=/home/jo/mobile_test/install/turtlebot3_description PYTHONPATH=/home/jo/mobile_test/build/my_bot/prefix_override:/usr/lib/python3/dist-packages/colcon_core/task/python/colcon_distutils_commands:/home/jo/mobile_test/install/my_bot/lib/python3.10/site-packages:${PYTHONPATH} /usr/bin/python3 -W ignore:setup.py install is deprecated setup.py egg_info --egg-base ../../build/my_bot build --build-base /home/jo/mobile_test/build/my_bot/build install --record /home/jo/mobile_test/build/my_bot/install.log --single-version-externally-managed install_data --force
