[0.547s] Invoking command in '/home/jo/mobile_test/build/my_bot': PYTHONPATH=/home/jo/mobile_test/build/my_bot/prefix_override:/usr/lib/python3/dist-packages/colcon_core/task/python/colcon_distutils_commands:/home/jo/mobile_test/install/my_bot/lib/python3.10/site-packages:${PYTHONPATH} /usr/bin/python3 -W ignore:setup.py install is deprecated setup.py develop --editable --build-directory /home/jo/mobile_test/build/my_bot/build --no-deps symlink_data
[0.670s] /home/jo/.local/lib/python3.10/site-packages/setuptools/_distutils/dist.py:260: UserWarning: Unknown distribution option: 'tests_require'
[0.670s]   warnings.warn(msg)
[0.793s] running develop
[0.793s] /home/jo/.local/lib/python3.10/site-packages/setuptools/command/develop.py:41: EasyInstallDeprecationWarning: easy_install command is deprecated.
[0.793s] !!
[0.793s] 
[0.793s]         ********************************************************************************
[0.793s]         Please avoid running ``setup.py`` and ``easy_install``.
[0.794s]         Instead, use pypa/build, pypa/installer or other
[0.794s]         standards-based tools.
[0.794s] 
[0.794s]         See https://github.com/pypa/setuptools/issues/917 for details.
[0.794s]         ********************************************************************************
[0.794s] 
[0.794s] !!
[0.794s]   easy_install.initialize_options(self)
[0.943s] running egg_info
[0.953s] writing my_bot.egg-info/PKG-INFO
[0.953s] writing dependency_links to my_bot.egg-info/dependency_links.txt
[0.954s] writing requirements to my_bot.egg-info/requires.txt
[0.954s] writing top-level names to my_bot.egg-info/top_level.txt
[0.965s] reading manifest file 'my_bot.egg-info/SOURCES.txt'
[0.965s] writing manifest file 'my_bot.egg-info/SOURCES.txt'
[0.977s] running build_ext
[0.986s] Creating /home/jo/mobile_test/install/my_bot/lib/python3.10/site-packages/my-bot.egg-link (link to .)
[0.987s] 
[0.987s] Installed /home/jo/mobile_test/build/my_bot
[0.987s] running symlink_data
[1.008s] Invoked command in '/home/jo/mobile_test/build/my_bot' returned '0': PYTHONPATH=/home/jo/mobile_test/build/my_bot/prefix_override:/usr/lib/python3/dist-packages/colcon_core/task/python/colcon_distutils_commands:/home/jo/mobile_test/install/my_bot/lib/python3.10/site-packages:${PYTHONPATH} /usr/bin/python3 -W ignore:setup.py install is deprecated setup.py develop --editable --build-directory /home/jo/mobile_test/build/my_bot/build --no-deps symlink_data
